[
  {
    "number": 5011,
    "project_path": "currentversion\\currentversion.csproj",
    "project_style": "SDK-style",
    "target_frameworks": [
      "net10.0"
    ],
    "packages": [
      "coverlet.collector=6.0.4",
      "Fhi.ClientCredentials.TestSupport=3.3.0",
      "Microsoft.NET.Test.Sdk=18.0.1",
      "NUnit=4.5.0-alpha.0.35",
      "NUnit.Analyzers=4.11.2",
      "NUnit3TestAdapter=6.1.1-alpha.2"
    ],
    "update_result": "Success",
    "update_output": "[Issue5011\\currentversion\\currentversion.csproj]\nDiscovering projects...\r\nAnalyzing project(s)...\r\nAnalyzing dependencies...\r\n\u00C2\u00BB currentversion\r\n  [net10.0]\r\n  NUnit  4.5.0-alpha.0.35 -\u003E 4.5.0-alpha.0.36\r\n\r\nVersion color legend:\r\n\u003Cred\u003E   : Major version update or pre-release version. Possible breaking changes.\r\n\u003Cyellow\u003E: Minor version update. Backwards-compatible features added.\r\n\u003Cgreen\u003E : Patch version update. Backwards-compatible bug fixes.\r\n\r\nUpgrading package NUnit...\r\nProject currentversion [net10.0] upgraded successfully\r\n\r\nElapsed: 00:00:05.3624269\r\n\n\n[Issue5011\\lastversion\\lastversion.csproj]\nDiscovering projects...\r\nAnalyzing project(s)...\r\nAnalyzing dependencies...\r\n\u00C2\u00BB lastversion\r\n  [net10.0]\r\n  NUnit  4.5.0-alpha.0.35 -\u003E 4.5.0-alpha.0.36\r\n\r\nVersion color legend:\r\n\u003Cred\u003E   : Major version update or pre-release version. Possible breaking changes.\r\n\u003Cyellow\u003E: Minor version update. Backwards-compatible features added.\r\n\u003Cgreen\u003E : Patch version update. Backwards-compatible bug fixes.\r\n\r\nUpgrading package NUnit...\r\nProject lastversion [net10.0] upgraded successfully\r\n\r\nElapsed: 00:00:05.3846072\r\n",
    "update_error": "",
    "restore_result": "Success",
    "restore_output": "  Determining projects to restore...\r\n  Restored C:\\repos\\nunit\\nunit.issues\\Issue5011\\lastversion\\lastversion.csproj (in 321 ms).\r\n",
    "restore_error": "",
    "build_result": "Success",
    "build_output": "C:\\repos\\nunit\\nunit.issues\\Issue5011\\lastversion\\ReproAgain.cs(157,38): warning CS8602: Dereference of a possibly null reference. [C:\\repos\\nunit\\nunit.issues\\Issue5011\\lastversion\\lastversion.csproj]\r\nC:\\repos\\nunit\\nunit.issues\\Issue5011\\lastversion\\ReproAgain.cs(46,38): warning CS8602: Dereference of a possibly null reference. [C:\\repos\\nunit\\nunit.issues\\Issue5011\\lastversion\\lastversion.csproj]\r\nC:\\repos\\nunit\\nunit.issues\\Issue5011\\lastversion\\NUnitConstraintsTestBase.cs(88,38): warning CS8602: Dereference of a possibly null reference. [C:\\repos\\nunit\\nunit.issues\\Issue5011\\lastversion\\lastversion.csproj]\r\nC:\\repos\\nunit\\nunit.issues\\Issue5011\\lastversion\\Issue5011ReproductionTest.cs(148,38): warning CS8602: Dereference of a possibly null reference. [C:\\repos\\nunit\\nunit.issues\\Issue5011\\lastversion\\lastversion.csproj]\r\nC:\\repos\\nunit\\nunit.issues\\Issue5011\\lastversion\\NUnitConstraintsTestBase.cs(412,33): warning CS8600: Converting null literal or possible null value to non-nullable type. [C:\\repos\\nunit\\nunit.issues\\Issue5011\\lastversion\\lastversion.csproj]\r\nC:\\repos\\nunit\\nunit.issues\\Issue5011\\lastversion\\NUnitConstraintsTestBase.cs(751,36): warning CS8600: Converting null literal or possible null value to non-nullable type. [C:\\repos\\nunit\\nunit.issues\\Issue5011\\lastversion\\lastversion.csproj]\r\nC:\\repos\\nunit\\nunit.issues\\Issue5011\\lastversion\\NUnitConstraintsTestBase.cs(815,21): warning CS0219: The variable \u0027x\u0027 is assigned but its value is never used [C:\\repos\\nunit\\nunit.issues\\Issue5011\\lastversion\\lastversion.csproj]\r\nC:\\repos\\nunit\\nunit.issues\\Issue5011\\lastversion\\NUnitConstraintsTestBase.cs(117,29): warning NUnit2007: The actual value should not be a constant - perhaps the actual value and the expected value have switched places (https://github.com/nunit/nunit.analyzers/tree/master/documentation/NUnit2007.md) [C:\\repos\\nunit\\nunit.issues\\Issue5011\\lastversion\\lastversion.csproj]\r\nC:\\repos\\nunit\\nunit.issues\\Issue5011\\lastversion\\NUnitConstraintsTestBase.cs(118,29): warning NUnit2007: The actual value should not be a constant - perhaps the actual value and the expected value have switched places (https://github.com/nunit/nunit.analyzers/tree/master/documentation/NUnit2007.md) [C:\\repos\\nunit\\nunit.issues\\Issue5011\\lastversion\\lastversion.csproj]\r\nC:\\repos\\nunit\\nunit.issues\\Issue5011\\lastversion\\NUnitConstraintsTestBase.cs(119,29): warning NUnit2007: The actual value should not be a constant - perhaps the actual value and the expected value have switched places (https://github.com/nunit/nunit.analyzers/tree/master/documentation/NUnit2007.md) [C:\\repos\\nunit\\nunit.issues\\Issue5011\\lastversion\\lastversion.csproj]\r\nC:\\repos\\nunit\\nunit.issues\\Issue5011\\lastversion\\NUnitConstraintsTestBase.cs(118,49): warning NUnit2009: The actual and the expected argument is the same \u0027\u0022hello\u0022\u0027 (https://github.com/nunit/nunit.analyzers/tree/master/documentation/NUnit2009.md) [C:\\repos\\nunit\\nunit.issues\\Issue5011\\lastversion\\lastversion.csproj]\r\nC:\\repos\\nunit\\nunit.issues\\Issue5011\\lastversion\\NUnitConstraintsTestBase.cs(302,25): warning NUnit2007: The actual value should not be a constant - perhaps the actual value and the expected value have switched places (https://github.com/nunit/nunit.analyzers/tree/master/documentation/NUnit2007.md) [C:\\repos\\nunit\\nunit.issues\\Issue5011\\lastversion\\lastversion.csproj]\r\nC:\\repos\\nunit\\nunit.issues\\Issue5011\\lastversion\\NUnitConstraintsTestBase.cs(303,25): warning NUnit2007: The actual value should not be a constant - perhaps the actual value and the expected value have switched places (https://github.com/nunit/nunit.analyzers/tree/master/documentation/NUnit2007.md) [C:\\repos\\nunit\\nunit.issues\\Issue5011\\lastversion\\lastversion.csproj]\r\nC:\\repos\\nunit\\nunit.issues\\Issue5011\\lastversion\\NUnitConstraintsTestBase.cs(304,25): warning NUnit2007: The actual value should not be a constant - perhaps the actual value and the expected value have switched places (https://github.com/nunit/nunit.analyzers/tree/master/documentation/NUnit2007.md) [C:\\repos\\nunit\\nunit.issues\\Issue5011\\lastversion\\lastversion.csproj]\r\nC:\\repos\\nunit\\nunit.issues\\Issue5011\\lastversion\\NUnitConstraintsTestBase.cs(302,40): warning NUnit2009: The actual and the expected argument is the same \u002742\u0027 (https://github.com/nunit/nunit.analyzers/tree/master/documentation/NUnit2009.md) [C:\\repos\\nunit\\nunit.issues\\Issue5011\\lastversion\\lastversion.csproj]\r\nC:\\repos\\nunit\\nunit.issues\\Issue5011\\lastversion\\NUnitConstraintsTestBase.cs(303,45): warning NUnit2009: The actual and the expected argument is the same \u0027\u0022hello\u0022\u0027 (https://github.com/nunit/nunit.analyzers/tree/master/documentation/NUnit2009.md) [C:\\repos\\nunit\\nunit.issues\\Issue5011\\lastversion\\lastversion.csproj]\r\nC:\\repos\\nunit\\nunit.issues\\Issue5011\\lastversion\\NUnitConstraintsTestBase.cs(304,42): warning NUnit2009: The actual and the expected argument is the same \u00273.14\u0027 (https://github.com/nunit/nunit.analyzers/tree/master/documentation/NUnit2009.md) [C:\\repos\\nunit\\nunit.issues\\Issue5011\\lastversion\\lastversion.csproj]\r\nC:\\repos\\nunit\\nunit.issues\\Issue5011\\lastversion\\NUnitConstraintsTestBase.cs(311,25): warning NUnit2007: The actual value should not be a constant - perhaps the actual value and the expected value have switched places (https://github.com/nunit/nunit.analyzers/tree/master/documentation/NUnit2007.md) [C:\\repos\\nunit\\nunit.issues\\Issue5011\\lastversion\\lastversion.csproj]\r\nC:\\repos\\nunit\\nunit.issues\\Issue5011\\lastversion\\NUnitConstraintsTestBase.cs(312,25): warning NUnit2007: The actual value should not be a constant - perhaps the actual value and the expected value have switched places (https://github.com/nunit/nunit.analyzers/tree/master/documentation/NUnit2007.md) [C:\\repos\\nunit\\nunit.issues\\Issue5011\\lastversion\\lastversion.csproj]\r\nC:\\repos\\nunit\\nunit.issues\\Issue5011\\lastversion\\NUnitConstraintsTestBase.cs(320,40): warning NUnit2009: The actual and the expected argument is the same \u0027obj\u0027 (https://github.com/nunit/nunit.analyzers/tree/master/documentation/NUnit2009.md) [C:\\repos\\nunit\\nunit.issues\\Issue5011\\lastversion\\lastversion.csproj]\r\nC:\\repos\\nunit\\nunit.issues\\Issue5011\\lastversion\\NUnitConstraintsTestBase.cs(340,25): warning NUnit2007: The actual value should not be a constant - perhaps the actual value and the expected value have switched places (https://github.com/nunit/nunit.analyzers/tree/master/documentation/NUnit2007.md) [C:\\repos\\nunit\\nunit.issues\\Issue5011\\lastversion\\lastversion.csproj]\r\nC:\\repos\\nunit\\nunit.issues\\Issue5011\\lastversion\\NUnitConstraintsTestBase.cs(341,25): warning NUnit2007: The actual value should not be a constant - perhaps the actual value and the expected value have switched places (https://github.com/nunit/nunit.analyzers/tree/master/documentation/NUnit2007.md) [C:\\repos\\nunit\\nunit.issues\\Issue5011\\lastversion\\lastversion.csproj]\r\nC:\\repos\\nunit\\nunit.issues\\Issue5011\\lastversion\\NUnitConstraintsTestBase.cs(348,25): warning NUnit2007: The actual value should not be a constant - perhaps the actual value and the expected value have switched places (https://github.com/nunit/nunit.analyzers/tree/master/documentation/NUnit2007.md) [C:\\repos\\nunit\\nunit.issues\\Issue5011\\lastversion\\lastversion.csproj]\r\nC:\\repos\\nunit\\nunit.issues\\Issue5011\\lastversion\\NUnitConstraintsTestBase.cs(349,25): warning NUnit2007: The actual value should not be a constant - perhaps the actual value and the expected value have switched places (https://github.com/nunit/nunit.analyzers/tree/master/documentation/NUnit2007.md) [C:\\repos\\nunit\\nunit.issues\\Issue5011\\lastversion\\lastversion.csproj]\r\nC:\\repos\\nunit\\nunit.issues\\Issue5011\\lastversion\\NUnitConstraintsTestBase.cs(348,53): warning NUnit2009: The actual and the expected argument is the same \u002710\u0027 (https://github.com/nunit/nunit.analyzers/tree/master/documentation/NUnit2009.md) [C:\\repos\\nunit\\nunit.issues\\Issue5011\\lastversion\\lastversion.csproj]\r\nC:\\repos\\nunit\\nunit.issues\\Issue5011\\lastversion\\NUnitConstraintsTestBase.cs(356,25): warning NUnit2007: The actual value should not be a constant - perhaps the actual value and the expected value have switched places (https://github.com/nunit/nunit.analyzers/tree/master/documentation/NUnit2007.md) [C:\\repos\\nunit\\nunit.issues\\Issue5011\\lastversion\\lastversion.csproj]\r\nC:\\repos\\nunit\\nunit.issues\\Issue5011\\lastversion\\NUnitConstraintsTestBase.cs(357,25): warning NUnit2007: The actual value should not be a constant - perhaps the actual value and the expected value have switched places (https://github.com/nunit/nunit.analyzers/tree/master/documentation/NUnit2007.md) [C:\\repos\\nunit\\nunit.issues\\Issue5011\\lastversion\\lastversion.csproj]\r\nC:\\repos\\nunit\\nunit.issues\\Issue5011\\lastversion\\NUnitConstraintsTestBase.cs(356,40): warning NUnit2009: The actual and the expected argument is the same \u002710\u0027 (https://github.com/nunit/nunit.analyzers/tree/master/documentation/NUnit2009.md) [C:\\repos\\nunit\\nunit.issues\\Issue5011\\lastversion\\lastversion.csproj]\r\nC:\\repos\\nunit\\nunit.issues\\Issue5011\\lastversion\\NUnitConstraintsTestBase.cs(364,25): warning NUnit2007: The actual value should not be a constant - perhaps the actual value and the expected value have switched places (https://github.com/nunit/nunit.analyzers/tree/master/documentation/NUnit2007.md) [C:\\repos\\nunit\\nunit.issues\\Issue5011\\lastversion\\lastversion.csproj]\r\nC:\\repos\\nunit\\nunit.issues\\Issue5011\\lastversion\\NUnitConstraintsTestBase.cs(365,25): warning NUnit2007: The actual value should not be a constant - perhaps the actual value and the expected value have switched places (https://github.com/nunit/nunit.analyzers/tree/master/documentation/NUnit2007.md) [C:\\repos\\nunit\\nunit.issues\\Issue5011\\lastversion\\lastversion.csproj]\r\nC:\\repos\\nunit\\nunit.issues\\Issue5011\\lastversion\\NUnitConstraintsTestBase.cs(372,25): warning NUnit2007: The actual value should not be a constant - perhaps the actual value and the expected value have switched places (https://github.com/nunit/nunit.analyzers/tree/master/documentation/NUnit2007.md) [C:\\repos\\nunit\\nunit.issues\\Issue5011\\lastversion\\lastversion.csproj]\r\nC:\\repos\\nunit\\nunit.issues\\Issue5011\\lastversion\\NUnitConstraintsTestBase.cs(373,25): warning NUnit2007: The actual value should not be a constant - perhaps the actual value and the expected value have switched places (https://github.com/nunit/nunit.analyzers/tree/master/documentation/NUnit2007.md) [C:\\repos\\nunit\\nunit.issues\\Issue5011\\lastversion\\lastversion.csproj]\r\nC:\\repos\\nunit\\nunit.issues\\Issue5011\\lastversion\\NUnitConstraintsTestBase.cs(372,50): warning NUnit2009: The actual and the expected argument is the same \u002710\u0027 (https://github.com/nunit/nunit.analyzers/tree/master/documentation/NUnit2009.md) [C:\\repos\\nunit\\nunit.issues\\Issue5011\\lastversion\\lastversion.csproj]\r\nC:\\repos\\nunit\\nunit.issues\\Issue5011\\lastversion\\NUnitConstraintsTestBase.cs(380,25): warning NUnit2007: The actual value should not be a constant - perhaps the actual value and the expected value have switched places (https://github.com/nunit/nunit.analyzers/tree/master/documentation/NUnit2007.md) [C:\\repos\\nunit\\nunit.issues\\Issue5011\\lastversion\\lastversion.csproj]\r\nC:\\repos\\nunit\\nunit.issues\\Issue5011\\lastversion\\NUnitConstraintsTestBase.cs(381,25): warning NUnit2007: The actual value should not be a constant - perhaps the actual value and the expected value have switched places (https://github.com/nunit/nunit.analyzers/tree/master/documentation/NUnit2007.md) [C:\\repos\\nunit\\nunit.issues\\Issue5011\\lastversion\\lastversion.csproj]\r\nC:\\repos\\nunit\\nunit.issues\\Issue5011\\lastversion\\NUnitConstraintsTestBase.cs(380,39): warning NUnit2009: The actual and the expected argument is the same \u002710\u0027 (https://github.com/nunit/nunit.analyzers/tree/master/documentation/NUnit2009.md) [C:\\repos\\nunit\\nunit.issues\\Issue5011\\lastversion\\lastversion.csproj]\r\nC:\\repos\\nunit\\nunit.issues\\Issue5011\\lastversion\\NUnitConstraintsTestBase.cs(392,25): warning NUnit2007: The actual value should not be a constant - perhaps the actual value and the expected value have switched places (https://github.com/nunit/nunit.analyzers/tree/master/documentation/NUnit2007.md) [C:\\repos\\nunit\\nunit.issues\\Issue5011\\lastversion\\lastversion.csproj]\r\nC:\\repos\\nunit\\nunit.issues\\Issue5011\\lastversion\\NUnitConstraintsTestBase.cs(393,25): warning NUnit2007: The actual value should not be a constant - perhaps the actual value and the expected value have switched places (https://github.com/nunit/nunit.analyzers/tree/master/documentation/NUnit2007.md) [C:\\repos\\nunit\\nunit.issues\\Issue5011\\lastversion\\lastversion.csproj]\r\nC:\\repos\\nunit\\nunit.issues\\Issue5011\\lastversion\\NUnitConstraintsTestBase.cs(400,25): warning NUnit2007: The actual value should not be a constant - perhaps the actual value and the expected value have switched places (https://github.com/nunit/nunit.analyzers/tree/master/documentation/NUnit2007.md) [C:\\repos\\nunit\\nunit.issues\\Issue5011\\lastversion\\lastversion.csproj]\r\nC:\\repos\\nunit\\nunit.issues\\Issue5011\\lastversion\\NUnitConstraintsTestBase.cs(401,25): warning NUnit2007: The actual value should not be a constant - perhaps the actual value and the expected value have switched places (https://github.com/nunit/nunit.analyzers/tree/master/documentation/NUnit2007.md) [C:\\repos\\nunit\\nunit.issues\\Issue5011\\lastversion\\lastversion.csproj]\r\nC:\\repos\\nunit\\nunit.issues\\Issue5011\\lastversion\\NUnitConstraintsTestBase.cs(432,25): warning NUnit2007: The actual value should not be a constant - perhaps the actual value and the expected value have switched places (https://github.com/nunit/nunit.analyzers/tree/master/documentation/NUnit2007.md) [C:\\repos\\nunit\\nunit.issues\\Issue5011\\lastversion\\lastversion.csproj]\r\nC:\\repos\\nunit\\nunit.issues\\Issue5011\\lastversion\\NUnitConstraintsTestBase.cs(433,25): warning NUnit2007: The actual value should not be a constant - perhaps the actual value and the expected value have switched places (https://github.com/nunit/nunit.analyzers/tree/master/documentation/NUnit2007.md) [C:\\repos\\nunit\\nunit.issues\\Issue5011\\lastversion\\lastversion.csproj]\r\nC:\\repos\\nunit\\nunit.issues\\Issue5011\\lastversion\\NUnitConstraintsTestBase.cs(440,25): warning NUnit2007: The actual value should not be a constant - perhaps the actual value and the expected value have switched places (https://github.com/nunit/nunit.analyzers/tree/master/documentation/NUnit2007.md) [C:\\repos\\nunit\\nunit.issues\\Issue5011\\lastversion\\lastversion.csproj]\r\nC:\\repos\\nunit\\nunit.issues\\Issue5011\\lastversion\\NUnitConstraintsTestBase.cs(441,25): warning NUnit2007: The actual value should not be a constant - perhaps the actual value and the expected value have switched places (https://github.com/nunit/nunit.analyzers/tree/master/documentation/NUnit2007.md) [C:\\repos\\nunit\\nunit.issues\\Issue5011\\lastversion\\lastversion.csproj]\r\nC:\\repos\\nunit\\nunit.issues\\Issue5011\\lastversion\\NUnitConstraintsTestBase.cs(448,25): warning NUnit2007: The actual value should not be a constant - perhaps the actual value and the expected value have switched places (https://github.com/nunit/nunit.analyzers/tree/master/documentation/NUnit2007.md) [C:\\repos\\nunit\\nunit.issues\\Issue5011\\lastversion\\lastversion.csproj]\r\nC:\\repos\\nunit\\nunit.issues\\Issue5011\\lastversion\\NUnitConstraintsTestBase.cs(449,25): warning NUnit2007: The actual value should not be a constant - perhaps the actual value and the expected value have switched places (https://github.com/nunit/nunit.analyzers/tree/master/documentation/NUnit2007.md) [C:\\repos\\nunit\\nunit.issues\\Issue5011\\lastversion\\lastversion.csproj]\r\nC:\\repos\\nunit\\nunit.issues\\Issue5011\\lastversion\\NUnitConstraintsTestBase.cs(456,25): warning NUnit2007: The actual value should not be a constant - perhaps the actual value and the expected value have switched places (https://github.com/nunit/nunit.analyzers/tree/master/documentation/NUnit2007.md) [C:\\repos\\nunit\\nunit.issues\\Issue5011\\lastversion\\lastversion.csproj]\r\nC:\\repos\\nunit\\nunit.issues\\Issue5011\\lastversion\\NUnitConstraintsTestBase.cs(457,25): warning NUnit2007: The actual value should not be a constant - perhaps the actual value and the expected value have switched places (https://github.com/nunit/nunit.analyzers/tree/master/documentation/NUnit2007.md) [C:\\repos\\nunit\\nunit.issues\\Issue5011\\lastversion\\lastversion.csproj]\r\nC:\\repos\\nunit\\nunit.issues\\Issue5011\\lastversion\\NUnitConstraintsTestBase.cs(463,25): warning NUnit2007: The actual value should not be a constant - perhaps the actual value and the expected value have switched places (https://github.com/nunit/nunit.analyzers/tree/master/documentation/NUnit2007.md) [C:\\repos\\nunit\\nunit.issues\\Issue5011\\lastversion\\lastversion.csproj]\r\nC:\\repos\\nunit\\nunit.issues\\Issue5011\\lastversion\\NUnitConstraintsTestBase.cs(464,25): warning NUnit2007: The actual value should not be a constant - perhaps the actual value and the expected value have switched places (https://github.com/nunit/nunit.analyzers/tree/master/documentation/NUnit2007.md) [C:\\repos\\nunit\\nunit.issues\\Issue5011\\lastversion\\lastversion.csproj]\r\nC:\\repos\\nunit\\nunit.issues\\Issue5011\\lastversion\\NUnitConstraintsTestBase.cs(478,25): warning NUnit2007: The actual value should not be a constant - perhaps the actual value and the expected value have switched places (https://github.com/nunit/nunit.analyzers/tree/master/documentation/NUnit2007.md) [C:\\repos\\nunit\\nunit.issues\\Issue5011\\lastversion\\lastversion.csproj]\r\nC:\\repos\\nunit\\nunit.issues\\Issue5011\\lastversion\\NUnitConstraintsTestBase.cs(489,25): warning NUnit2007: The actual value should not be a constant - perhaps the actual value and the expected value have switched places (https://github.com/nunit/nunit.analyzers/tree/master/documentation/NUnit2007.md) [C:\\repos\\nunit\\nunit.issues\\Issue5011\\lastversion\\lastversion.csproj]\r\nC:\\repos\\nunit\\nunit.issues\\Issue5011\\lastversion\\NUnitConstraintsTestBase.cs(490,25): warning NUnit2007: The actual value should not be a constant - perhaps the actual value and the expected value have switched places (https://github.com/nunit/nunit.analyzers/tree/master/documentation/NUnit2007.md) [C:\\repos\\nunit\\nunit.issues\\Issue5011\\lastversion\\lastversion.csproj]\r\nC:\\repos\\nunit\\nunit.issues\\Issue5011\\lastversion\\NUnitConstraintsTestBase.cs(497,25): warning NUnit2007: The actual value should not be a constant - perhaps the actual value and the expected value have switched places (https://github.com/nunit/nunit.analyzers/tree/master/documentation/NUnit2007.md) [C:\\repos\\nunit\\nunit.issues\\Issue5011\\lastversion\\lastversion.csproj]\r\nC:\\repos\\nunit\\nunit.issues\\Issue5011\\lastversion\\NUnitConstraintsTestBase.cs(498,25): warning NUnit2007: The actual value should not be a constant - perhaps the actual value and the expected value have switched places (https://github.com/nunit/nunit.analyzers/tree/master/documentation/NUnit2007.md) [C:\\repos\\nunit\\nunit.issues\\Issue5011\\lastversion\\lastversion.csproj]\r\nC:\\repos\\nunit\\nunit.issues\\Issue5011\\lastversion\\NUnitConstraintsTestBase.cs(505,25): warning NUnit2007: The actual value should not be a constant - perhaps the actual value and the expected value have switched places (https://github.com/nunit/nunit.analyzers/tree/master/documentation/NUnit2007.md) [C:\\repos\\nunit\\nunit.issues\\Issue5011\\lastversion\\lastversion.csproj]\r\nC:\\repos\\nunit\\nunit.issues\\Issue5011\\lastversion\\NUnitConstraintsTestBase.cs(506,25): warning NUnit2007: The actual value should not be a constant - perhaps the actual value and the expected value have switched places (https://github.com/nunit/nunit.analyzers/tree/master/documentation/NUnit2007.md) [C:\\repos\\nunit\\nunit.issues\\Issue5011\\lastversion\\lastversion.csproj]\r\nC:\\repos\\nunit\\nunit.issues\\Issue5011\\lastversion\\NUnitConstraintsTestBase.cs(513,25): warning NUnit2007: The actual value should not be a constant - perhaps the actual value and the expected value have switched places (https://github.com/nunit/nunit.analyzers/tree/master/documentation/NUnit2007.md) [C:\\repos\\nunit\\nunit.issues\\Issue5011\\lastversion\\lastversion.csproj]\r\nC:\\repos\\nunit\\nunit.issues\\Issue5011\\lastversion\\NUnitConstraintsTestBase.cs(514,25): warning NUnit2007: The actual value should not be a constant - perhaps the actual value and the expected value have switched places (https://github.com/nunit/nunit.analyzers/tree/master/documentation/NUnit2007.md) [C:\\repos\\nunit\\nunit.issues\\Issue5011\\lastversion\\lastversion.csproj]\r\nC:\\repos\\nunit\\nunit.issues\\Issue5011\\lastversion\\NUnitConstraintsTestBase.cs(682,25): warning NUnit2007: The actual value should not be a constant - perhaps the actual value and the expected value have switched places (https://github.com/nunit/nunit.analyzers/tree/master/documentation/NUnit2007.md) [C:\\repos\\nunit\\nunit.issues\\Issue5011\\lastversion\\lastversion.csproj]\r\nC:\\repos\\nunit\\nunit.issues\\Issue5011\\lastversion\\NUnitConstraintsTestBase.cs(689,25): warning NUnit2007: The actual value should not be a constant - perhaps the actual value and the expected value have switched places (https://github.com/nunit/nunit.analyzers/tree/master/documentation/NUnit2007.md) [C:\\repos\\nunit\\nunit.issues\\Issue5011\\lastversion\\lastversion.csproj]\r\nC:\\repos\\nunit\\nunit.issues\\Issue5011\\lastversion\\NUnitConstraintsTestBase.cs(696,25): warning NUnit2007: The actual value should not be a constant - perhaps the actual value and the expected value have switched places (https://github.com/nunit/nunit.analyzers/tree/master/documentation/NUnit2007.md) [C:\\repos\\nunit\\nunit.issues\\Issue5011\\lastversion\\lastversion.csproj]\r\nC:\\repos\\nunit\\nunit.issues\\Issue5011\\lastversion\\NUnitConstraintsTestBase.cs(703,25): warning NUnit2007: The actual value should not be a constant - perhaps the actual value and the expected value have switched places (https://github.com/nunit/nunit.analyzers/tree/master/documentation/NUnit2007.md) [C:\\repos\\nunit\\nunit.issues\\Issue5011\\lastversion\\lastversion.csproj]\r\nC:\\repos\\nunit\\nunit.issues\\Issue5011\\lastversion\\NUnitConstraintsTestBase.cs(717,25): warning NUnit2007: The actual value should not be a constant - perhaps the actual value and the expected value have switched places (https://github.com/nunit/nunit.analyzers/tree/master/documentation/NUnit2007.md) [C:\\repos\\nunit\\nunit.issues\\Issue5011\\lastversion\\lastversion.csproj]\r\nC:\\repos\\nunit\\nunit.issues\\Issue5011\\lastversion\\NUnitConstraintsTestBase.cs(724,25): warning NUnit2007: The actual value should not be a constant - perhaps the actual value and the expected value have switched places (https://github.com/nunit/nunit.analyzers/tree/master/documentation/NUnit2007.md) [C:\\repos\\nunit\\nunit.issues\\Issue5011\\lastversion\\lastversion.csproj]\r\nC:\\repos\\nunit\\nunit.issues\\Issue5011\\lastversion\\NUnitConstraintsTestBase.cs(731,25): warning NUnit2007: The actual value should not be a constant - perhaps the actual value and the expected value have switched places (https://github.com/nunit/nunit.analyzers/tree/master/documentation/NUnit2007.md) [C:\\repos\\nunit\\nunit.issues\\Issue5011\\lastversion\\lastversion.csproj]\r\nC:\\repos\\nunit\\nunit.issues\\Issue5011\\lastversion\\NUnitConstraintsTestBase.cs(856,25): warning NUnit2007: The actual value should not be a constant - perhaps the actual value and the expected value have switched places (https://github.com/nunit/nunit.analyzers/tree/master/documentation/NUnit2007.md) [C:\\repos\\nunit\\nunit.issues\\Issue5011\\lastversion\\lastversion.csproj]\r\nC:\\repos\\nunit\\nunit.issues\\Issue5011\\lastversion\\NUnitConstraintsTestBase.cs(863,25): warning NUnit2007: The actual value should not be a constant - perhaps the actual value and the expected value have switched places (https://github.com/nunit/nunit.analyzers/tree/master/documentation/NUnit2007.md) [C:\\repos\\nunit\\nunit.issues\\Issue5011\\lastversion\\lastversion.csproj]\r\nC:\\repos\\nunit\\nunit.issues\\Issue5011\\lastversion\\NUnitConstraintsTestBase.cs(863,45): warning NUnit2009: The actual and the expected argument is the same \u0027\u0022hello\u0022\u0027 (https://github.com/nunit/nunit.analyzers/tree/master/documentation/NUnit2009.md) [C:\\repos\\nunit\\nunit.issues\\Issue5011\\lastversion\\lastversion.csproj]\r\nC:\\repos\\nunit\\nunit.issues\\Issue5011\\lastversion\\NUnitConstraintsTestBase.cs(870,25): warning NUnit2007: The actual value should not be a constant - perhaps the actual value and the expected value have switched places (https://github.com/nunit/nunit.analyzers/tree/master/documentation/NUnit2007.md) [C:\\repos\\nunit\\nunit.issues\\Issue5011\\lastversion\\lastversion.csproj]\r\nC:\\repos\\nunit\\nunit.issues\\Issue5011\\lastversion\\NUnitConstraintsTestBase.cs(871,25): warning NUnit2007: The actual value should not be a constant - perhaps the actual value and the expected value have switched places (https://github.com/nunit/nunit.analyzers/tree/master/documentation/NUnit2007.md) [C:\\repos\\nunit\\nunit.issues\\Issue5011\\lastversion\\lastversion.csproj]\r\nC:\\repos\\nunit\\nunit.issues\\Issue5011\\lastversion\\NUnitConstraintsTestBase.cs(872,25): warning NUnit2007: The actual value should not be a constant - perhaps the actual value and the expected value have switched places (https://github.com/nunit/nunit.analyzers/tree/master/documentation/NUnit2007.md) [C:\\repos\\nunit\\nunit.issues\\Issue5011\\lastversion\\lastversion.csproj]\r\n  lastversion -\u003E C:\\repos\\nunit\\nunit.issues\\Issue5011\\lastversion\\bin\\Debug\\net10.0\\lastversion.dll\r\n\r\nBuild succeeded.\r\n\r\nC:\\repos\\nunit\\nunit.issues\\Issue5011\\lastversion\\ReproAgain.cs(157,38): warning CS8602: Dereference of a possibly null reference. [C:\\repos\\nunit\\nunit.issues\\Issue5011\\lastversion\\lastversion.csproj]\r\nC:\\repos\\nunit\\nunit.issues\\Issue5011\\lastversion\\ReproAgain.cs(46,38): warning CS8602: Dereference of a possibly null reference. [C:\\repos\\nunit\\nunit.issues\\Issue5011\\lastversion\\lastversion.csproj]\r\nC:\\repos\\nunit\\nunit.issues\\Issue5011\\lastversion\\NUnitConstraintsTestBase.cs(88,38): warning CS8602: Dereference of a possibly null reference. [C:\\repos\\nunit\\nunit.issues\\Issue5011\\lastversion\\lastversion.csproj]\r\nC:\\repos\\nunit\\nunit.issues\\Issue5011\\lastversion\\Issue5011ReproductionTest.cs(148,38): warning CS8602: Dereference of a possibly null reference. [C:\\repos\\nunit\\nunit.issues\\Issue5011\\lastversion\\lastversion.csproj]\r\nC:\\repos\\nunit\\nunit.issues\\Issue5011\\lastversion\\NUnitConstraintsTestBase.cs(412,33): warning CS8600: Converting null literal or possible null value to non-nullable type. [C:\\repos\\nunit\\nunit.issues\\Issue5011\\lastversion\\lastversion.csproj]\r\nC:\\repos\\nunit\\nunit.issues\\Issue5011\\lastversion\\NUnitConstraintsTestBase.cs(751,36): warning CS8600: Converting null literal or possible null value to non-nullable type. [C:\\repos\\nunit\\nunit.issues\\Issue5011\\lastversion\\lastversion.csproj]\r\nC:\\repos\\nunit\\nunit.issues\\Issue5011\\lastversion\\NUnitConstraintsTestBase.cs(815,21): warning CS0219: The variable \u0027x\u0027 is assigned but its value is never used [C:\\repos\\nunit\\nunit.issues\\Issue5011\\lastversion\\lastversion.csproj]\r\nC:\\repos\\nunit\\nunit.issues\\Issue5011\\lastversion\\NUnitConstraintsTestBase.cs(117,29): warning NUnit2007: The actual value should not be a constant - perhaps the actual value and the expected value have switched places (https://github.com/nunit/nunit.analyzers/tree/master/documentation/NUnit2007.md) [C:\\repos\\nunit\\nunit.issues\\Issue5011\\lastversion\\lastversion.csproj]\r\nC:\\repos\\nunit\\nunit.issues\\Issue5011\\lastversion\\NUnitConstraintsTestBase.cs(118,29): warning NUnit2007: The actual value should not be a constant - perhaps the actual value and the expected value have switched places (https://github.com/nunit/nunit.analyzers/tree/master/documentation/NUnit2007.md) [C:\\repos\\nunit\\nunit.issues\\Issue5011\\lastversion\\lastversion.csproj]\r\nC:\\repos\\nunit\\nunit.issues\\Issue5011\\lastversion\\NUnitConstraintsTestBase.cs(119,29): warning NUnit2007: The actual value should not be a constant - perhaps the actual value and the expected value have switched places (https://github.com/nunit/nunit.analyzers/tree/master/documentation/NUnit2007.md) [C:\\repos\\nunit\\nunit.issues\\Issue5011\\lastversion\\lastversion.csproj]\r\nC:\\repos\\nunit\\nunit.issues\\Issue5011\\lastversion\\NUnitConstraintsTestBase.cs(118,49): warning NUnit2009: The actual and the expected argument is the same \u0027\u0022hello\u0022\u0027 (https://github.com/nunit/nunit.analyzers/tree/master/documentation/NUnit2009.md) [C:\\repos\\nunit\\nunit.issues\\Issue5011\\lastversion\\lastversion.csproj]\r\nC:\\repos\\nunit\\nunit.issues\\Issue5011\\lastversion\\NUnitConstraintsTestBase.cs(302,25): warning NUnit2007: The actual value should not be a constant - perhaps the actual value and the expected value have switched places (https://github.com/nunit/nunit.analyzers/tree/master/documentation/NUnit2007.md) [C:\\repos\\nunit\\nunit.issues\\Issue5011\\lastversion\\lastversion.csproj]\r\nC:\\repos\\nunit\\nunit.issues\\Issue5011\\lastversion\\NUnitConstraintsTestBase.cs(303,25): warning NUnit2007: The actual value should not be a constant - perhaps the actual value and the expected value have switched places (https://github.com/nunit/nunit.analyzers/tree/master/documentation/NUnit2007.md) [C:\\repos\\nunit\\nunit.issues\\Issue5011\\lastversion\\lastversion.csproj]\r\nC:\\repos\\nunit\\nunit.issues\\Issue5011\\lastversion\\NUnitConstraintsTestBase.cs(304,25): warning NUnit2007: The actual value should not be a constant - perhaps the actual value and the expected value have switched places (https://github.com/nunit/nunit.analyzers/tree/master/documentation/NUnit2007.md) [C:\\repos\\nunit\\nunit.issues\\Issue5011\\lastversion\\lastversion.csproj]\r\nC:\\repos\\nunit\\nunit.issues\\Issue5011\\lastversion\\NUnitConstraintsTestBase.cs(302,40): warning NUnit2009: The actual and the expected argument is the same \u002742\u0027 (https://github.com/nunit/nunit.analyzers/tree/master/documentation/NUnit2009.md) [C:\\repos\\nunit\\nunit.issues\\Issue5011\\lastversion\\lastversion.csproj]\r\nC:\\repos\\nunit\\nunit.issues\\Issue5011\\lastversion\\NUnitConstraintsTestBase.cs(303,45): warning NUnit2009: The actual and the expected argument is the same \u0027\u0022hello\u0022\u0027 (https://github.com/nunit/nunit.analyzers/tree/master/documentation/NUnit2009.md) [C:\\repos\\nunit\\nunit.issues\\Issue5011\\lastversion\\lastversion.csproj]\r\nC:\\repos\\nunit\\nunit.issues\\Issue5011\\lastversion\\NUnitConstraintsTestBase.cs(304,42): warning NUnit2009: The actual and the expected argument is the same \u00273.14\u0027 (https://github.com/nunit/nunit.analyzers/tree/master/documentation/NUnit2009.md) [C:\\repos\\nunit\\nunit.issues\\Issue5011\\lastversion\\lastversion.csproj]\r\nC:\\repos\\nunit\\nunit.issues\\Issue5011\\lastversion\\NUnitConstraintsTestBase.cs(311,25): warning NUnit2007: The actual value should not be a constant - perhaps the actual value and the expected value have switched places (https://github.com/nunit/nunit.analyzers/tree/master/documentation/NUnit2007.md) [C:\\repos\\nunit\\nunit.issues\\Issue5011\\lastversion\\lastversion.csproj]\r\nC:\\repos\\nunit\\nunit.issues\\Issue5011\\lastversion\\NUnitConstraintsTestBase.cs(312,25): warning NUnit2007: The actual value should not be a constant - perhaps the actual value and the expected value have switched places (https://github.com/nunit/nunit.analyzers/tree/master/documentation/NUnit2007.md) [C:\\repos\\nunit\\nunit.issues\\Issue5011\\lastversion\\lastversion.csproj]\r\nC:\\repos\\nunit\\nunit.issues\\Issue5011\\lastversion\\NUnitConstraintsTestBase.cs(320,40): warning NUnit2009: The actual and the expected argument is the same \u0027obj\u0027 (https://github.com/nunit/nunit.analyzers/tree/master/documentation/NUnit2009.md) [C:\\repos\\nunit\\nunit.issues\\Issue5011\\lastversion\\lastversion.csproj]\r\nC:\\repos\\nunit\\nunit.issues\\Issue5011\\lastversion\\NUnitConstraintsTestBase.cs(340,25): warning NUnit2007: The actual value should not be a constant - perhaps the actual value and the expected value have switched places (https://github.com/nunit/nunit.analyzers/tree/master/documentation/NUnit2007.md) [C:\\repos\\nunit\\nunit.issues\\Issue5011\\lastversion\\lastversion.csproj]\r\nC:\\repos\\nunit\\nunit.issues\\Issue5011\\lastversion\\NUnitConstraintsTestBase.cs(341,25): warning NUnit2007: The actual value should not be a constant - perhaps the actual value and the expected value have switched places (https://github.com/nunit/nunit.analyzers/tree/master/documentation/NUnit2007.md) [C:\\repos\\nunit\\nunit.issues\\Issue5011\\lastversion\\lastversion.csproj]\r\nC:\\repos\\nunit\\nunit.issues\\Issue5011\\lastversion\\NUnitConstraintsTestBase.cs(348,25): warning NUnit2007: The actual value should not be a constant - perhaps the actual value and the expected value have switched places (https://github.com/nunit/nunit.analyzers/tree/master/documentation/NUnit2007.md) [C:\\repos\\nunit\\nunit.issues\\Issue5011\\lastversion\\lastversion.csproj]\r\nC:\\repos\\nunit\\nunit.issues\\Issue5011\\lastversion\\NUnitConstraintsTestBase.cs(349,25): warning NUnit2007: The actual value should not be a constant - perhaps the actual value and the expected value have switched places (https://github.com/nunit/nunit.analyzers/tree/master/documentation/NUnit2007.md) [C:\\repos\\nunit\\nunit.issues\\Issue5011\\lastversion\\lastversion.csproj]\r\nC:\\repos\\nunit\\nunit.issues\\Issue5011\\lastversion\\NUnitConstraintsTestBase.cs(348,53): warning NUnit2009: The actual and the expected argument is the same \u002710\u0027 (https://github.com/nunit/nunit.analyzers/tree/master/documentation/NUnit2009.md) [C:\\repos\\nunit\\nunit.issues\\Issue5011\\lastversion\\lastversion.csproj]\r\nC:\\repos\\nunit\\nunit.issues\\Issue5011\\lastversion\\NUnitConstraintsTestBase.cs(356,25): warning NUnit2007: The actual value should not be a constant - perhaps the actual value and the expected value have switched places (https://github.com/nunit/nunit.analyzers/tree/master/documentation/NUnit2007.md) [C:\\repos\\nunit\\nunit.issues\\Issue5011\\lastversion\\lastversion.csproj]\r\nC:\\repos\\nunit\\nunit.issues\\Issue5011\\lastversion\\NUnitConstraintsTestBase.cs(357,25): warning NUnit2007: The actual value should not be a constant - perhaps the actual value and the expected value have switched places (https://github.com/nunit/nunit.analyzers/tree/master/documentation/NUnit2007.md) [C:\\repos\\nunit\\nunit.issues\\Issue5011\\lastversion\\lastversion.csproj]\r\nC:\\repos\\nunit\\nunit.issues\\Issue5011\\lastversion\\NUnitConstraintsTestBase.cs(356,40): warning NUnit2009: The actual and the expected argument is the same \u002710\u0027 (https://github.com/nunit/nunit.analyzers/tree/master/documentation/NUnit2009.md) [C:\\repos\\nunit\\nunit.issues\\Issue5011\\lastversion\\lastversion.csproj]\r\nC:\\repos\\nunit\\nunit.issues\\Issue5011\\lastversion\\NUnitConstraintsTestBase.cs(364,25): warning NUnit2007: The actual value should not be a constant - perhaps the actual value and the expected value have switched places (https://github.com/nunit/nunit.analyzers/tree/master/documentation/NUnit2007.md) [C:\\repos\\nunit\\nunit.issues\\Issue5011\\lastversion\\lastversion.csproj]\r\nC:\\repos\\nunit\\nunit.issues\\Issue5011\\lastversion\\NUnitConstraintsTestBase.cs(365,25): warning NUnit2007: The actual value should not be a constant - perhaps the actual value and the expected value have switched places (https://github.com/nunit/nunit.analyzers/tree/master/documentation/NUnit2007.md) [C:\\repos\\nunit\\nunit.issues\\Issue5011\\lastversion\\lastversion.csproj]\r\nC:\\repos\\nunit\\nunit.issues\\Issue5011\\lastversion\\NUnitConstraintsTestBase.cs(372,25): warning NUnit2007: The actual value should not be a constant - perhaps the actual value and the expected value have switched places (https://github.com/nunit/nunit.analyzers/tree/master/documentation/NUnit2007.md) [C:\\repos\\nunit\\nunit.issues\\Issue5011\\lastversion\\lastversion.csproj]\r\nC:\\repos\\nunit\\nunit.issues\\Issue5011\\lastversion\\NUnitConstraintsTestBase.cs(373,25): warning NUnit2007: The actual value should not be a constant - perhaps the actual value and the expected value have switched places (https://github.com/nunit/nunit.analyzers/tree/master/documentation/NUnit2007.md) [C:\\repos\\nunit\\nunit.issues\\Issue5011\\lastversion\\lastversion.csproj]\r\nC:\\repos\\nunit\\nunit.issues\\Issue5011\\lastversion\\NUnitConstraintsTestBase.cs(372,50): warning NUnit2009: The actual and the expected argument is the same \u002710\u0027 (https://github.com/nunit/nunit.analyzers/tree/master/documentation/NUnit2009.md) [C:\\repos\\nunit\\nunit.issues\\Issue5011\\lastversion\\lastversion.csproj]\r\nC:\\repos\\nunit\\nunit.issues\\Issue5011\\lastversion\\NUnitConstraintsTestBase.cs(380,25): warning NUnit2007: The actual value should not be a constant - perhaps the actual value and the expected value have switched places (https://github.com/nunit/nunit.analyzers/tree/master/documentation/NUnit2007.md) [C:\\repos\\nunit\\nunit.issues\\Issue5011\\lastversion\\lastversion.csproj]\r\nC:\\repos\\nunit\\nunit.issues\\Issue5011\\lastversion\\NUnitConstraintsTestBase.cs(381,25): warning NUnit2007: The actual value should not be a constant - perhaps the actual value and the expected value have switched places (https://github.com/nunit/nunit.analyzers/tree/master/documentation/NUnit2007.md) [C:\\repos\\nunit\\nunit.issues\\Issue5011\\lastversion\\lastversion.csproj]\r\nC:\\repos\\nunit\\nunit.issues\\Issue5011\\lastversion\\NUnitConstraintsTestBase.cs(380,39): warning NUnit2009: The actual and the expected argument is the same \u002710\u0027 (https://github.com/nunit/nunit.analyzers/tree/master/documentation/NUnit2009.md) [C:\\repos\\nunit\\nunit.issues\\Issue5011\\lastversion\\lastversion.csproj]\r\nC:\\repos\\nunit\\nunit.issues\\Issue5011\\lastversion\\NUnitConstraintsTestBase.cs(392,25): warning NUnit2007: The actual value should not be a constant - perhaps the actual value and the expected value have switched places (https://github.com/nunit/nunit.analyzers/tree/master/documentation/NUnit2007.md) [C:\\repos\\nunit\\nunit.issues\\Issue5011\\lastversion\\lastversion.csproj]\r\nC:\\repos\\nunit\\nunit.issues\\Issue5011\\lastversion\\NUnitConstraintsTestBase.cs(393,25): warning NUnit2007: The actual value should not be a constant - perhaps the actual value and the expected value have switched places (https://github.com/nunit/nunit.analyzers/tree/master/documentation/NUnit2007.md) [C:\\repos\\nunit\\nunit.issues\\Issue5011\\lastversion\\lastversion.csproj]\r\nC:\\repos\\nunit\\nunit.issues\\Issue5011\\lastversion\\NUnitConstraintsTestBase.cs(400,25): warning NUnit2007: The actual value should not be a constant - perhaps the actual value and the expected value have switched places (https://github.com/nunit/nunit.analyzers/tree/master/documentation/NUnit2007.md) [C:\\repos\\nunit\\nunit.issues\\Issue5011\\lastversion\\lastversion.csproj]\r\nC:\\repos\\nunit\\nunit.issues\\Issue5011\\lastversion\\NUnitConstraintsTestBase.cs(401,25): warning NUnit2007: The actual value should not be a constant - perhaps the actual value and the expected value have switched places (https://github.com/nunit/nunit.analyzers/tree/master/documentation/NUnit2007.md) [C:\\repos\\nunit\\nunit.issues\\Issue5011\\lastversion\\lastversion.csproj]\r\nC:\\repos\\nunit\\nunit.issues\\Issue5011\\lastversion\\NUnitConstraintsTestBase.cs(432,25): warning NUnit2007: The actual value should not be a constant - perhaps the actual value and the expected value have switched places (https://github.com/nunit/nunit.analyzers/tree/master/documentation/NUnit2007.md) [C:\\repos\\nunit\\nunit.issues\\Issue5011\\lastversion\\lastversion.csproj]\r\nC:\\repos\\nunit\\nunit.issues\\Issue5011\\lastversion\\NUnitConstraintsTestBase.cs(433,25): warning NUnit2007: The actual value should not be a constant - perhaps the actual value and the expected value have switched places (https://github.com/nunit/nunit.analyzers/tree/master/documentation/NUnit2007.md) [C:\\repos\\nunit\\nunit.issues\\Issue5011\\lastversion\\lastversion.csproj]\r\nC:\\repos\\nunit\\nunit.issues\\Issue5011\\lastversion\\NUnitConstraintsTestBase.cs(440,25): warning NUnit2007: The actual value should not be a constant - perhaps the actual value and the expected value have switched places (https://github.com/nunit/nunit.analyzers/tree/master/documentation/NUnit2007.md) [C:\\repos\\nunit\\nunit.issues\\Issue5011\\lastversion\\lastversion.csproj]\r\nC:\\repos\\nunit\\nunit.issues\\Issue5011\\lastversion\\NUnitConstraintsTestBase.cs(441,25): warning NUnit2007: The actual value should not be a constant - perhaps the actual value and the expected value have switched places (https://github.com/nunit/nunit.analyzers/tree/master/documentation/NUnit2007.md) [C:\\repos\\nunit\\nunit.issues\\Issue5011\\lastversion\\lastversion.csproj]\r\nC:\\repos\\nunit\\nunit.issues\\Issue5011\\lastversion\\NUnitConstraintsTestBase.cs(448,25): warning NUnit2007: The actual value should not be a constant - perhaps the actual value and the expected value have switched places (https://github.com/nunit/nunit.analyzers/tree/master/documentation/NUnit2007.md) [C:\\repos\\nunit\\nunit.issues\\Issue5011\\lastversion\\lastversion.csproj]\r\nC:\\repos\\nunit\\nunit.issues\\Issue5011\\lastversion\\NUnitConstraintsTestBase.cs(449,25): warning NUnit2007: The actual value should not be a constant - perhaps the actual value and the expected value have switched places (https://github.com/nunit/nunit.analyzers/tree/master/documentation/NUnit2007.md) [C:\\repos\\nunit\\nunit.issues\\Issue5011\\lastversion\\lastversion.csproj]\r\nC:\\repos\\nunit\\nunit.issues\\Issue5011\\lastversion\\NUnitConstraintsTestBase.cs(456,25): warning NUnit2007: The actual value should not be a constant - perhaps the actual value and the expected value have switched places (https://github.com/nunit/nunit.analyzers/tree/master/documentation/NUnit2007.md) [C:\\repos\\nunit\\nunit.issues\\Issue5011\\lastversion\\lastversion.csproj]\r\nC:\\repos\\nunit\\nunit.issues\\Issue5011\\lastversion\\NUnitConstraintsTestBase.cs(457,25): warning NUnit2007: The actual value should not be a constant - perhaps the actual value and the expected value have switched places (https://github.com/nunit/nunit.analyzers/tree/master/documentation/NUnit2007.md) [C:\\repos\\nunit\\nunit.issues\\Issue5011\\lastversion\\lastversion.csproj]\r\nC:\\repos\\nunit\\nunit.issues\\Issue5011\\lastversion\\NUnitConstraintsTestBase.cs(463,25): warning NUnit2007: The actual value should not be a constant - perhaps the actual value and the expected value have switched places (https://github.com/nunit/nunit.analyzers/tree/master/documentation/NUnit2007.md) [C:\\repos\\nunit\\nunit.issues\\Issue5011\\lastversion\\lastversion.csproj]\r\nC:\\repos\\nunit\\nunit.issues\\Issue5011\\lastversion\\NUnitConstraintsTestBase.cs(464,25): warning NUnit2007: The actual value should not be a constant - perhaps the actual value and the expected value have switched places (https://github.com/nunit/nunit.analyzers/tree/master/documentation/NUnit2007.md) [C:\\repos\\nunit\\nunit.issues\\Issue5011\\lastversion\\lastversion.csproj]\r\nC:\\repos\\nunit\\nunit.issues\\Issue5011\\lastversion\\NUnitConstraintsTestBase.cs(478,25): warning NUnit2007: The actual value should not be a constant - perhaps the actual value and the expected value have switched places (https://github.com/nunit/nunit.analyzers/tree/master/documentation/NUnit2007.md) [C:\\repos\\nunit\\nunit.issues\\Issue5011\\lastversion\\lastversion.csproj]\r\nC:\\repos\\nunit\\nunit.issues\\Issue5011\\lastversion\\NUnitConstraintsTestBase.cs(489,25): warning NUnit2007: The actual value should not be a constant - perhaps the actual value and the expected value have switched places (https://github.com/nunit/nunit.analyzers/tree/master/documentation/NUnit2007.md) [C:\\repos\\nunit\\nunit.issues\\Issue5011\\lastversion\\lastversion.csproj]\r\nC:\\repos\\nunit\\nunit.issues\\Issue5011\\lastversion\\NUnitConstraintsTestBase.cs(490,25): warning NUnit2007: The actual value should not be a constant - perhaps the actual value and the expected value have switched places (https://github.com/nunit/nunit.analyzers/tree/master/documentation/NUnit2007.md) [C:\\repos\\nunit\\nunit.issues\\Issue5011\\lastversion\\lastversion.csproj]\r\nC:\\repos\\nunit\\nunit.issues\\Issue5011\\lastversion\\NUnitConstraintsTestBase.cs(497,25): warning NUnit2007: The actual value should not be a constant - perhaps the actual value and the expected value have switched places (https://github.com/nunit/nunit.analyzers/tree/master/documentation/NUnit2007.md) [C:\\repos\\nunit\\nunit.issues\\Issue5011\\lastversion\\lastversion.csproj]\r\nC:\\repos\\nunit\\nunit.issues\\Issue5011\\lastversion\\NUnitConstraintsTestBase.cs(498,25): warning NUnit2007: The actual value should not be a constant - perhaps the actual value and the expected value have switched places (https://github.com/nunit/nunit.analyzers/tree/master/documentation/NUnit2007.md) [C:\\repos\\nunit\\nunit.issues\\Issue5011\\lastversion\\lastversion.csproj]\r\nC:\\repos\\nunit\\nunit.issues\\Issue5011\\lastversion\\NUnitConstraintsTestBase.cs(505,25): warning NUnit2007: The actual value should not be a constant - perhaps the actual value and the expected value have switched places (https://github.com/nunit/nunit.analyzers/tree/master/documentation/NUnit2007.md) [C:\\repos\\nunit\\nunit.issues\\Issue5011\\lastversion\\lastversion.csproj]\r\nC:\\repos\\nunit\\nunit.issues\\Issue5011\\lastversion\\NUnitConstraintsTestBase.cs(506,25): warning NUnit2007: The actual value should not be a constant - perhaps the actual value and the expected value have switched places (https://github.com/nunit/nunit.analyzers/tree/master/documentation/NUnit2007.md) [C:\\repos\\nunit\\nunit.issues\\Issue5011\\lastversion\\lastversion.csproj]\r\nC:\\repos\\nunit\\nunit.issues\\Issue5011\\lastversion\\NUnitConstraintsTestBase.cs(513,25): warning NUnit2007: The actual value should not be a constant - perhaps the actual value and the expected value have switched places (https://github.com/nunit/nunit.analyzers/tree/master/documentation/NUnit2007.md) [C:\\repos\\nunit\\nunit.issues\\Issue5011\\lastversion\\lastversion.csproj]\r\nC:\\repos\\nunit\\nunit.issues\\Issue5011\\lastversion\\NUnitConstraintsTestBase.cs(514,25): warning NUnit2007: The actual value should not be a constant - perhaps the actual value and the expected value have switched places (https://github.com/nunit/nunit.analyzers/tree/master/documentation/NUnit2007.md) [C:\\repos\\nunit\\nunit.issues\\Issue5011\\lastversion\\lastversion.csproj]\r\nC:\\repos\\nunit\\nunit.issues\\Issue5011\\lastversion\\NUnitConstraintsTestBase.cs(682,25): warning NUnit2007: The actual value should not be a constant - perhaps the actual value and the expected value have switched places (https://github.com/nunit/nunit.analyzers/tree/master/documentation/NUnit2007.md) [C:\\repos\\nunit\\nunit.issues\\Issue5011\\lastversion\\lastversion.csproj]\r\nC:\\repos\\nunit\\nunit.issues\\Issue5011\\lastversion\\NUnitConstraintsTestBase.cs(689,25): warning NUnit2007: The actual value should not be a constant - perhaps the actual value and the expected value have switched places (https://github.com/nunit/nunit.analyzers/tree/master/documentation/NUnit2007.md) [C:\\repos\\nunit\\nunit.issues\\Issue5011\\lastversion\\lastversion.csproj]\r\nC:\\repos\\nunit\\nunit.issues\\Issue5011\\lastversion\\NUnitConstraintsTestBase.cs(696,25): warning NUnit2007: The actual value should not be a constant - perhaps the actual value and the expected value have switched places (https://github.com/nunit/nunit.analyzers/tree/master/documentation/NUnit2007.md) [C:\\repos\\nunit\\nunit.issues\\Issue5011\\lastversion\\lastversion.csproj]\r\nC:\\repos\\nunit\\nunit.issues\\Issue5011\\lastversion\\NUnitConstraintsTestBase.cs(703,25): warning NUnit2007: The actual value should not be a constant - perhaps the actual value and the expected value have switched places (https://github.com/nunit/nunit.analyzers/tree/master/documentation/NUnit2007.md) [C:\\repos\\nunit\\nunit.issues\\Issue5011\\lastversion\\lastversion.csproj]\r\nC:\\repos\\nunit\\nunit.issues\\Issue5011\\lastversion\\NUnitConstraintsTestBase.cs(717,25): warning NUnit2007: The actual value should not be a constant - perhaps the actual value and the expected value have switched places (https://github.com/nunit/nunit.analyzers/tree/master/documentation/NUnit2007.md) [C:\\repos\\nunit\\nunit.issues\\Issue5011\\lastversion\\lastversion.csproj]\r\nC:\\repos\\nunit\\nunit.issues\\Issue5011\\lastversion\\NUnitConstraintsTestBase.cs(724,25): warning NUnit2007: The actual value should not be a constant - perhaps the actual value and the expected value have switched places (https://github.com/nunit/nunit.analyzers/tree/master/documentation/NUnit2007.md) [C:\\repos\\nunit\\nunit.issues\\Issue5011\\lastversion\\lastversion.csproj]\r\nC:\\repos\\nunit\\nunit.issues\\Issue5011\\lastversion\\NUnitConstraintsTestBase.cs(731,25): warning NUnit2007: The actual value should not be a constant - perhaps the actual value and the expected value have switched places (https://github.com/nunit/nunit.analyzers/tree/master/documentation/NUnit2007.md) [C:\\repos\\nunit\\nunit.issues\\Issue5011\\lastversion\\lastversion.csproj]\r\nC:\\repos\\nunit\\nunit.issues\\Issue5011\\lastversion\\NUnitConstraintsTestBase.cs(856,25): warning NUnit2007: The actual value should not be a constant - perhaps the actual value and the expected value have switched places (https://github.com/nunit/nunit.analyzers/tree/master/documentation/NUnit2007.md) [C:\\repos\\nunit\\nunit.issues\\Issue5011\\lastversion\\lastversion.csproj]\r\nC:\\repos\\nunit\\nunit.issues\\Issue5011\\lastversion\\NUnitConstraintsTestBase.cs(863,25): warning NUnit2007: The actual value should not be a constant - perhaps the actual value and the expected value have switched places (https://github.com/nunit/nunit.analyzers/tree/master/documentation/NUnit2007.md) [C:\\repos\\nunit\\nunit.issues\\Issue5011\\lastversion\\lastversion.csproj]\r\nC:\\repos\\nunit\\nunit.issues\\Issue5011\\lastversion\\NUnitConstraintsTestBase.cs(863,45): warning NUnit2009: The actual and the expected argument is the same \u0027\u0022hello\u0022\u0027 (https://github.com/nunit/nunit.analyzers/tree/master/documentation/NUnit2009.md) [C:\\repos\\nunit\\nunit.issues\\Issue5011\\lastversion\\lastversion.csproj]\r\nC:\\repos\\nunit\\nunit.issues\\Issue5011\\lastversion\\NUnitConstraintsTestBase.cs(870,25): warning NUnit2007: The actual value should not be a constant - perhaps the actual value and the expected value have switched places (https://github.com/nunit/nunit.analyzers/tree/master/documentation/NUnit2007.md) [C:\\repos\\nunit\\nunit.issues\\Issue5011\\lastversion\\lastversion.csproj]\r\nC:\\repos\\nunit\\nunit.issues\\Issue5011\\lastversion\\NUnitConstraintsTestBase.cs(871,25): warning NUnit2007: The actual value should not be a constant - perhaps the actual value and the expected value have switched places (https://github.com/nunit/nunit.analyzers/tree/master/documentation/NUnit2007.md) [C:\\repos\\nunit\\nunit.issues\\Issue5011\\lastversion\\lastversion.csproj]\r\nC:\\repos\\nunit\\nunit.issues\\Issue5011\\lastversion\\NUnitConstraintsTestBase.cs(872,25): warning NUnit2007: The actual value should not be a constant - perhaps the actual value and the expected value have switched places (https://github.com/nunit/nunit.analyzers/tree/master/documentation/NUnit2007.md) [C:\\repos\\nunit\\nunit.issues\\Issue5011\\lastversion\\lastversion.csproj]\r\n    72 Warning(s)\r\n    0 Error(s)\r\n\r\nTime Elapsed 00:00:01.80\r\n",
    "build_error": "",
    "test_result": "Failed",
    "test_output": "=== Issue5011\\currentversion\\currentversion.csproj ===\n=== Restore ===\n  Determining projects to restore...\r\n  Restored C:\\repos\\nunit\\nunit.issues\\Issue5011\\currentversion\\currentversion.csproj (in 355 ms).\r\n\n=== Build ===\nC:\\Program Files\\dotnet\\sdk\\10.0.103\\Microsoft.Common.CurrentVersion.targets(2437,5): warning MSB3245: Could not resolve this reference. Could not locate the assembly \u0022lastversion\u0022. Check to make sure the assembly exists on disk. If this reference is required by your code, you may get compilation errors. [C:\\repos\\nunit\\nunit.issues\\Issue5011\\currentversion\\currentversion.csproj]\r\nC:\\repos\\nunit\\nunit.issues\\Issue5011\\currentversion\\UnitTest1.cs(1,7): error CS0246: The type or namespace name \u0027LastVersion\u0027 could not be found (are you missing a using directive or an assembly reference?) [C:\\repos\\nunit\\nunit.issues\\Issue5011\\currentversion\\currentversion.csproj]\r\nC:\\repos\\nunit\\nunit.issues\\Issue5011\\currentversion\\UnitTest1.cs(2,7): error CS0246: The type or namespace name \u0027LastVersion\u0027 could not be found (are you missing a using directive or an assembly reference?) [C:\\repos\\nunit\\nunit.issues\\Issue5011\\currentversion\\currentversion.csproj]\r\nC:\\repos\\nunit\\nunit.issues\\Issue5011\\currentversion\\UnitTest1.cs(28,49): error CS0246: The type or namespace name \u0027ClientCredentialTestBase\u0027 could not be found (are you missing a using directive or an assembly reference?) [C:\\repos\\nunit\\nunit.issues\\Issue5011\\currentversion\\currentversion.csproj]\r\nC:\\repos\\nunit\\nunit.issues\\Issue5011\\currentversion\\UnitTest1.cs(13,31): error CS0246: The type or namespace name \u0027Issue5011ReproductionTest\u0027 could not be found (are you missing a using directive or an assembly reference?) [C:\\repos\\nunit\\nunit.issues\\Issue5011\\currentversion\\currentversion.csproj]\r\nC:\\repos\\nunit\\nunit.issues\\Issue5011\\currentversion\\UnitTest1.cs(41,50): error CS0246: The type or namespace name \u0027ClientCredentialTestBase2\u0027 could not be found (are you missing a using directive or an assembly reference?) [C:\\repos\\nunit\\nunit.issues\\Issue5011\\currentversion\\currentversion.csproj]\r\nC:\\repos\\nunit\\nunit.issues\\Issue5011\\currentversion\\UnitTest1.cs(8,26): error CS0246: The type or namespace name \u0027NUnitConstraintsTestBase\u0027 could not be found (are you missing a using directive or an assembly reference?) [C:\\repos\\nunit\\nunit.issues\\Issue5011\\currentversion\\currentversion.csproj]\r\n\r\nBuild FAILED.\r\n\r\nC:\\Program Files\\dotnet\\sdk\\10.0.103\\Microsoft.Common.CurrentVersion.targets(2437,5): warning MSB3245: Could not resolve this reference. Could not locate the assembly \u0022lastversion\u0022. Check to make sure the assembly exists on disk. If this reference is required by your code, you may get compilation errors. [C:\\repos\\nunit\\nunit.issues\\Issue5011\\currentversion\\currentversion.csproj]\r\nC:\\repos\\nunit\\nunit.issues\\Issue5011\\currentversion\\UnitTest1.cs(1,7): error CS0246: The type or namespace name \u0027LastVersion\u0027 could not be found (are you missing a using directive or an assembly reference?) [C:\\repos\\nunit\\nunit.issues\\Issue5011\\currentversion\\currentversion.csproj]\r\nC:\\repos\\nunit\\nunit.issues\\Issue5011\\currentversion\\UnitTest1.cs(2,7): error CS0246: The type or namespace name \u0027LastVersion\u0027 could not be found (are you missing a using directive or an assembly reference?) [C:\\repos\\nunit\\nunit.issues\\Issue5011\\currentversion\\currentversion.csproj]\r\nC:\\repos\\nunit\\nunit.issues\\Issue5011\\currentversion\\UnitTest1.cs(28,49): error CS0246: The type or namespace name \u0027ClientCredentialTestBase\u0027 could not be found (are you missing a using directive or an assembly reference?) [C:\\repos\\nunit\\nunit.issues\\Issue5011\\currentversion\\currentversion.csproj]\r\nC:\\repos\\nunit\\nunit.issues\\Issue5011\\currentversion\\UnitTest1.cs(13,31): error CS0246: The type or namespace name \u0027Issue5011ReproductionTest\u0027 could not be found (are you missing a using directive or an assembly reference?) [C:\\repos\\nunit\\nunit.issues\\Issue5011\\currentversion\\currentversion.csproj]\r\nC:\\repos\\nunit\\nunit.issues\\Issue5011\\currentversion\\UnitTest1.cs(41,50): error CS0246: The type or namespace name \u0027ClientCredentialTestBase2\u0027 could not be found (are you missing a using directive or an assembly reference?) [C:\\repos\\nunit\\nunit.issues\\Issue5011\\currentversion\\currentversion.csproj]\r\nC:\\repos\\nunit\\nunit.issues\\Issue5011\\currentversion\\UnitTest1.cs(8,26): error CS0246: The type or namespace name \u0027NUnitConstraintsTestBase\u0027 could not be found (are you missing a using directive or an assembly reference?) [C:\\repos\\nunit\\nunit.issues\\Issue5011\\currentversion\\currentversion.csproj]\r\n    1 Warning(s)\r\n    6 Error(s)\r\n\r\nTime Elapsed 00:00:01.38\r\n\n\n=== Issue5011\\lastversion\\lastversion.csproj ===\n=== Restore ===\n  Determining projects to restore...\r\n  Restored C:\\repos\\nunit\\nunit.issues\\Issue5011\\lastversion\\lastversion.csproj (in 321 ms).\r\n\n=== Build ===\nC:\\repos\\nunit\\nunit.issues\\Issue5011\\lastversion\\ReproAgain.cs(157,38): warning CS8602: Dereference of a possibly null reference. [C:\\repos\\nunit\\nunit.issues\\Issue5011\\lastversion\\lastversion.csproj]\r\nC:\\repos\\nunit\\nunit.issues\\Issue5011\\lastversion\\ReproAgain.cs(46,38): warning CS8602: Dereference of a possibly null reference. [C:\\repos\\nunit\\nunit.issues\\Issue5011\\lastversion\\lastversion.csproj]\r\nC:\\repos\\nunit\\nunit.issues\\Issue5011\\lastversion\\NUnitConstraintsTestBase.cs(88,38): warning CS8602: Dereference of a possibly null reference. [C:\\repos\\nunit\\nunit.issues\\Issue5011\\lastversion\\lastversion.csproj]\r\nC:\\repos\\nunit\\nunit.issues\\Issue5011\\lastversion\\Issue5011ReproductionTest.cs(148,38): warning CS8602: Dereference of a possibly null reference. [C:\\repos\\nunit\\nunit.issues\\Issue5011\\lastversion\\lastversion.csproj]\r\nC:\\repos\\nunit\\nunit.issues\\Issue5011\\lastversion\\NUnitConstraintsTestBase.cs(412,33): warning CS8600: Converting null literal or possible null value to non-nullable type. [C:\\repos\\nunit\\nunit.issues\\Issue5011\\lastversion\\lastversion.csproj]\r\nC:\\repos\\nunit\\nunit.issues\\Issue5011\\lastversion\\NUnitConstraintsTestBase.cs(751,36): warning CS8600: Converting null literal or possible null value to non-nullable type. [C:\\repos\\nunit\\nunit.issues\\Issue5011\\lastversion\\lastversion.csproj]\r\nC:\\repos\\nunit\\nunit.issues\\Issue5011\\lastversion\\NUnitConstraintsTestBase.cs(815,21): warning CS0219: The variable \u0027x\u0027 is assigned but its value is never used [C:\\repos\\nunit\\nunit.issues\\Issue5011\\lastversion\\lastversion.csproj]\r\nC:\\repos\\nunit\\nunit.issues\\Issue5011\\lastversion\\NUnitConstraintsTestBase.cs(117,29): warning NUnit2007: The actual value should not be a constant - perhaps the actual value and the expected value have switched places (https://github.com/nunit/nunit.analyzers/tree/master/documentation/NUnit2007.md) [C:\\repos\\nunit\\nunit.issues\\Issue5011\\lastversion\\lastversion.csproj]\r\nC:\\repos\\nunit\\nunit.issues\\Issue5011\\lastversion\\NUnitConstraintsTestBase.cs(118,29): warning NUnit2007: The actual value should not be a constant - perhaps the actual value and the expected value have switched places (https://github.com/nunit/nunit.analyzers/tree/master/documentation/NUnit2007.md) [C:\\repos\\nunit\\nunit.issues\\Issue5011\\lastversion\\lastversion.csproj]\r\nC:\\repos\\nunit\\nunit.issues\\Issue5011\\lastversion\\NUnitConstraintsTestBase.cs(119,29): warning NUnit2007: The actual value should not be a constant - perhaps the actual value and the expected value have switched places (https://github.com/nunit/nunit.analyzers/tree/master/documentation/NUnit2007.md) [C:\\repos\\nunit\\nunit.issues\\Issue5011\\lastversion\\lastversion.csproj]\r\nC:\\repos\\nunit\\nunit.issues\\Issue5011\\lastversion\\NUnitConstraintsTestBase.cs(118,49): warning NUnit2009: The actual and the expected argument is the same \u0027\u0022hello\u0022\u0027 (https://github.com/nunit/nunit.analyzers/tree/master/documentation/NUnit2009.md) [C:\\repos\\nunit\\nunit.issues\\Issue5011\\lastversion\\lastversion.csproj]\r\nC:\\repos\\nunit\\nunit.issues\\Issue5011\\lastversion\\NUnitConstraintsTestBase.cs(302,25): warning NUnit2007: The actual value should not be a constant - perhaps the actual value and the expected value have switched places (https://github.com/nunit/nunit.analyzers/tree/master/documentation/NUnit2007.md) [C:\\repos\\nunit\\nunit.issues\\Issue5011\\lastversion\\lastversion.csproj]\r\nC:\\repos\\nunit\\nunit.issues\\Issue5011\\lastversion\\NUnitConstraintsTestBase.cs(303,25): warning NUnit2007: The actual value should not be a constant - perhaps the actual value and the expected value have switched places (https://github.com/nunit/nunit.analyzers/tree/master/documentation/NUnit2007.md) [C:\\repos\\nunit\\nunit.issues\\Issue5011\\lastversion\\lastversion.csproj]\r\nC:\\repos\\nunit\\nunit.issues\\Issue5011\\lastversion\\NUnitConstraintsTestBase.cs(304,25): warning NUnit2007: The actual value should not be a constant - perhaps the actual value and the expected value have switched places (https://github.com/nunit/nunit.analyzers/tree/master/documentation/NUnit2007.md) [C:\\repos\\nunit\\nunit.issues\\Issue5011\\lastversion\\lastversion.csproj]\r\nC:\\repos\\nunit\\nunit.issues\\Issue5011\\lastversion\\NUnitConstraintsTestBase.cs(302,40): warning NUnit2009: The actual and the expected argument is the same \u002742\u0027 (https://github.com/nunit/nunit.analyzers/tree/master/documentation/NUnit2009.md) [C:\\repos\\nunit\\nunit.issues\\Issue5011\\lastversion\\lastversion.csproj]\r\nC:\\repos\\nunit\\nunit.issues\\Issue5011\\lastversion\\NUnitConstraintsTestBase.cs(303,45): warning NUnit2009: The actual and the expected argument is the same \u0027\u0022hello\u0022\u0027 (https://github.com/nunit/nunit.analyzers/tree/master/documentation/NUnit2009.md) [C:\\repos\\nunit\\nunit.issues\\Issue5011\\lastversion\\lastversion.csproj]\r\nC:\\repos\\nunit\\nunit.issues\\Issue5011\\lastversion\\NUnitConstraintsTestBase.cs(304,42): warning NUnit2009: The actual and the expected argument is the same \u00273.14\u0027 (https://github.com/nunit/nunit.analyzers/tree/master/documentation/NUnit2009.md) [C:\\repos\\nunit\\nunit.issues\\Issue5011\\lastversion\\lastversion.csproj]\r\nC:\\repos\\nunit\\nunit.issues\\Issue5011\\lastversion\\NUnitConstraintsTestBase.cs(311,25): warning NUnit2007: The actual value should not be a constant - perhaps the actual value and the expected value have switched places (https://github.com/nunit/nunit.analyzers/tree/master/documentation/NUnit2007.md) [C:\\repos\\nunit\\nunit.issues\\Issue5011\\lastversion\\lastversion.csproj]\r\nC:\\repos\\nunit\\nunit.issues\\Issue5011\\lastversion\\NUnitConstraintsTestBase.cs(312,25): warning NUnit2007: The actual value should not be a constant - perhaps the actual value and the expected value have switched places (https://github.com/nunit/nunit.analyzers/tree/master/documentation/NUnit2007.md) [C:\\repos\\nunit\\nunit.issues\\Issue5011\\lastversion\\lastversion.csproj]\r\nC:\\repos\\nunit\\nunit.issues\\Issue5011\\lastversion\\NUnitConstraintsTestBase.cs(320,40): warning NUnit2009: The actual and the expected argument is the same \u0027obj\u0027 (https://github.com/nunit/nunit.analyzers/tree/master/documentation/NUnit2009.md) [C:\\repos\\nunit\\nunit.issues\\Issue5011\\lastversion\\lastversion.csproj]\r\nC:\\repos\\nunit\\nunit.issues\\Issue5011\\lastversion\\NUnitConstraintsTestBase.cs(340,25): warning NUnit2007: The actual value should not be a constant - perhaps the actual value and the expected value have switched places (https://github.com/nunit/nunit.analyzers/tree/master/documentation/NUnit2007.md) [C:\\repos\\nunit\\nunit.issues\\Issue5011\\lastversion\\lastversion.csproj]\r\nC:\\repos\\nunit\\nunit.issues\\Issue5011\\lastversion\\NUnitConstraintsTestBase.cs(341,25): warning NUnit2007: The actual value should not be a constant - perhaps the actual value and the expected value have switched places (https://github.com/nunit/nunit.analyzers/tree/master/documentation/NUnit2007.md) [C:\\repos\\nunit\\nunit.issues\\Issue5011\\lastversion\\lastversion.csproj]\r\nC:\\repos\\nunit\\nunit.issues\\Issue5011\\lastversion\\NUnitConstraintsTestBase.cs(348,25): warning NUnit2007: The actual value should not be a constant - perhaps the actual value and the expected value have switched places (https://github.com/nunit/nunit.analyzers/tree/master/documentation/NUnit2007.md) [C:\\repos\\nunit\\nunit.issues\\Issue5011\\lastversion\\lastversion.csproj]\r\nC:\\repos\\nunit\\nunit.issues\\Issue5011\\lastversion\\NUnitConstraintsTestBase.cs(349,25): warning NUnit2007: The actual value should not be a constant - perhaps the actual value and the expected value have switched places (https://github.com/nunit/nunit.analyzers/tree/master/documentation/NUnit2007.md) [C:\\repos\\nunit\\nunit.issues\\Issue5011\\lastversion\\lastversion.csproj]\r\nC:\\repos\\nunit\\nunit.issues\\Issue5011\\lastversion\\NUnitConstraintsTestBase.cs(348,53): warning NUnit2009: The actual and the expected argument is the same \u002710\u0027 (https://github.com/nunit/nunit.analyzers/tree/master/documentation/NUnit2009.md) [C:\\repos\\nunit\\nunit.issues\\Issue5011\\lastversion\\lastversion.csproj]\r\nC:\\repos\\nunit\\nunit.issues\\Issue5011\\lastversion\\NUnitConstraintsTestBase.cs(356,25): warning NUnit2007: The actual value should not be a constant - perhaps the actual value and the expected value have switched places (https://github.com/nunit/nunit.analyzers/tree/master/documentation/NUnit2007.md) [C:\\repos\\nunit\\nunit.issues\\Issue5011\\lastversion\\lastversion.csproj]\r\nC:\\repos\\nunit\\nunit.issues\\Issue5011\\lastversion\\NUnitConstraintsTestBase.cs(357,25): warning NUnit2007: The actual value should not be a constant - perhaps the actual value and the expected value have switched places (https://github.com/nunit/nunit.analyzers/tree/master/documentation/NUnit2007.md) [C:\\repos\\nunit\\nunit.issues\\Issue5011\\lastversion\\lastversion.csproj]\r\nC:\\repos\\nunit\\nunit.issues\\Issue5011\\lastversion\\NUnitConstraintsTestBase.cs(356,40): warning NUnit2009: The actual and the expected argument is the same \u002710\u0027 (https://github.com/nunit/nunit.analyzers/tree/master/documentation/NUnit2009.md) [C:\\repos\\nunit\\nunit.issues\\Issue5011\\lastversion\\lastversion.csproj]\r\nC:\\repos\\nunit\\nunit.issues\\Issue5011\\lastversion\\NUnitConstraintsTestBase.cs(364,25): warning NUnit2007: The actual value should not be a constant - perhaps the actual value and the expected value have switched places (https://github.com/nunit/nunit.analyzers/tree/master/documentation/NUnit2007.md) [C:\\repos\\nunit\\nunit.issues\\Issue5011\\lastversion\\lastversion.csproj]\r\nC:\\repos\\nunit\\nunit.issues\\Issue5011\\lastversion\\NUnitConstraintsTestBase.cs(365,25): warning NUnit2007: The actual value should not be a constant - perhaps the actual value and the expected value have switched places (https://github.com/nunit/nunit.analyzers/tree/master/documentation/NUnit2007.md) [C:\\repos\\nunit\\nunit.issues\\Issue5011\\lastversion\\lastversion.csproj]\r\nC:\\repos\\nunit\\nunit.issues\\Issue5011\\lastversion\\NUnitConstraintsTestBase.cs(372,25): warning NUnit2007: The actual value should not be a constant - perhaps the actual value and the expected value have switched places (https://github.com/nunit/nunit.analyzers/tree/master/documentation/NUnit2007.md) [C:\\repos\\nunit\\nunit.issues\\Issue5011\\lastversion\\lastversion.csproj]\r\nC:\\repos\\nunit\\nunit.issues\\Issue5011\\lastversion\\NUnitConstraintsTestBase.cs(373,25): warning NUnit2007: The actual value should not be a constant - perhaps the actual value and the expected value have switched places (https://github.com/nunit/nunit.analyzers/tree/master/documentation/NUnit2007.md) [C:\\repos\\nunit\\nunit.issues\\Issue5011\\lastversion\\lastversion.csproj]\r\nC:\\repos\\nunit\\nunit.issues\\Issue5011\\lastversion\\NUnitConstraintsTestBase.cs(372,50): warning NUnit2009: The actual and the expected argument is the same \u002710\u0027 (https://github.com/nunit/nunit.analyzers/tree/master/documentation/NUnit2009.md) [C:\\repos\\nunit\\nunit.issues\\Issue5011\\lastversion\\lastversion.csproj]\r\nC:\\repos\\nunit\\nunit.issues\\Issue5011\\lastversion\\NUnitConstraintsTestBase.cs(380,25): warning NUnit2007: The actual value should not be a constant - perhaps the actual value and the expected value have switched places (https://github.com/nunit/nunit.analyzers/tree/master/documentation/NUnit2007.md) [C:\\repos\\nunit\\nunit.issues\\Issue5011\\lastversion\\lastversion.csproj]\r\nC:\\repos\\nunit\\nunit.issues\\Issue5011\\lastversion\\NUnitConstraintsTestBase.cs(381,25): warning NUnit2007: The actual value should not be a constant - perhaps the actual value and the expected value have switched places (https://github.com/nunit/nunit.analyzers/tree/master/documentation/NUnit2007.md) [C:\\repos\\nunit\\nunit.issues\\Issue5011\\lastversion\\lastversion.csproj]\r\nC:\\repos\\nunit\\nunit.issues\\Issue5011\\lastversion\\NUnitConstraintsTestBase.cs(380,39): warning NUnit2009: The actual and the expected argument is the same \u002710\u0027 (https://github.com/nunit/nunit.analyzers/tree/master/documentation/NUnit2009.md) [C:\\repos\\nunit\\nunit.issues\\Issue5011\\lastversion\\lastversion.csproj]\r\nC:\\repos\\nunit\\nunit.issues\\Issue5011\\lastversion\\NUnitConstraintsTestBase.cs(392,25): warning NUnit2007: The actual value should not be a constant - perhaps the actual value and the expected value have switched places (https://github.com/nunit/nunit.analyzers/tree/master/documentation/NUnit2007.md) [C:\\repos\\nunit\\nunit.issues\\Issue5011\\lastversion\\lastversion.csproj]\r\nC:\\repos\\nunit\\nunit.issues\\Issue5011\\lastversion\\NUnitConstraintsTestBase.cs(393,25): warning NUnit2007: The actual value should not be a constant - perhaps the actual value and the expected value have switched places (https://github.com/nunit/nunit.analyzers/tree/master/documentation/NUnit2007.md) [C:\\repos\\nunit\\nunit.issues\\Issue5011\\lastversion\\lastversion.csproj]\r\nC:\\repos\\nunit\\nunit.issues\\Issue5011\\lastversion\\NUnitConstraintsTestBase.cs(400,25): warning NUnit2007: The actual value should not be a constant - perhaps the actual value and the expected value have switched places (https://github.com/nunit/nunit.analyzers/tree/master/documentation/NUnit2007.md) [C:\\repos\\nunit\\nunit.issues\\Issue5011\\lastversion\\lastversion.csproj]\r\nC:\\repos\\nunit\\nunit.issues\\Issue5011\\lastversion\\NUnitConstraintsTestBase.cs(401,25): warning NUnit2007: The actual value should not be a constant - perhaps the actual value and the expected value have switched places (https://github.com/nunit/nunit.analyzers/tree/master/documentation/NUnit2007.md) [C:\\repos\\nunit\\nunit.issues\\Issue5011\\lastversion\\lastversion.csproj]\r\nC:\\repos\\nunit\\nunit.issues\\Issue5011\\lastversion\\NUnitConstraintsTestBase.cs(432,25): warning NUnit2007: The actual value should not be a constant - perhaps the actual value and the expected value have switched places (https://github.com/nunit/nunit.analyzers/tree/master/documentation/NUnit2007.md) [C:\\repos\\nunit\\nunit.issues\\Issue5011\\lastversion\\lastversion.csproj]\r\nC:\\repos\\nunit\\nunit.issues\\Issue5011\\lastversion\\NUnitConstraintsTestBase.cs(433,25): warning NUnit2007: The actual value should not be a constant - perhaps the actual value and the expected value have switched places (https://github.com/nunit/nunit.analyzers/tree/master/documentation/NUnit2007.md) [C:\\repos\\nunit\\nunit.issues\\Issue5011\\lastversion\\lastversion.csproj]\r\nC:\\repos\\nunit\\nunit.issues\\Issue5011\\lastversion\\NUnitConstraintsTestBase.cs(440,25): warning NUnit2007: The actual value should not be a constant - perhaps the actual value and the expected value have switched places (https://github.com/nunit/nunit.analyzers/tree/master/documentation/NUnit2007.md) [C:\\repos\\nunit\\nunit.issues\\Issue5011\\lastversion\\lastversion.csproj]\r\nC:\\repos\\nunit\\nunit.issues\\Issue5011\\lastversion\\NUnitConstraintsTestBase.cs(441,25): warning NUnit2007: The actual value should not be a constant - perhaps the actual value and the expected value have switched places (https://github.com/nunit/nunit.analyzers/tree/master/documentation/NUnit2007.md) [C:\\repos\\nunit\\nunit.issues\\Issue5011\\lastversion\\lastversion.csproj]\r\nC:\\repos\\nunit\\nunit.issues\\Issue5011\\lastversion\\NUnitConstraintsTestBase.cs(448,25): warning NUnit2007: The actual value should not be a constant - perhaps the actual value and the expected value have switched places (https://github.com/nunit/nunit.analyzers/tree/master/documentation/NUnit2007.md) [C:\\repos\\nunit\\nunit.issues\\Issue5011\\lastversion\\lastversion.csproj]\r\nC:\\repos\\nunit\\nunit.issues\\Issue5011\\lastversion\\NUnitConstraintsTestBase.cs(449,25): warning NUnit2007: The actual value should not be a constant - perhaps the actual value and the expected value have switched places (https://github.com/nunit/nunit.analyzers/tree/master/documentation/NUnit2007.md) [C:\\repos\\nunit\\nunit.issues\\Issue5011\\lastversion\\lastversion.csproj]\r\nC:\\repos\\nunit\\nunit.issues\\Issue5011\\lastversion\\NUnitConstraintsTestBase.cs(456,25): warning NUnit2007: The actual value should not be a constant - perhaps the actual value and the expected value have switched places (https://github.com/nunit/nunit.analyzers/tree/master/documentation/NUnit2007.md) [C:\\repos\\nunit\\nunit.issues\\Issue5011\\lastversion\\lastversion.csproj]\r\nC:\\repos\\nunit\\nunit.issues\\Issue5011\\lastversion\\NUnitConstraintsTestBase.cs(457,25): warning NUnit2007: The actual value should not be a constant - perhaps the actual value and the expected value have switched places (https://github.com/nunit/nunit.analyzers/tree/master/documentation/NUnit2007.md) [C:\\repos\\nunit\\nunit.issues\\Issue5011\\lastversion\\lastversion.csproj]\r\nC:\\repos\\nunit\\nunit.issues\\Issue5011\\lastversion\\NUnitConstraintsTestBase.cs(463,25): warning NUnit2007: The actual value should not be a constant - perhaps the actual value and the expected value have switched places (https://github.com/nunit/nunit.analyzers/tree/master/documentation/NUnit2007.md) [C:\\repos\\nunit\\nunit.issues\\Issue5011\\lastversion\\lastversion.csproj]\r\nC:\\repos\\nunit\\nunit.issues\\Issue5011\\lastversion\\NUnitConstraintsTestBase.cs(464,25): warning NUnit2007: The actual value should not be a constant - perhaps the actual value and the expected value have switched places (https://github.com/nunit/nunit.analyzers/tree/master/documentation/NUnit2007.md) [C:\\repos\\nunit\\nunit.issues\\Issue5011\\lastversion\\lastversion.csproj]\r\nC:\\repos\\nunit\\nunit.issues\\Issue5011\\lastversion\\NUnitConstraintsTestBase.cs(478,25): warning NUnit2007: The actual value should not be a constant - perhaps the actual value and the expected value have switched places (https://github.com/nunit/nunit.analyzers/tree/master/documentation/NUnit2007.md) [C:\\repos\\nunit\\nunit.issues\\Issue5011\\lastversion\\lastversion.csproj]\r\nC:\\repos\\nunit\\nunit.issues\\Issue5011\\lastversion\\NUnitConstraintsTestBase.cs(489,25): warning NUnit2007: The actual value should not be a constant - perhaps the actual value and the expected value have switched places (https://github.com/nunit/nunit.analyzers/tree/master/documentation/NUnit2007.md) [C:\\repos\\nunit\\nunit.issues\\Issue5011\\lastversion\\lastversion.csproj]\r\nC:\\repos\\nunit\\nunit.issues\\Issue5011\\lastversion\\NUnitConstraintsTestBase.cs(490,25): warning NUnit2007: The actual value should not be a constant - perhaps the actual value and the expected value have switched places (https://github.com/nunit/nunit.analyzers/tree/master/documentation/NUnit2007.md) [C:\\repos\\nunit\\nunit.issues\\Issue5011\\lastversion\\lastversion.csproj]\r\nC:\\repos\\nunit\\nunit.issues\\Issue5011\\lastversion\\NUnitConstraintsTestBase.cs(497,25): warning NUnit2007: The actual value should not be a constant - perhaps the actual value and the expected value have switched places (https://github.com/nunit/nunit.analyzers/tree/master/documentation/NUnit2007.md) [C:\\repos\\nunit\\nunit.issues\\Issue5011\\lastversion\\lastversion.csproj]\r\nC:\\repos\\nunit\\nunit.issues\\Issue5011\\lastversion\\NUnitConstraintsTestBase.cs(498,25): warning NUnit2007: The actual value should not be a constant - perhaps the actual value and the expected value have switched places (https://github.com/nunit/nunit.analyzers/tree/master/documentation/NUnit2007.md) [C:\\repos\\nunit\\nunit.issues\\Issue5011\\lastversion\\lastversion.csproj]\r\nC:\\repos\\nunit\\nunit.issues\\Issue5011\\lastversion\\NUnitConstraintsTestBase.cs(505,25): warning NUnit2007: The actual value should not be a constant - perhaps the actual value and the expected value have switched places (https://github.com/nunit/nunit.analyzers/tree/master/documentation/NUnit2007.md) [C:\\repos\\nunit\\nunit.issues\\Issue5011\\lastversion\\lastversion.csproj]\r\nC:\\repos\\nunit\\nunit.issues\\Issue5011\\lastversion\\NUnitConstraintsTestBase.cs(506,25): warning NUnit2007: The actual value should not be a constant - perhaps the actual value and the expected value have switched places (https://github.com/nunit/nunit.analyzers/tree/master/documentation/NUnit2007.md) [C:\\repos\\nunit\\nunit.issues\\Issue5011\\lastversion\\lastversion.csproj]\r\nC:\\repos\\nunit\\nunit.issues\\Issue5011\\lastversion\\NUnitConstraintsTestBase.cs(513,25): warning NUnit2007: The actual value should not be a constant - perhaps the actual value and the expected value have switched places (https://github.com/nunit/nunit.analyzers/tree/master/documentation/NUnit2007.md) [C:\\repos\\nunit\\nunit.issues\\Issue5011\\lastversion\\lastversion.csproj]\r\nC:\\repos\\nunit\\nunit.issues\\Issue5011\\lastversion\\NUnitConstraintsTestBase.cs(514,25): warning NUnit2007: The actual value should not be a constant - perhaps the actual value and the expected value have switched places (https://github.com/nunit/nunit.analyzers/tree/master/documentation/NUnit2007.md) [C:\\repos\\nunit\\nunit.issues\\Issue5011\\lastversion\\lastversion.csproj]\r\nC:\\repos\\nunit\\nunit.issues\\Issue5011\\lastversion\\NUnitConstraintsTestBase.cs(682,25): warning NUnit2007: The actual value should not be a constant - perhaps the actual value and the expected value have switched places (https://github.com/nunit/nunit.analyzers/tree/master/documentation/NUnit2007.md) [C:\\repos\\nunit\\nunit.issues\\Issue5011\\lastversion\\lastversion.csproj]\r\nC:\\repos\\nunit\\nunit.issues\\Issue5011\\lastversion\\NUnitConstraintsTestBase.cs(689,25): warning NUnit2007: The actual value should not be a constant - perhaps the actual value and the expected value have switched places (https://github.com/nunit/nunit.analyzers/tree/master/documentation/NUnit2007.md) [C:\\repos\\nunit\\nunit.issues\\Issue5011\\lastversion\\lastversion.csproj]\r\nC:\\repos\\nunit\\nunit.issues\\Issue5011\\lastversion\\NUnitConstraintsTestBase.cs(696,25): warning NUnit2007: The actual value should not be a constant - perhaps the actual value and the expected value have switched places (https://github.com/nunit/nunit.analyzers/tree/master/documentation/NUnit2007.md) [C:\\repos\\nunit\\nunit.issues\\Issue5011\\lastversion\\lastversion.csproj]\r\nC:\\repos\\nunit\\nunit.issues\\Issue5011\\lastversion\\NUnitConstraintsTestBase.cs(703,25): warning NUnit2007: The actual value should not be a constant - perhaps the actual value and the expected value have switched places (https://github.com/nunit/nunit.analyzers/tree/master/documentation/NUnit2007.md) [C:\\repos\\nunit\\nunit.issues\\Issue5011\\lastversion\\lastversion.csproj]\r\nC:\\repos\\nunit\\nunit.issues\\Issue5011\\lastversion\\NUnitConstraintsTestBase.cs(717,25): warning NUnit2007: The actual value should not be a constant - perhaps the actual value and the expected value have switched places (https://github.com/nunit/nunit.analyzers/tree/master/documentation/NUnit2007.md) [C:\\repos\\nunit\\nunit.issues\\Issue5011\\lastversion\\lastversion.csproj]\r\nC:\\repos\\nunit\\nunit.issues\\Issue5011\\lastversion\\NUnitConstraintsTestBase.cs(724,25): warning NUnit2007: The actual value should not be a constant - perhaps the actual value and the expected value have switched places (https://github.com/nunit/nunit.analyzers/tree/master/documentation/NUnit2007.md) [C:\\repos\\nunit\\nunit.issues\\Issue5011\\lastversion\\lastversion.csproj]\r\nC:\\repos\\nunit\\nunit.issues\\Issue5011\\lastversion\\NUnitConstraintsTestBase.cs(731,25): warning NUnit2007: The actual value should not be a constant - perhaps the actual value and the expected value have switched places (https://github.com/nunit/nunit.analyzers/tree/master/documentation/NUnit2007.md) [C:\\repos\\nunit\\nunit.issues\\Issue5011\\lastversion\\lastversion.csproj]\r\nC:\\repos\\nunit\\nunit.issues\\Issue5011\\lastversion\\NUnitConstraintsTestBase.cs(856,25): warning NUnit2007: The actual value should not be a constant - perhaps the actual value and the expected value have switched places (https://github.com/nunit/nunit.analyzers/tree/master/documentation/NUnit2007.md) [C:\\repos\\nunit\\nunit.issues\\Issue5011\\lastversion\\lastversion.csproj]\r\nC:\\repos\\nunit\\nunit.issues\\Issue5011\\lastversion\\NUnitConstraintsTestBase.cs(863,25): warning NUnit2007: The actual value should not be a constant - perhaps the actual value and the expected value have switched places (https://github.com/nunit/nunit.analyzers/tree/master/documentation/NUnit2007.md) [C:\\repos\\nunit\\nunit.issues\\Issue5011\\lastversion\\lastversion.csproj]\r\nC:\\repos\\nunit\\nunit.issues\\Issue5011\\lastversion\\NUnitConstraintsTestBase.cs(863,45): warning NUnit2009: The actual and the expected argument is the same \u0027\u0022hello\u0022\u0027 (https://github.com/nunit/nunit.analyzers/tree/master/documentation/NUnit2009.md) [C:\\repos\\nunit\\nunit.issues\\Issue5011\\lastversion\\lastversion.csproj]\r\nC:\\repos\\nunit\\nunit.issues\\Issue5011\\lastversion\\NUnitConstraintsTestBase.cs(870,25): warning NUnit2007: The actual value should not be a constant - perhaps the actual value and the expected value have switched places (https://github.com/nunit/nunit.analyzers/tree/master/documentation/NUnit2007.md) [C:\\repos\\nunit\\nunit.issues\\Issue5011\\lastversion\\lastversion.csproj]\r\nC:\\repos\\nunit\\nunit.issues\\Issue5011\\lastversion\\NUnitConstraintsTestBase.cs(871,25): warning NUnit2007: The actual value should not be a constant - perhaps the actual value and the expected value have switched places (https://github.com/nunit/nunit.analyzers/tree/master/documentation/NUnit2007.md) [C:\\repos\\nunit\\nunit.issues\\Issue5011\\lastversion\\lastversion.csproj]\r\nC:\\repos\\nunit\\nunit.issues\\Issue5011\\lastversion\\NUnitConstraintsTestBase.cs(872,25): warning NUnit2007: The actual value should not be a constant - perhaps the actual value and the expected value have switched places (https://github.com/nunit/nunit.analyzers/tree/master/documentation/NUnit2007.md) [C:\\repos\\nunit\\nunit.issues\\Issue5011\\lastversion\\lastversion.csproj]\r\n  lastversion -\u003E C:\\repos\\nunit\\nunit.issues\\Issue5011\\lastversion\\bin\\Debug\\net10.0\\lastversion.dll\r\n\r\nBuild succeeded.\r\n\r\nC:\\repos\\nunit\\nunit.issues\\Issue5011\\lastversion\\ReproAgain.cs(157,38): warning CS8602: Dereference of a possibly null reference. [C:\\repos\\nunit\\nunit.issues\\Issue5011\\lastversion\\lastversion.csproj]\r\nC:\\repos\\nunit\\nunit.issues\\Issue5011\\lastversion\\ReproAgain.cs(46,38): warning CS8602: Dereference of a possibly null reference. [C:\\repos\\nunit\\nunit.issues\\Issue5011\\lastversion\\lastversion.csproj]\r\nC:\\repos\\nunit\\nunit.issues\\Issue5011\\lastversion\\NUnitConstraintsTestBase.cs(88,38): warning CS8602: Dereference of a possibly null reference. [C:\\repos\\nunit\\nunit.issues\\Issue5011\\lastversion\\lastversion.csproj]\r\nC:\\repos\\nunit\\nunit.issues\\Issue5011\\lastversion\\Issue5011ReproductionTest.cs(148,38): warning CS8602: Dereference of a possibly null reference. [C:\\repos\\nunit\\nunit.issues\\Issue5011\\lastversion\\lastversion.csproj]\r\nC:\\repos\\nunit\\nunit.issues\\Issue5011\\lastversion\\NUnitConstraintsTestBase.cs(412,33): warning CS8600: Converting null literal or possible null value to non-nullable type. [C:\\repos\\nunit\\nunit.issues\\Issue5011\\lastversion\\lastversion.csproj]\r\nC:\\repos\\nunit\\nunit.issues\\Issue5011\\lastversion\\NUnitConstraintsTestBase.cs(751,36): warning CS8600: Converting null literal or possible null value to non-nullable type. [C:\\repos\\nunit\\nunit.issues\\Issue5011\\lastversion\\lastversion.csproj]\r\nC:\\repos\\nunit\\nunit.issues\\Issue5011\\lastversion\\NUnitConstraintsTestBase.cs(815,21): warning CS0219: The variable \u0027x\u0027 is assigned but its value is never used [C:\\repos\\nunit\\nunit.issues\\Issue5011\\lastversion\\lastversion.csproj]\r\nC:\\repos\\nunit\\nunit.issues\\Issue5011\\lastversion\\NUnitConstraintsTestBase.cs(117,29): warning NUnit2007: The actual value should not be a constant - perhaps the actual value and the expected value have switched places (https://github.com/nunit/nunit.analyzers/tree/master/documentation/NUnit2007.md) [C:\\repos\\nunit\\nunit.issues\\Issue5011\\lastversion\\lastversion.csproj]\r\nC:\\repos\\nunit\\nunit.issues\\Issue5011\\lastversion\\NUnitConstraintsTestBase.cs(118,29): warning NUnit2007: The actual value should not be a constant - perhaps the actual value and the expected value have switched places (https://github.com/nunit/nunit.analyzers/tree/master/documentation/NUnit2007.md) [C:\\repos\\nunit\\nunit.issues\\Issue5011\\lastversion\\lastversion.csproj]\r\nC:\\repos\\nunit\\nunit.issues\\Issue5011\\lastversion\\NUnitConstraintsTestBase.cs(119,29): warning NUnit2007: The actual value should not be a constant - perhaps the actual value and the expected value have switched places (https://github.com/nunit/nunit.analyzers/tree/master/documentation/NUnit2007.md) [C:\\repos\\nunit\\nunit.issues\\Issue5011\\lastversion\\lastversion.csproj]\r\nC:\\repos\\nunit\\nunit.issues\\Issue5011\\lastversion\\NUnitConstraintsTestBase.cs(118,49): warning NUnit2009: The actual and the expected argument is the same \u0027\u0022hello\u0022\u0027 (https://github.com/nunit/nunit.analyzers/tree/master/documentation/NUnit2009.md) [C:\\repos\\nunit\\nunit.issues\\Issue5011\\lastversion\\lastversion.csproj]\r\nC:\\repos\\nunit\\nunit.issues\\Issue5011\\lastversion\\NUnitConstraintsTestBase.cs(302,25): warning NUnit2007: The actual value should not be a constant - perhaps the actual value and the expected value have switched places (https://github.com/nunit/nunit.analyzers/tree/master/documentation/NUnit2007.md) [C:\\repos\\nunit\\nunit.issues\\Issue5011\\lastversion\\lastversion.csproj]\r\nC:\\repos\\nunit\\nunit.issues\\Issue5011\\lastversion\\NUnitConstraintsTestBase.cs(303,25): warning NUnit2007: The actual value should not be a constant - perhaps the actual value and the expected value have switched places (https://github.com/nunit/nunit.analyzers/tree/master/documentation/NUnit2007.md) [C:\\repos\\nunit\\nunit.issues\\Issue5011\\lastversion\\lastversion.csproj]\r\nC:\\repos\\nunit\\nunit.issues\\Issue5011\\lastversion\\NUnitConstraintsTestBase.cs(304,25): warning NUnit2007: The actual value should not be a constant - perhaps the actual value and the expected value have switched places (https://github.com/nunit/nunit.analyzers/tree/master/documentation/NUnit2007.md) [C:\\repos\\nunit\\nunit.issues\\Issue5011\\lastversion\\lastversion.csproj]\r\nC:\\repos\\nunit\\nunit.issues\\Issue5011\\lastversion\\NUnitConstraintsTestBase.cs(302,40): warning NUnit2009: The actual and the expected argument is the same \u002742\u0027 (https://github.com/nunit/nunit.analyzers/tree/master/documentation/NUnit2009.md) [C:\\repos\\nunit\\nunit.issues\\Issue5011\\lastversion\\lastversion.csproj]\r\nC:\\repos\\nunit\\nunit.issues\\Issue5011\\lastversion\\NUnitConstraintsTestBase.cs(303,45): warning NUnit2009: The actual and the expected argument is the same \u0027\u0022hello\u0022\u0027 (https://github.com/nunit/nunit.analyzers/tree/master/documentation/NUnit2009.md) [C:\\repos\\nunit\\nunit.issues\\Issue5011\\lastversion\\lastversion.csproj]\r\nC:\\repos\\nunit\\nunit.issues\\Issue5011\\lastversion\\NUnitConstraintsTestBase.cs(304,42): warning NUnit2009: The actual and the expected argument is the same \u00273.14\u0027 (https://github.com/nunit/nunit.analyzers/tree/master/documentation/NUnit2009.md) [C:\\repos\\nunit\\nunit.issues\\Issue5011\\lastversion\\lastversion.csproj]\r\nC:\\repos\\nunit\\nunit.issues\\Issue5011\\lastversion\\NUnitConstraintsTestBase.cs(311,25): warning NUnit2007: The actual value should not be a constant - perhaps the actual value and the expected value have switched places (https://github.com/nunit/nunit.analyzers/tree/master/documentation/NUnit2007.md) [C:\\repos\\nunit\\nunit.issues\\Issue5011\\lastversion\\lastversion.csproj]\r\nC:\\repos\\nunit\\nunit.issues\\Issue5011\\lastversion\\NUnitConstraintsTestBase.cs(312,25): warning NUnit2007: The actual value should not be a constant - perhaps the actual value and the expected value have switched places (https://github.com/nunit/nunit.analyzers/tree/master/documentation/NUnit2007.md) [C:\\repos\\nunit\\nunit.issues\\Issue5011\\lastversion\\lastversion.csproj]\r\nC:\\repos\\nunit\\nunit.issues\\Issue5011\\lastversion\\NUnitConstraintsTestBase.cs(320,40): warning NUnit2009: The actual and the expected argument is the same \u0027obj\u0027 (https://github.com/nunit/nunit.analyzers/tree/master/documentation/NUnit2009.md) [C:\\repos\\nunit\\nunit.issues\\Issue5011\\lastversion\\lastversion.csproj]\r\nC:\\repos\\nunit\\nunit.issues\\Issue5011\\lastversion\\NUnitConstraintsTestBase.cs(340,25): warning NUnit2007: The actual value should not be a constant - perhaps the actual value and the expected value have switched places (https://github.com/nunit/nunit.analyzers/tree/master/documentation/NUnit2007.md) [C:\\repos\\nunit\\nunit.issues\\Issue5011\\lastversion\\lastversion.csproj]\r\nC:\\repos\\nunit\\nunit.issues\\Issue5011\\lastversion\\NUnitConstraintsTestBase.cs(341,25): warning NUnit2007: The actual value should not be a constant - perhaps the actual value and the expected value have switched places (https://github.com/nunit/nunit.analyzers/tree/master/documentation/NUnit2007.md) [C:\\repos\\nunit\\nunit.issues\\Issue5011\\lastversion\\lastversion.csproj]\r\nC:\\repos\\nunit\\nunit.issues\\Issue5011\\lastversion\\NUnitConstraintsTestBase.cs(348,25): warning NUnit2007: The actual value should not be a constant - perhaps the actual value and the expected value have switched places (https://github.com/nunit/nunit.analyzers/tree/master/documentation/NUnit2007.md) [C:\\repos\\nunit\\nunit.issues\\Issue5011\\lastversion\\lastversion.csproj]\r\nC:\\repos\\nunit\\nunit.issues\\Issue5011\\lastversion\\NUnitConstraintsTestBase.cs(349,25): warning NUnit2007: The actual value should not be a constant - perhaps the actual value and the expected value have switched places (https://github.com/nunit/nunit.analyzers/tree/master/documentation/NUnit2007.md) [C:\\repos\\nunit\\nunit.issues\\Issue5011\\lastversion\\lastversion.csproj]\r\nC:\\repos\\nunit\\nunit.issues\\Issue5011\\lastversion\\NUnitConstraintsTestBase.cs(348,53): warning NUnit2009: The actual and the expected argument is the same \u002710\u0027 (https://github.com/nunit/nunit.analyzers/tree/master/documentation/NUnit2009.md) [C:\\repos\\nunit\\nunit.issues\\Issue5011\\lastversion\\lastversion.csproj]\r\nC:\\repos\\nunit\\nunit.issues\\Issue5011\\lastversion\\NUnitConstraintsTestBase.cs(356,25): warning NUnit2007: The actual value should not be a constant - perhaps the actual value and the expected value have switched places (https://github.com/nunit/nunit.analyzers/tree/master/documentation/NUnit2007.md) [C:\\repos\\nunit\\nunit.issues\\Issue5011\\lastversion\\lastversion.csproj]\r\nC:\\repos\\nunit\\nunit.issues\\Issue5011\\lastversion\\NUnitConstraintsTestBase.cs(357,25): warning NUnit2007: The actual value should not be a constant - perhaps the actual value and the expected value have switched places (https://github.com/nunit/nunit.analyzers/tree/master/documentation/NUnit2007.md) [C:\\repos\\nunit\\nunit.issues\\Issue5011\\lastversion\\lastversion.csproj]\r\nC:\\repos\\nunit\\nunit.issues\\Issue5011\\lastversion\\NUnitConstraintsTestBase.cs(356,40): warning NUnit2009: The actual and the expected argument is the same \u002710\u0027 (https://github.com/nunit/nunit.analyzers/tree/master/documentation/NUnit2009.md) [C:\\repos\\nunit\\nunit.issues\\Issue5011\\lastversion\\lastversion.csproj]\r\nC:\\repos\\nunit\\nunit.issues\\Issue5011\\lastversion\\NUnitConstraintsTestBase.cs(364,25): warning NUnit2007: The actual value should not be a constant - perhaps the actual value and the expected value have switched places (https://github.com/nunit/nunit.analyzers/tree/master/documentation/NUnit2007.md) [C:\\repos\\nunit\\nunit.issues\\Issue5011\\lastversion\\lastversion.csproj]\r\nC:\\repos\\nunit\\nunit.issues\\Issue5011\\lastversion\\NUnitConstraintsTestBase.cs(365,25): warning NUnit2007: The actual value should not be a constant - perhaps the actual value and the expected value have switched places (https://github.com/nunit/nunit.analyzers/tree/master/documentation/NUnit2007.md) [C:\\repos\\nunit\\nunit.issues\\Issue5011\\lastversion\\lastversion.csproj]\r\nC:\\repos\\nunit\\nunit.issues\\Issue5011\\lastversion\\NUnitConstraintsTestBase.cs(372,25): warning NUnit2007: The actual value should not be a constant - perhaps the actual value and the expected value have switched places (https://github.com/nunit/nunit.analyzers/tree/master/documentation/NUnit2007.md) [C:\\repos\\nunit\\nunit.issues\\Issue5011\\lastversion\\lastversion.csproj]\r\nC:\\repos\\nunit\\nunit.issues\\Issue5011\\lastversion\\NUnitConstraintsTestBase.cs(373,25): warning NUnit2007: The actual value should not be a constant - perhaps the actual value and the expected value have switched places (https://github.com/nunit/nunit.analyzers/tree/master/documentation/NUnit2007.md) [C:\\repos\\nunit\\nunit.issues\\Issue5011\\lastversion\\lastversion.csproj]\r\nC:\\repos\\nunit\\nunit.issues\\Issue5011\\lastversion\\NUnitConstraintsTestBase.cs(372,50): warning NUnit2009: The actual and the expected argument is the same \u002710\u0027 (https://github.com/nunit/nunit.analyzers/tree/master/documentation/NUnit2009.md) [C:\\repos\\nunit\\nunit.issues\\Issue5011\\lastversion\\lastversion.csproj]\r\nC:\\repos\\nunit\\nunit.issues\\Issue5011\\lastversion\\NUnitConstraintsTestBase.cs(380,25): warning NUnit2007: The actual value should not be a constant - perhaps the actual value and the expected value have switched places (https://github.com/nunit/nunit.analyzers/tree/master/documentation/NUnit2007.md) [C:\\repos\\nunit\\nunit.issues\\Issue5011\\lastversion\\lastversion.csproj]\r\nC:\\repos\\nunit\\nunit.issues\\Issue5011\\lastversion\\NUnitConstraintsTestBase.cs(381,25): warning NUnit2007: The actual value should not be a constant - perhaps the actual value and the expected value have switched places (https://github.com/nunit/nunit.analyzers/tree/master/documentation/NUnit2007.md) [C:\\repos\\nunit\\nunit.issues\\Issue5011\\lastversion\\lastversion.csproj]\r\nC:\\repos\\nunit\\nunit.issues\\Issue5011\\lastversion\\NUnitConstraintsTestBase.cs(380,39): warning NUnit2009: The actual and the expected argument is the same \u002710\u0027 (https://github.com/nunit/nunit.analyzers/tree/master/documentation/NUnit2009.md) [C:\\repos\\nunit\\nunit.issues\\Issue5011\\lastversion\\lastversion.csproj]\r\nC:\\repos\\nunit\\nunit.issues\\Issue5011\\lastversion\\NUnitConstraintsTestBase.cs(392,25): warning NUnit2007: The actual value should not be a constant - perhaps the actual value and the expected value have switched places (https://github.com/nunit/nunit.analyzers/tree/master/documentation/NUnit2007.md) [C:\\repos\\nunit\\nunit.issues\\Issue5011\\lastversion\\lastversion.csproj]\r\nC:\\repos\\nunit\\nunit.issues\\Issue5011\\lastversion\\NUnitConstraintsTestBase.cs(393,25): warning NUnit2007: The actual value should not be a constant - perhaps the actual value and the expected value have switched places (https://github.com/nunit/nunit.analyzers/tree/master/documentation/NUnit2007.md) [C:\\repos\\nunit\\nunit.issues\\Issue5011\\lastversion\\lastversion.csproj]\r\nC:\\repos\\nunit\\nunit.issues\\Issue5011\\lastversion\\NUnitConstraintsTestBase.cs(400,25): warning NUnit2007: The actual value should not be a constant - perhaps the actual value and the expected value have switched places (https://github.com/nunit/nunit.analyzers/tree/master/documentation/NUnit2007.md) [C:\\repos\\nunit\\nunit.issues\\Issue5011\\lastversion\\lastversion.csproj]\r\nC:\\repos\\nunit\\nunit.issues\\Issue5011\\lastversion\\NUnitConstraintsTestBase.cs(401,25): warning NUnit2007: The actual value should not be a constant - perhaps the actual value and the expected value have switched places (https://github.com/nunit/nunit.analyzers/tree/master/documentation/NUnit2007.md) [C:\\repos\\nunit\\nunit.issues\\Issue5011\\lastversion\\lastversion.csproj]\r\nC:\\repos\\nunit\\nunit.issues\\Issue5011\\lastversion\\NUnitConstraintsTestBase.cs(432,25): warning NUnit2007: The actual value should not be a constant - perhaps the actual value and the expected value have switched places (https://github.com/nunit/nunit.analyzers/tree/master/documentation/NUnit2007.md) [C:\\repos\\nunit\\nunit.issues\\Issue5011\\lastversion\\lastversion.csproj]\r\nC:\\repos\\nunit\\nunit.issues\\Issue5011\\lastversion\\NUnitConstraintsTestBase.cs(433,25): warning NUnit2007: The actual value should not be a constant - perhaps the actual value and the expected value have switched places (https://github.com/nunit/nunit.analyzers/tree/master/documentation/NUnit2007.md) [C:\\repos\\nunit\\nunit.issues\\Issue5011\\lastversion\\lastversion.csproj]\r\nC:\\repos\\nunit\\nunit.issues\\Issue5011\\lastversion\\NUnitConstraintsTestBase.cs(440,25): warning NUnit2007: The actual value should not be a constant - perhaps the actual value and the expected value have switched places (https://github.com/nunit/nunit.analyzers/tree/master/documentation/NUnit2007.md) [C:\\repos\\nunit\\nunit.issues\\Issue5011\\lastversion\\lastversion.csproj]\r\nC:\\repos\\nunit\\nunit.issues\\Issue5011\\lastversion\\NUnitConstraintsTestBase.cs(441,25): warning NUnit2007: The actual value should not be a constant - perhaps the actual value and the expected value have switched places (https://github.com/nunit/nunit.analyzers/tree/master/documentation/NUnit2007.md) [C:\\repos\\nunit\\nunit.issues\\Issue5011\\lastversion\\lastversion.csproj]\r\nC:\\repos\\nunit\\nunit.issues\\Issue5011\\lastversion\\NUnitConstraintsTestBase.cs(448,25): warning NUnit2007: The actual value should not be a constant - perhaps the actual value and the expected value have switched places (https://github.com/nunit/nunit.analyzers/tree/master/documentation/NUnit2007.md) [C:\\repos\\nunit\\nunit.issues\\Issue5011\\lastversion\\lastversion.csproj]\r\nC:\\repos\\nunit\\nunit.issues\\Issue5011\\lastversion\\NUnitConstraintsTestBase.cs(449,25): warning NUnit2007: The actual value should not be a constant - perhaps the actual value and the expected value have switched places (https://github.com/nunit/nunit.analyzers/tree/master/documentation/NUnit2007.md) [C:\\repos\\nunit\\nunit.issues\\Issue5011\\lastversion\\lastversion.csproj]\r\nC:\\repos\\nunit\\nunit.issues\\Issue5011\\lastversion\\NUnitConstraintsTestBase.cs(456,25): warning NUnit2007: The actual value should not be a constant - perhaps the actual value and the expected value have switched places (https://github.com/nunit/nunit.analyzers/tree/master/documentation/NUnit2007.md) [C:\\repos\\nunit\\nunit.issues\\Issue5011\\lastversion\\lastversion.csproj]\r\nC:\\repos\\nunit\\nunit.issues\\Issue5011\\lastversion\\NUnitConstraintsTestBase.cs(457,25): warning NUnit2007: The actual value should not be a constant - perhaps the actual value and the expected value have switched places (https://github.com/nunit/nunit.analyzers/tree/master/documentation/NUnit2007.md) [C:\\repos\\nunit\\nunit.issues\\Issue5011\\lastversion\\lastversion.csproj]\r\nC:\\repos\\nunit\\nunit.issues\\Issue5011\\lastversion\\NUnitConstraintsTestBase.cs(463,25): warning NUnit2007: The actual value should not be a constant - perhaps the actual value and the expected value have switched places (https://github.com/nunit/nunit.analyzers/tree/master/documentation/NUnit2007.md) [C:\\repos\\nunit\\nunit.issues\\Issue5011\\lastversion\\lastversion.csproj]\r\nC:\\repos\\nunit\\nunit.issues\\Issue5011\\lastversion\\NUnitConstraintsTestBase.cs(464,25): warning NUnit2007: The actual value should not be a constant - perhaps the actual value and the expected value have switched places (https://github.com/nunit/nunit.analyzers/tree/master/documentation/NUnit2007.md) [C:\\repos\\nunit\\nunit.issues\\Issue5011\\lastversion\\lastversion.csproj]\r\nC:\\repos\\nunit\\nunit.issues\\Issue5011\\lastversion\\NUnitConstraintsTestBase.cs(478,25): warning NUnit2007: The actual value should not be a constant - perhaps the actual value and the expected value have switched places (https://github.com/nunit/nunit.analyzers/tree/master/documentation/NUnit2007.md) [C:\\repos\\nunit\\nunit.issues\\Issue5011\\lastversion\\lastversion.csproj]\r\nC:\\repos\\nunit\\nunit.issues\\Issue5011\\lastversion\\NUnitConstraintsTestBase.cs(489,25): warning NUnit2007: The actual value should not be a constant - perhaps the actual value and the expected value have switched places (https://github.com/nunit/nunit.analyzers/tree/master/documentation/NUnit2007.md) [C:\\repos\\nunit\\nunit.issues\\Issue5011\\lastversion\\lastversion.csproj]\r\nC:\\repos\\nunit\\nunit.issues\\Issue5011\\lastversion\\NUnitConstraintsTestBase.cs(490,25): warning NUnit2007: The actual value should not be a constant - perhaps the actual value and the expected value have switched places (https://github.com/nunit/nunit.analyzers/tree/master/documentation/NUnit2007.md) [C:\\repos\\nunit\\nunit.issues\\Issue5011\\lastversion\\lastversion.csproj]\r\nC:\\repos\\nunit\\nunit.issues\\Issue5011\\lastversion\\NUnitConstraintsTestBase.cs(497,25): warning NUnit2007: The actual value should not be a constant - perhaps the actual value and the expected value have switched places (https://github.com/nunit/nunit.analyzers/tree/master/documentation/NUnit2007.md) [C:\\repos\\nunit\\nunit.issues\\Issue5011\\lastversion\\lastversion.csproj]\r\nC:\\repos\\nunit\\nunit.issues\\Issue5011\\lastversion\\NUnitConstraintsTestBase.cs(498,25): warning NUnit2007: The actual value should not be a constant - perhaps the actual value and the expected value have switched places (https://github.com/nunit/nunit.analyzers/tree/master/documentation/NUnit2007.md) [C:\\repos\\nunit\\nunit.issues\\Issue5011\\lastversion\\lastversion.csproj]\r\nC:\\repos\\nunit\\nunit.issues\\Issue5011\\lastversion\\NUnitConstraintsTestBase.cs(505,25): warning NUnit2007: The actual value should not be a constant - perhaps the actual value and the expected value have switched places (https://github.com/nunit/nunit.analyzers/tree/master/documentation/NUnit2007.md) [C:\\repos\\nunit\\nunit.issues\\Issue5011\\lastversion\\lastversion.csproj]\r\nC:\\repos\\nunit\\nunit.issues\\Issue5011\\lastversion\\NUnitConstraintsTestBase.cs(506,25): warning NUnit2007: The actual value should not be a constant - perhaps the actual value and the expected value have switched places (https://github.com/nunit/nunit.analyzers/tree/master/documentation/NUnit2007.md) [C:\\repos\\nunit\\nunit.issues\\Issue5011\\lastversion\\lastversion.csproj]\r\nC:\\repos\\nunit\\nunit.issues\\Issue5011\\lastversion\\NUnitConstraintsTestBase.cs(513,25): warning NUnit2007: The actual value should not be a constant - perhaps the actual value and the expected value have switched places (https://github.com/nunit/nunit.analyzers/tree/master/documentation/NUnit2007.md) [C:\\repos\\nunit\\nunit.issues\\Issue5011\\lastversion\\lastversion.csproj]\r\nC:\\repos\\nunit\\nunit.issues\\Issue5011\\lastversion\\NUnitConstraintsTestBase.cs(514,25): warning NUnit2007: The actual value should not be a constant - perhaps the actual value and the expected value have switched places (https://github.com/nunit/nunit.analyzers/tree/master/documentation/NUnit2007.md) [C:\\repos\\nunit\\nunit.issues\\Issue5011\\lastversion\\lastversion.csproj]\r\nC:\\repos\\nunit\\nunit.issues\\Issue5011\\lastversion\\NUnitConstraintsTestBase.cs(682,25): warning NUnit2007: The actual value should not be a constant - perhaps the actual value and the expected value have switched places (https://github.com/nunit/nunit.analyzers/tree/master/documentation/NUnit2007.md) [C:\\repos\\nunit\\nunit.issues\\Issue5011\\lastversion\\lastversion.csproj]\r\nC:\\repos\\nunit\\nunit.issues\\Issue5011\\lastversion\\NUnitConstraintsTestBase.cs(689,25): warning NUnit2007: The actual value should not be a constant - perhaps the actual value and the expected value have switched places (https://github.com/nunit/nunit.analyzers/tree/master/documentation/NUnit2007.md) [C:\\repos\\nunit\\nunit.issues\\Issue5011\\lastversion\\lastversion.csproj]\r\nC:\\repos\\nunit\\nunit.issues\\Issue5011\\lastversion\\NUnitConstraintsTestBase.cs(696,25): warning NUnit2007: The actual value should not be a constant - perhaps the actual value and the expected value have switched places (https://github.com/nunit/nunit.analyzers/tree/master/documentation/NUnit2007.md) [C:\\repos\\nunit\\nunit.issues\\Issue5011\\lastversion\\lastversion.csproj]\r\nC:\\repos\\nunit\\nunit.issues\\Issue5011\\lastversion\\NUnitConstraintsTestBase.cs(703,25): warning NUnit2007: The actual value should not be a constant - perhaps the actual value and the expected value have switched places (https://github.com/nunit/nunit.analyzers/tree/master/documentation/NUnit2007.md) [C:\\repos\\nunit\\nunit.issues\\Issue5011\\lastversion\\lastversion.csproj]\r\nC:\\repos\\nunit\\nunit.issues\\Issue5011\\lastversion\\NUnitConstraintsTestBase.cs(717,25): warning NUnit2007: The actual value should not be a constant - perhaps the actual value and the expected value have switched places (https://github.com/nunit/nunit.analyzers/tree/master/documentation/NUnit2007.md) [C:\\repos\\nunit\\nunit.issues\\Issue5011\\lastversion\\lastversion.csproj]\r\nC:\\repos\\nunit\\nunit.issues\\Issue5011\\lastversion\\NUnitConstraintsTestBase.cs(724,25): warning NUnit2007: The actual value should not be a constant - perhaps the actual value and the expected value have switched places (https://github.com/nunit/nunit.analyzers/tree/master/documentation/NUnit2007.md) [C:\\repos\\nunit\\nunit.issues\\Issue5011\\lastversion\\lastversion.csproj]\r\nC:\\repos\\nunit\\nunit.issues\\Issue5011\\lastversion\\NUnitConstraintsTestBase.cs(731,25): warning NUnit2007: The actual value should not be a constant - perhaps the actual value and the expected value have switched places (https://github.com/nunit/nunit.analyzers/tree/master/documentation/NUnit2007.md) [C:\\repos\\nunit\\nunit.issues\\Issue5011\\lastversion\\lastversion.csproj]\r\nC:\\repos\\nunit\\nunit.issues\\Issue5011\\lastversion\\NUnitConstraintsTestBase.cs(856,25): warning NUnit2007: The actual value should not be a constant - perhaps the actual value and the expected value have switched places (https://github.com/nunit/nunit.analyzers/tree/master/documentation/NUnit2007.md) [C:\\repos\\nunit\\nunit.issues\\Issue5011\\lastversion\\lastversion.csproj]\r\nC:\\repos\\nunit\\nunit.issues\\Issue5011\\lastversion\\NUnitConstraintsTestBase.cs(863,25): warning NUnit2007: The actual value should not be a constant - perhaps the actual value and the expected value have switched places (https://github.com/nunit/nunit.analyzers/tree/master/documentation/NUnit2007.md) [C:\\repos\\nunit\\nunit.issues\\Issue5011\\lastversion\\lastversion.csproj]\r\nC:\\repos\\nunit\\nunit.issues\\Issue5011\\lastversion\\NUnitConstraintsTestBase.cs(863,45): warning NUnit2009: The actual and the expected argument is the same \u0027\u0022hello\u0022\u0027 (https://github.com/nunit/nunit.analyzers/tree/master/documentation/NUnit2009.md) [C:\\repos\\nunit\\nunit.issues\\Issue5011\\lastversion\\lastversion.csproj]\r\nC:\\repos\\nunit\\nunit.issues\\Issue5011\\lastversion\\NUnitConstraintsTestBase.cs(870,25): warning NUnit2007: The actual value should not be a constant - perhaps the actual value and the expected value have switched places (https://github.com/nunit/nunit.analyzers/tree/master/documentation/NUnit2007.md) [C:\\repos\\nunit\\nunit.issues\\Issue5011\\lastversion\\lastversion.csproj]\r\nC:\\repos\\nunit\\nunit.issues\\Issue5011\\lastversion\\NUnitConstraintsTestBase.cs(871,25): warning NUnit2007: The actual value should not be a constant - perhaps the actual value and the expected value have switched places (https://github.com/nunit/nunit.analyzers/tree/master/documentation/NUnit2007.md) [C:\\repos\\nunit\\nunit.issues\\Issue5011\\lastversion\\lastversion.csproj]\r\nC:\\repos\\nunit\\nunit.issues\\Issue5011\\lastversion\\NUnitConstraintsTestBase.cs(872,25): warning NUnit2007: The actual value should not be a constant - perhaps the actual value and the expected value have switched places (https://github.com/nunit/nunit.analyzers/tree/master/documentation/NUnit2007.md) [C:\\repos\\nunit\\nunit.issues\\Issue5011\\lastversion\\lastversion.csproj]\r\n    72 Warning(s)\r\n    0 Error(s)\r\n\r\nTime Elapsed 00:00:01.80\r\n\n=== Test ===\nTest run for C:\\repos\\nunit\\nunit.issues\\Issue5011\\lastversion\\bin\\Debug\\net10.0\\lastversion.dll (.NETCoreApp,Version=v10.0)\r\nVSTest version 18.0.1 (x64)\r\n\r\nStarting test execution, please wait...\r\nA total of 1 test files matched the specified pattern.\r\n  Failed ThatClientIdForProductionIsDifferentThanTest [22 ms]\r\n  Error Message:\r\n   System.MissingMethodException : Method not found: \u0027NUnit.Framework.Constraints.EqualConstraint NUnit.Framework.Constraints.ConstraintExpression.EqualTo(!!0)\u0027.\r\n  Stack Trace:\r\n     at Fhi.ClientCredentials.TestSupport.ClientCredentialKeyPairsConfigConsistencyTests.ThatClientIdForProductionIsDifferentThanTest()\r\n   at System.Reflection.MethodBaseInvoker.InterpretedInvoke_Method(Object obj, IntPtr* args)\r\n   at System.Reflection.MethodBaseInvoker.InvokeWithNoArgs(Object obj, BindingFlags invokeAttr)\r\n1)    at Fhi.ClientCredentials.TestSupport.ClientCredentialKeyPairsConfigConsistencyTests.ThatClientIdForProductionIsDifferentThanTest()\r\n   at System.Reflection.MethodBaseInvoker.InterpretedInvoke_Method(Object obj, IntPtr* args)\r\n   at System.Reflection.MethodBaseInvoker.InvokeWithNoArgs(Object obj, BindingFlags invokeAttr)\r\n\r\n  Failed ThatPrivateJwkKeyForProductionIsDifferentThanTest [\u003C 1 ms]\r\n  Error Message:\r\n   System.MissingMethodException : Method not found: \u0027NUnit.Framework.Constraints.EqualConstraint NUnit.Framework.Constraints.ConstraintExpression.EqualTo(!!0)\u0027.\r\n  Stack Trace:\r\n     at Fhi.ClientCredentials.TestSupport.ClientCredentialKeyPairsConfigConsistencyTests.ThatPrivateJwkKeyForProductionIsDifferentThanTest()\r\n   at System.Reflection.MethodBaseInvoker.InterpretedInvoke_Method(Object obj, IntPtr* args)\r\n   at System.Reflection.MethodBaseInvoker.InvokeWithNoArgs(Object obj, BindingFlags invokeAttr)\r\n1)    at Fhi.ClientCredentials.TestSupport.ClientCredentialKeyPairsConfigConsistencyTests.ThatPrivateJwkKeyForProductionIsDifferentThanTest()\r\n   at System.Reflection.MethodBaseInvoker.InterpretedInvoke_Method(Object obj, IntPtr* args)\r\n   at System.Reflection.MethodBaseInvoker.InvokeWithNoArgs(Object obj, BindingFlags invokeAttr)\r\n\r\n\r\nFailed!  - Failed:     2, Passed:   106, Skipped:     0, Total:   108, Duration: 178 ms - lastversion.dll (net10.0)\r\n",
    "test_error": "",
    "test_conclusion": "Failure: Build failed (106 passed, 2 failed)",
    "runner_scripts": null,
    "runsettings": null,
    "feed": "Alpha",
    "runner_expectations": null,
    "last_run": "2026-02-12T12:53:03Z",
    "run_result": "Run",
    "reason": ""
  }
]