[
  {
    "number": 4744,
    "project_path": "demo.testenv\\demo.testenv.csproj",
    "project_style": "SDK-style",
    "target_frameworks": [
      "net10.0"
    ],
    "packages": [
      "NUnit=4.5.0-alpha.0.35",
      "NUnitLite=4.5.0-alpha.0.35"
    ],
    "update_result": "Success",
    "update_output": "[Issue4744\\demo.testenv\\demo.testenv.csproj]\nDiscovering projects...\r\nAnalyzing project(s)...\r\nAnalyzing dependencies...\r\n\u00C2\u00BB demo.testenv\r\n  [net10.0]\r\n  NUnit      4.5.0-alpha.0.35 -\u003E 4.5.0-alpha.0.36\r\n  NUnitLite  4.5.0-alpha.0.35 -\u003E 4.5.0-alpha.0.36\r\n\r\nVersion color legend:\r\n\u003Cred\u003E   : Major version update or pre-release version. Possible breaking changes.\r\n\u003Cyellow\u003E: Minor version update. Backwards-compatible features added.\r\n\u003Cgreen\u003E : Patch version update. Backwards-compatible bug fixes.\r\n\r\nUpgrading package NUnit...\r\nProject demo.testenv [net10.0] upgraded successfully\r\n\r\nUpgrading package NUnitLite...\r\nProject demo.testenv [net10.0] upgraded successfully\r\n\r\nElapsed: 00:00:08.3336820\r\n",
    "update_error": "",
    "restore_result": "Success",
    "restore_output": "  Determining projects to restore...\r\n  Restored C:\\repos\\nunit\\nunit.issues\\Issue4744\\demo.testenv\\demo.testenv.csproj (in 238 ms).\r\n",
    "restore_error": "",
    "build_result": "Failed",
    "build_output": "C:\\repos\\nunit\\nunit.issues\\Issue4744\\demo.testenv\\Demo.cs(20,17): error CS1061: \u0027TestExecutionContext\u0027 does not contain a definition for \u0027HookExtension\u0027 and no accessible extension method \u0027HookExtension\u0027 accepting a first argument of type \u0027TestExecutionContext\u0027 could be found (are you missing a using directive or an assembly reference?) [C:\\repos\\nunit\\nunit.issues\\Issue4744\\demo.testenv\\demo.testenv.csproj]\r\nC:\\repos\\nunit\\nunit.issues\\Issue4744\\demo.testenv\\Demo.cs(23,17): error CS1061: \u0027TestExecutionContext\u0027 does not contain a definition for \u0027HookExtension\u0027 and no accessible extension method \u0027HookExtension\u0027 accepting a first argument of type \u0027TestExecutionContext\u0027 could be found (are you missing a using directive or an assembly reference?) [C:\\repos\\nunit\\nunit.issues\\Issue4744\\demo.testenv\\demo.testenv.csproj]\r\nC:\\repos\\nunit\\nunit.issues\\Issue4744\\demo.testenv\\Demo.cs(26,17): error CS1061: \u0027TestExecutionContext\u0027 does not contain a definition for \u0027HookExtension\u0027 and no accessible extension method \u0027HookExtension\u0027 accepting a first argument of type \u0027TestExecutionContext\u0027 could be found (are you missing a using directive or an assembly reference?) [C:\\repos\\nunit\\nunit.issues\\Issue4744\\demo.testenv\\demo.testenv.csproj]\r\nC:\\repos\\nunit\\nunit.issues\\Issue4744\\demo.testenv\\Demo.cs(29,17): error CS1061: \u0027TestExecutionContext\u0027 does not contain a definition for \u0027HookExtension\u0027 and no accessible extension method \u0027HookExtension\u0027 accepting a first argument of type \u0027TestExecutionContext\u0027 could be found (are you missing a using directive or an assembly reference?) [C:\\repos\\nunit\\nunit.issues\\Issue4744\\demo.testenv\\demo.testenv.csproj]\r\n\r\nBuild FAILED.\r\n\r\nC:\\repos\\nunit\\nunit.issues\\Issue4744\\demo.testenv\\Demo.cs(20,17): error CS1061: \u0027TestExecutionContext\u0027 does not contain a definition for \u0027HookExtension\u0027 and no accessible extension method \u0027HookExtension\u0027 accepting a first argument of type \u0027TestExecutionContext\u0027 could be found (are you missing a using directive or an assembly reference?) [C:\\repos\\nunit\\nunit.issues\\Issue4744\\demo.testenv\\demo.testenv.csproj]\r\nC:\\repos\\nunit\\nunit.issues\\Issue4744\\demo.testenv\\Demo.cs(23,17): error CS1061: \u0027TestExecutionContext\u0027 does not contain a definition for \u0027HookExtension\u0027 and no accessible extension method \u0027HookExtension\u0027 accepting a first argument of type \u0027TestExecutionContext\u0027 could be found (are you missing a using directive or an assembly reference?) [C:\\repos\\nunit\\nunit.issues\\Issue4744\\demo.testenv\\demo.testenv.csproj]\r\nC:\\repos\\nunit\\nunit.issues\\Issue4744\\demo.testenv\\Demo.cs(26,17): error CS1061: \u0027TestExecutionContext\u0027 does not contain a definition for \u0027HookExtension\u0027 and no accessible extension method \u0027HookExtension\u0027 accepting a first argument of type \u0027TestExecutionContext\u0027 could be found (are you missing a using directive or an assembly reference?) [C:\\repos\\nunit\\nunit.issues\\Issue4744\\demo.testenv\\demo.testenv.csproj]\r\nC:\\repos\\nunit\\nunit.issues\\Issue4744\\demo.testenv\\Demo.cs(29,17): error CS1061: \u0027TestExecutionContext\u0027 does not contain a definition for \u0027HookExtension\u0027 and no accessible extension method \u0027HookExtension\u0027 accepting a first argument of type \u0027TestExecutionContext\u0027 could be found (are you missing a using directive or an assembly reference?) [C:\\repos\\nunit\\nunit.issues\\Issue4744\\demo.testenv\\demo.testenv.csproj]\r\n    0 Warning(s)\r\n    4 Error(s)\r\n\r\nTime Elapsed 00:00:01.14\r\n",
    "build_error": "",
    "test_result": "NotRun",
    "test_output": "=== Issue4744\\demo.testenv\\demo.testenv.csproj ===\n=== Restore ===\n  Determining projects to restore...\r\n  Restored C:\\repos\\nunit\\nunit.issues\\Issue4744\\demo.testenv\\demo.testenv.csproj (in 238 ms).\r\n\n=== Build ===\nC:\\repos\\nunit\\nunit.issues\\Issue4744\\demo.testenv\\Demo.cs(20,17): error CS1061: \u0027TestExecutionContext\u0027 does not contain a definition for \u0027HookExtension\u0027 and no accessible extension method \u0027HookExtension\u0027 accepting a first argument of type \u0027TestExecutionContext\u0027 could be found (are you missing a using directive or an assembly reference?) [C:\\repos\\nunit\\nunit.issues\\Issue4744\\demo.testenv\\demo.testenv.csproj]\r\nC:\\repos\\nunit\\nunit.issues\\Issue4744\\demo.testenv\\Demo.cs(23,17): error CS1061: \u0027TestExecutionContext\u0027 does not contain a definition for \u0027HookExtension\u0027 and no accessible extension method \u0027HookExtension\u0027 accepting a first argument of type \u0027TestExecutionContext\u0027 could be found (are you missing a using directive or an assembly reference?) [C:\\repos\\nunit\\nunit.issues\\Issue4744\\demo.testenv\\demo.testenv.csproj]\r\nC:\\repos\\nunit\\nunit.issues\\Issue4744\\demo.testenv\\Demo.cs(26,17): error CS1061: \u0027TestExecutionContext\u0027 does not contain a definition for \u0027HookExtension\u0027 and no accessible extension method \u0027HookExtension\u0027 accepting a first argument of type \u0027TestExecutionContext\u0027 could be found (are you missing a using directive or an assembly reference?) [C:\\repos\\nunit\\nunit.issues\\Issue4744\\demo.testenv\\demo.testenv.csproj]\r\nC:\\repos\\nunit\\nunit.issues\\Issue4744\\demo.testenv\\Demo.cs(29,17): error CS1061: \u0027TestExecutionContext\u0027 does not contain a definition for \u0027HookExtension\u0027 and no accessible extension method \u0027HookExtension\u0027 accepting a first argument of type \u0027TestExecutionContext\u0027 could be found (are you missing a using directive or an assembly reference?) [C:\\repos\\nunit\\nunit.issues\\Issue4744\\demo.testenv\\demo.testenv.csproj]\r\n\r\nBuild FAILED.\r\n\r\nC:\\repos\\nunit\\nunit.issues\\Issue4744\\demo.testenv\\Demo.cs(20,17): error CS1061: \u0027TestExecutionContext\u0027 does not contain a definition for \u0027HookExtension\u0027 and no accessible extension method \u0027HookExtension\u0027 accepting a first argument of type \u0027TestExecutionContext\u0027 could be found (are you missing a using directive or an assembly reference?) [C:\\repos\\nunit\\nunit.issues\\Issue4744\\demo.testenv\\demo.testenv.csproj]\r\nC:\\repos\\nunit\\nunit.issues\\Issue4744\\demo.testenv\\Demo.cs(23,17): error CS1061: \u0027TestExecutionContext\u0027 does not contain a definition for \u0027HookExtension\u0027 and no accessible extension method \u0027HookExtension\u0027 accepting a first argument of type \u0027TestExecutionContext\u0027 could be found (are you missing a using directive or an assembly reference?) [C:\\repos\\nunit\\nunit.issues\\Issue4744\\demo.testenv\\demo.testenv.csproj]\r\nC:\\repos\\nunit\\nunit.issues\\Issue4744\\demo.testenv\\Demo.cs(26,17): error CS1061: \u0027TestExecutionContext\u0027 does not contain a definition for \u0027HookExtension\u0027 and no accessible extension method \u0027HookExtension\u0027 accepting a first argument of type \u0027TestExecutionContext\u0027 could be found (are you missing a using directive or an assembly reference?) [C:\\repos\\nunit\\nunit.issues\\Issue4744\\demo.testenv\\demo.testenv.csproj]\r\nC:\\repos\\nunit\\nunit.issues\\Issue4744\\demo.testenv\\Demo.cs(29,17): error CS1061: \u0027TestExecutionContext\u0027 does not contain a definition for \u0027HookExtension\u0027 and no accessible extension method \u0027HookExtension\u0027 accepting a first argument of type \u0027TestExecutionContext\u0027 could be found (are you missing a using directive or an assembly reference?) [C:\\repos\\nunit\\nunit.issues\\Issue4744\\demo.testenv\\demo.testenv.csproj]\r\n    0 Warning(s)\r\n    4 Error(s)\r\n\r\nTime Elapsed 00:00:01.14\r\n",
    "test_error": "",
    "test_conclusion": "Failure: Build failed",
    "runner_scripts": null,
    "runsettings": null,
    "feed": "Alpha",
    "runner_expectations": null,
    "last_run": "2026-02-12T12:47:44Z",
    "run_result": "Run",
    "reason": ""
  }
]