[
  {
    "number": 3849,
    "project_path": "Issue3849.csproj",
    "project_style": "SDK-style",
    "target_frameworks": [
      "net10.0"
    ],
    "packages": [
      "Microsoft.NET.Test.Sdk=18.0.1",
      "NUnit=4.5.0-alpha.0.35",
      "NUnit3TestAdapter=6.1.1-alpha.2",
      "NUnit.Analyzers=4.11.2",
      "coverlet.collector=6.0.4"
    ],
    "update_result": "Success",
    "update_output": "[Issue3849\\Issue3849.csproj]\nDiscovering projects...\r\nAnalyzing project(s)...\r\nAnalyzing dependencies...\r\n\u00C2\u00BB Issue3849\r\n  [net10.0]\r\n  NUnit  4.5.0-alpha.0.35 -\u003E 4.5.0-alpha.0.36\r\n\r\nVersion color legend:\r\n\u003Cred\u003E   : Major version update or pre-release version. Possible breaking changes.\r\n\u003Cyellow\u003E: Minor version update. Backwards-compatible features added.\r\n\u003Cgreen\u003E : Patch version update. Backwards-compatible bug fixes.\r\n\r\nUpgrading package NUnit...\r\nProject Issue3849 [net10.0] upgraded successfully\r\n\r\nElapsed: 00:00:05.4651329\r\n",
    "update_error": "",
    "restore_result": "Success",
    "restore_output": "  Determining projects to restore...\r\n  Restored C:\\repos\\nunit\\nunit.issues\\Issue3849\\Issue3849.csproj (in 325 ms).\r\n",
    "restore_error": "",
    "build_result": "Success",
    "build_output": "C:\\repos\\nunit\\nunit.issues\\Issue3849\\UnitTest1.cs(12,25): warning NUnit2007: The actual value should not be a constant - perhaps the actual value and the expected value have switched places (https://github.com/nunit/nunit.analyzers/tree/master/documentation/NUnit2007.md) [C:\\repos\\nunit\\nunit.issues\\Issue3849\\Issue3849.csproj]\r\nC:\\repos\\nunit\\nunit.issues\\Issue3849\\UnitTest1.cs(23,25): warning NUnit2007: The actual value should not be a constant - perhaps the actual value and the expected value have switched places (https://github.com/nunit/nunit.analyzers/tree/master/documentation/NUnit2007.md) [C:\\repos\\nunit\\nunit.issues\\Issue3849\\Issue3849.csproj]\r\nC:\\repos\\nunit\\nunit.issues\\Issue3849\\UnitTest1.cs(26,25): warning NUnit2007: The actual value should not be a constant - perhaps the actual value and the expected value have switched places (https://github.com/nunit/nunit.analyzers/tree/master/documentation/NUnit2007.md) [C:\\repos\\nunit\\nunit.issues\\Issue3849\\Issue3849.csproj]\r\nC:\\repos\\nunit\\nunit.issues\\Issue3849\\UnitTest1.cs(27,40): warning NUnit2007: The actual value should not be a constant - perhaps the actual value and the expected value have switched places (https://github.com/nunit/nunit.analyzers/tree/master/documentation/NUnit2007.md) [C:\\repos\\nunit\\nunit.issues\\Issue3849\\Issue3849.csproj]\r\n  Issue3849 -\u003E C:\\repos\\nunit\\nunit.issues\\Issue3849\\bin\\Debug\\net10.0\\Issue3849.dll\r\n\r\nBuild succeeded.\r\n\r\nC:\\repos\\nunit\\nunit.issues\\Issue3849\\UnitTest1.cs(12,25): warning NUnit2007: The actual value should not be a constant - perhaps the actual value and the expected value have switched places (https://github.com/nunit/nunit.analyzers/tree/master/documentation/NUnit2007.md) [C:\\repos\\nunit\\nunit.issues\\Issue3849\\Issue3849.csproj]\r\nC:\\repos\\nunit\\nunit.issues\\Issue3849\\UnitTest1.cs(23,25): warning NUnit2007: The actual value should not be a constant - perhaps the actual value and the expected value have switched places (https://github.com/nunit/nunit.analyzers/tree/master/documentation/NUnit2007.md) [C:\\repos\\nunit\\nunit.issues\\Issue3849\\Issue3849.csproj]\r\nC:\\repos\\nunit\\nunit.issues\\Issue3849\\UnitTest1.cs(26,25): warning NUnit2007: The actual value should not be a constant - perhaps the actual value and the expected value have switched places (https://github.com/nunit/nunit.analyzers/tree/master/documentation/NUnit2007.md) [C:\\repos\\nunit\\nunit.issues\\Issue3849\\Issue3849.csproj]\r\nC:\\repos\\nunit\\nunit.issues\\Issue3849\\UnitTest1.cs(27,40): warning NUnit2007: The actual value should not be a constant - perhaps the actual value and the expected value have switched places (https://github.com/nunit/nunit.analyzers/tree/master/documentation/NUnit2007.md) [C:\\repos\\nunit\\nunit.issues\\Issue3849\\Issue3849.csproj]\r\n    4 Warning(s)\r\n    0 Error(s)\r\n\r\nTime Elapsed 00:00:01.69\r\n",
    "build_error": "",
    "test_result": "Failed",
    "test_output": "=== Issue3849\\Issue3849.csproj ===\n=== Restore ===\n  Determining projects to restore...\r\n  Restored C:\\repos\\nunit\\nunit.issues\\Issue3849\\Issue3849.csproj (in 325 ms).\r\n\n=== Build ===\nC:\\repos\\nunit\\nunit.issues\\Issue3849\\UnitTest1.cs(12,25): warning NUnit2007: The actual value should not be a constant - perhaps the actual value and the expected value have switched places (https://github.com/nunit/nunit.analyzers/tree/master/documentation/NUnit2007.md) [C:\\repos\\nunit\\nunit.issues\\Issue3849\\Issue3849.csproj]\r\nC:\\repos\\nunit\\nunit.issues\\Issue3849\\UnitTest1.cs(23,25): warning NUnit2007: The actual value should not be a constant - perhaps the actual value and the expected value have switched places (https://github.com/nunit/nunit.analyzers/tree/master/documentation/NUnit2007.md) [C:\\repos\\nunit\\nunit.issues\\Issue3849\\Issue3849.csproj]\r\nC:\\repos\\nunit\\nunit.issues\\Issue3849\\UnitTest1.cs(26,25): warning NUnit2007: The actual value should not be a constant - perhaps the actual value and the expected value have switched places (https://github.com/nunit/nunit.analyzers/tree/master/documentation/NUnit2007.md) [C:\\repos\\nunit\\nunit.issues\\Issue3849\\Issue3849.csproj]\r\nC:\\repos\\nunit\\nunit.issues\\Issue3849\\UnitTest1.cs(27,40): warning NUnit2007: The actual value should not be a constant - perhaps the actual value and the expected value have switched places (https://github.com/nunit/nunit.analyzers/tree/master/documentation/NUnit2007.md) [C:\\repos\\nunit\\nunit.issues\\Issue3849\\Issue3849.csproj]\r\n  Issue3849 -\u003E C:\\repos\\nunit\\nunit.issues\\Issue3849\\bin\\Debug\\net10.0\\Issue3849.dll\r\n\r\nBuild succeeded.\r\n\r\nC:\\repos\\nunit\\nunit.issues\\Issue3849\\UnitTest1.cs(12,25): warning NUnit2007: The actual value should not be a constant - perhaps the actual value and the expected value have switched places (https://github.com/nunit/nunit.analyzers/tree/master/documentation/NUnit2007.md) [C:\\repos\\nunit\\nunit.issues\\Issue3849\\Issue3849.csproj]\r\nC:\\repos\\nunit\\nunit.issues\\Issue3849\\UnitTest1.cs(23,25): warning NUnit2007: The actual value should not be a constant - perhaps the actual value and the expected value have switched places (https://github.com/nunit/nunit.analyzers/tree/master/documentation/NUnit2007.md) [C:\\repos\\nunit\\nunit.issues\\Issue3849\\Issue3849.csproj]\r\nC:\\repos\\nunit\\nunit.issues\\Issue3849\\UnitTest1.cs(26,25): warning NUnit2007: The actual value should not be a constant - perhaps the actual value and the expected value have switched places (https://github.com/nunit/nunit.analyzers/tree/master/documentation/NUnit2007.md) [C:\\repos\\nunit\\nunit.issues\\Issue3849\\Issue3849.csproj]\r\nC:\\repos\\nunit\\nunit.issues\\Issue3849\\UnitTest1.cs(27,40): warning NUnit2007: The actual value should not be a constant - perhaps the actual value and the expected value have switched places (https://github.com/nunit/nunit.analyzers/tree/master/documentation/NUnit2007.md) [C:\\repos\\nunit\\nunit.issues\\Issue3849\\Issue3849.csproj]\r\n    4 Warning(s)\r\n    0 Error(s)\r\n\r\nTime Elapsed 00:00:01.69\r\n\n=== Test ===\nTest run for C:\\repos\\nunit\\nunit.issues\\Issue3849\\bin\\Debug\\net10.0\\Issue3849.dll (.NETCoreApp,Version=v10.0)\r\nVSTest version 18.0.1 (x64)\r\n\r\nStarting test execution, please wait...\r\nA total of 1 test files matched the specified pattern.\r\n  Failed AssertMultiple [51 ms]\r\n  Error Message:\r\n   Multiple failures or warnings in test:\r\n  1)   Assert.That(1, Is.EqualTo(2))\r\n  Expected: 2\r\n  But was:  1\r\n\r\n     at Issue3849.Tests.\u003C\u003Ec.\u003CAssertMultiple\u003Eb__1_0() in C:\\repos\\nunit\\nunit.issues\\Issue3849\\UnitTest1.cs:line 23\r\n   at NUnit.Framework.Assert.Multiple(TestDelegate testDelegate)\r\n   at Issue3849.Tests.AssertMultiple() in C:\\repos\\nunit\\nunit.issues\\Issue3849\\UnitTest1.cs:line 21\r\n\r\n  2)   Assert.That(caughtException, expression)\r\n  Expected: instance of \u003CSystem.ArgumentException\u003E\r\n  But was:  \u003CSystem.InvalidOperationException: Hello\r\n   at Issue3849.Tests.\u003C\u003Ec.\u003CAssertMultiple\u003Eb__1_1() in C:\\repos\\nunit\\nunit.issues\\Issue3849\\UnitTest1.cs:line 24\r\n   at NUnit.Framework.Assert.Throws(IResolveConstraint expression, TestDelegate code, String message, Object[] args)\u003E\r\n\r\n     at Issue3849.Tests.\u003C\u003Ec.\u003CAssertMultiple\u003Eb__1_0() in C:\\repos\\nunit\\nunit.issues\\Issue3849\\UnitTest1.cs:line 24\r\n   at NUnit.Framework.Assert.Multiple(TestDelegate testDelegate)\r\n   at Issue3849.Tests.AssertMultiple() in C:\\repos\\nunit\\nunit.issues\\Issue3849\\UnitTest1.cs:line 21\r\n\r\n  3) System.InvalidCastException : Unable to cast object of type \u0027System.InvalidOperationException\u0027 to type \u0027System.ArgumentException\u0027.\r\n     at NUnit.Framework.Assert.Catch[TActual](TestDelegate code)\r\n   at Issue3849.Tests.\u003C\u003Ec.\u003CAssertMultiple\u003Eb__1_0() in C:\\repos\\nunit\\nunit.issues\\Issue3849\\UnitTest1.cs:line 24\r\n   at NUnit.Framework.Assert.Multiple(TestDelegate testDelegate)\r\n   at Issue3849.Tests.AssertMultiple() in C:\\repos\\nunit\\nunit.issues\\Issue3849\\UnitTest1.cs:line 21\r\n   at System.Reflection.MethodBaseInvoker.InterpretedInvoke_Method(Object obj, IntPtr* args)\r\n   at System.Reflection.MethodBaseInvoker.InvokeWithNoArgs(Object obj, BindingFlags invokeAttr)\r\n\r\n  Stack Trace:\r\n  \r\n1)    at Issue3849.Tests.\u003C\u003Ec.\u003CAssertMultiple\u003Eb__1_0() in C:\\repos\\nunit\\nunit.issues\\Issue3849\\UnitTest1.cs:line 23\r\n   at NUnit.Framework.Assert.Multiple(TestDelegate testDelegate)\r\n   at Issue3849.Tests.AssertMultiple() in C:\\repos\\nunit\\nunit.issues\\Issue3849\\UnitTest1.cs:line 21\r\n\r\n2)    at Issue3849.Tests.\u003C\u003Ec.\u003CAssertMultiple\u003Eb__1_0() in C:\\repos\\nunit\\nunit.issues\\Issue3849\\UnitTest1.cs:line 24\r\n   at NUnit.Framework.Assert.Multiple(TestDelegate testDelegate)\r\n   at Issue3849.Tests.AssertMultiple() in C:\\repos\\nunit\\nunit.issues\\Issue3849\\UnitTest1.cs:line 21\r\n\r\n3)    at NUnit.Framework.Assert.Catch[TActual](TestDelegate code)\r\n   at Issue3849.Tests.\u003C\u003Ec.\u003CAssertMultiple\u003Eb__1_0() in C:\\repos\\nunit\\nunit.issues\\Issue3849\\UnitTest1.cs:line 24\r\n   at NUnit.Framework.Assert.Multiple(TestDelegate testDelegate)\r\n   at Issue3849.Tests.AssertMultiple() in C:\\repos\\nunit\\nunit.issues\\Issue3849\\UnitTest1.cs:line 21\r\n   at System.Reflection.MethodBaseInvoker.InterpretedInvoke_Method(Object obj, IntPtr* args)\r\n   at System.Reflection.MethodBaseInvoker.InvokeWithNoArgs(Object obj, BindingFlags invokeAttr)\r\n\r\n  Failed Multi [1 ms]\r\n  Error Message:\r\n   Multiple failures or warnings in test:\r\n  1)   Assert.That(caughtException, expression)\r\n  Expected: instance of \u003CSystem.ArgumentException\u003E\r\n  But was:  \u003CSystem.InvalidOperationException: x\r\n   at Issue3849.Tests.\u003C\u003Ec.\u003CMulti\u003Eb__0_1() in C:\\repos\\nunit\\nunit.issues\\Issue3849\\UnitTest1.cs:line 11\r\n   at NUnit.Framework.Assert.Throws(IResolveConstraint expression, TestDelegate code, String message, Object[] args)\u003E\r\n\r\n     at Issue3849.Tests.\u003C\u003Ec.\u003CMulti\u003Eb__0_0() in C:\\repos\\nunit\\nunit.issues\\Issue3849\\UnitTest1.cs:line 11\r\n   at NUnit.Framework.Assert.Multiple(TestDelegate testDelegate)\r\n   at Issue3849.Tests.Multi() in C:\\repos\\nunit\\nunit.issues\\Issue3849\\UnitTest1.cs:line 9\r\n\r\n  2) System.InvalidCastException : Unable to cast object of type \u0027System.InvalidOperationException\u0027 to type \u0027System.ArgumentException\u0027.\r\n     at NUnit.Framework.Assert.Catch[TActual](TestDelegate code)\r\n   at Issue3849.Tests.\u003C\u003Ec.\u003CMulti\u003Eb__0_0() in C:\\repos\\nunit\\nunit.issues\\Issue3849\\UnitTest1.cs:line 11\r\n   at NUnit.Framework.Assert.Multiple(TestDelegate testDelegate)\r\n   at Issue3849.Tests.Multi() in C:\\repos\\nunit\\nunit.issues\\Issue3849\\UnitTest1.cs:line 9\r\n   at System.Reflection.MethodBaseInvoker.InterpretedInvoke_Method(Object obj, IntPtr* args)\r\n   at System.Reflection.MethodBaseInvoker.InvokeWithNoArgs(Object obj, BindingFlags invokeAttr)\r\n\r\n  Stack Trace:\r\n  \r\n1)    at Issue3849.Tests.\u003C\u003Ec.\u003CMulti\u003Eb__0_0() in C:\\repos\\nunit\\nunit.issues\\Issue3849\\UnitTest1.cs:line 11\r\n   at NUnit.Framework.Assert.Multiple(TestDelegate testDelegate)\r\n   at Issue3849.Tests.Multi() in C:\\repos\\nunit\\nunit.issues\\Issue3849\\UnitTest1.cs:line 9\r\n\r\n2)    at NUnit.Framework.Assert.Catch[TActual](TestDelegate code)\r\n   at Issue3849.Tests.\u003C\u003Ec.\u003CMulti\u003Eb__0_0() in C:\\repos\\nunit\\nunit.issues\\Issue3849\\UnitTest1.cs:line 11\r\n   at NUnit.Framework.Assert.Multiple(TestDelegate testDelegate)\r\n   at Issue3849.Tests.Multi() in C:\\repos\\nunit\\nunit.issues\\Issue3849\\UnitTest1.cs:line 9\r\n   at System.Reflection.MethodBaseInvoker.InterpretedInvoke_Method(Object obj, IntPtr* args)\r\n   at System.Reflection.MethodBaseInvoker.InvokeWithNoArgs(Object obj, BindingFlags invokeAttr)\r\n\r\n\r\nFailed!  - Failed:     2, Passed:     0, Skipped:     0, Total:     2, Duration: 56 ms - Issue3849.dll (net10.0)\r\n",
    "test_error": "",
    "test_conclusion": "Failure: Test assertions failed (0 passed, 2 failed)",
    "runner_scripts": null,
    "runsettings": null,
    "feed": "Alpha",
    "runner_expectations": null,
    "last_run": "2026-02-12T12:36:28Z",
    "run_result": "Run",
    "reason": ""
  }
]