[
  {
    "number": 548,
    "project_path": "Issue548.csproj",
    "project_style": "SDK-style",
    "target_frameworks": [
      "net10.0"
    ],
    "packages": [],
    "update_result": "not run",
    "update_output": null,
    "update_error": null,
    "restore_result": "not run",
    "restore_output": null,
    "restore_error": null,
    "build_result": "not run",
    "build_output": null,
    "build_error": null,
    "test_result": "not synced",
    "test_output": null,
    "test_error": null,
    "test_conclusion": null,
    "runner_scripts": null,
    "runsettings": null,
    "feed": "Alpha",
    "runner_expectations": null,
    "last_run": "2026-01-23T19:14:16Z"
  },
  {
    "number": 1056,
    "project_path": "Issue1056.csproj",
    "project_style": "SDK-style",
    "target_frameworks": [
      "net10.0"
    ],
    "packages": [],
    "update_result": "not run",
    "update_output": null,
    "update_error": null,
    "restore_result": "not run",
    "restore_output": null,
    "restore_error": null,
    "build_result": "not run",
    "build_output": null,
    "build_error": null,
    "test_result": "skipped",
    "test_output": null,
    "test_error": null,
    "test_conclusion": null,
    "runner_scripts": null,
    "runsettings": null,
    "feed": "Alpha",
    "runner_expectations": null,
    "last_run": "2026-01-23T19:14:16Z"
  },
  {
    "number": 1151,
    "project_path": "Issue1151.csproj",
    "project_style": "SDK-style",
    "target_frameworks": [
      "net10.0"
    ],
    "packages": [],
    "update_result": "not run",
    "update_output": null,
    "update_error": null,
    "restore_result": "not run",
    "restore_output": null,
    "restore_error": null,
    "build_result": "not run",
    "build_output": null,
    "build_error": null,
    "test_result": "not synced",
    "test_output": null,
    "test_error": null,
    "test_conclusion": null,
    "runner_scripts": null,
    "runsettings": null,
    "feed": "Alpha",
    "runner_expectations": null,
    "last_run": "2026-01-23T19:14:16Z"
  },
  {
    "number": 1713,
    "project_path": "Issue1713.csproj",
    "project_style": "SDK-style",
    "target_frameworks": [
      "net10.0"
    ],
    "packages": [],
    "update_result": "not run",
    "update_output": null,
    "update_error": null,
    "restore_result": "not run",
    "restore_output": null,
    "restore_error": null,
    "build_result": "not run",
    "build_output": null,
    "build_error": null,
    "test_result": "not synced",
    "test_output": null,
    "test_error": null,
    "test_conclusion": null,
    "runner_scripts": null,
    "runsettings": null,
    "feed": "Alpha",
    "runner_expectations": null,
    "last_run": "2026-01-23T19:14:16Z"
  },
  {
    "number": 2466,
    "project_path": "NUnitIssue2466.csproj",
    "project_style": "SDK-style",
    "target_frameworks": [
      "net10.0"
    ],
    "packages": [],
    "update_result": "not run",
    "update_output": null,
    "update_error": null,
    "restore_result": "not run",
    "restore_output": null,
    "restore_error": null,
    "build_result": "not run",
    "build_output": null,
    "build_error": null,
    "test_result": "skipped",
    "test_output": null,
    "test_error": null,
    "test_conclusion": null,
    "runner_scripts": null,
    "runsettings": null,
    "feed": "Alpha",
    "runner_expectations": null,
    "last_run": "2026-01-23T19:14:16Z"
  },
  {
    "number": 2851,
    "project_path": "Issue2851.csproj",
    "project_style": "SDK-style",
    "target_frameworks": [
      "net10.0",
      "net462",
      "net472"
    ],
    "packages": [
      "Microsoft.NET.Test.Sdk=18.0.1",
      "NUnit=4.4.0",
      "NUnit3TestAdapter=6.0.0"
    ],
    "update_result": "success",
    "update_output": "[Issue2851\\Issue2851.csproj]\nDiscovering projects...\r\nAnalyzing project(s)...\r\nAnalyzing dependencies...\r\n\u00C2\u00BB Issue2851\r\n  [net10.0]\r\n  NUnit              4.4.0 -\u003E 4.5.0-alpha.0.35\r\n  NUnit3TestAdapter  6.0.0 -\u003E 6.1.1-alpha.2   \r\n  [.NETFramework,Version=v4.7.2]\r\n  NUnit              4.4.0 -\u003E 4.5.0-alpha.0.35\r\n  NUnit3TestAdapter  6.0.0 -\u003E 6.1.1-alpha.2   \r\n  [.NETFramework,Version=v4.6.2]\r\n  NUnit              4.4.0 -\u003E 4.5.0-alpha.0.35\r\n  NUnit3TestAdapter  6.0.0 -\u003E 6.1.1-alpha.2   \r\n\r\nVersion color legend:\r\n\u003Cred\u003E   : Major version update or pre-release version. Possible breaking changes.\r\n\u003Cyellow\u003E: Minor version update. Backwards-compatible features added.\r\n\u003Cgreen\u003E : Patch version update. Backwards-compatible bug fixes.\r\n\r\nUpgrading package NUnit...\r\nProject Issue2851 [net10.0] upgraded successfully\r\nProject Issue2851 [.NETFramework,Version=v4.7.2] upgraded successfully\r\nProject Issue2851 [.NETFramework,Version=v4.6.2] upgraded successfully\r\n\r\nUpgrading package NUnit3TestAdapter...\r\nProject Issue2851 [net10.0] upgraded successfully\r\nProject Issue2851 [.NETFramework,Version=v4.7.2] upgraded successfully\r\nProject Issue2851 [.NETFramework,Version=v4.6.2] upgraded successfully\r\n\r\nElapsed: 00:00:18.7311580\r\n",
    "update_error": "",
    "restore_result": "success",
    "restore_output": "  Determining projects to restore...\r\n  Restored C:\\repos\\nunit\\nunit.issues\\Issue2851\\Issue2851.csproj (in 393 ms).\r\n",
    "restore_error": "",
    "build_result": "fail",
    "build_output": "  Determining projects to restore...\r\n  All projects are up-to-date for restore.\r\n  Issue2851 -\u003E C:\\repos\\nunit\\nunit.issues\\Issue2851\\bin\\Debug\\net462\\Issue2851.dll\r\n  Issue2851 -\u003E C:\\repos\\nunit\\nunit.issues\\Issue2851\\bin\\Debug\\net10.0\\Issue2851.dll\r\nC:\\repos\\nunit\\nunit.issues\\Issue2851\\UnitTest1.cs(43,17): error CS8370: Feature \u0027extensions\u0027 is not available in C# 7.3. Please use language version 14.0 or greater. [C:\\repos\\nunit\\nunit.issues\\Issue2851\\Issue2851.csproj::TargetFramework=net472]\r\n\r\nBuild FAILED.\r\n\r\nC:\\repos\\nunit\\nunit.issues\\Issue2851\\UnitTest1.cs(43,17): error CS8370: Feature \u0027extensions\u0027 is not available in C# 7.3. Please use language version 14.0 or greater. [C:\\repos\\nunit\\nunit.issues\\Issue2851\\Issue2851.csproj::TargetFramework=net472]\r\n    0 Warning(s)\r\n    1 Error(s)\r\n\r\nTime Elapsed 00:00:02.54\r\n",
    "build_error": "",
    "test_result": "not run",
    "test_output": "=== Issue2851\\Issue2851.csproj ===\n=== Restore ===\n  Determining projects to restore...\r\n  Restored C:\\repos\\nunit\\nunit.issues\\Issue2851\\Issue2851.csproj (in 393 ms).\r\n\n=== Build ===\n  Determining projects to restore...\r\n  All projects are up-to-date for restore.\r\n  Issue2851 -\u003E C:\\repos\\nunit\\nunit.issues\\Issue2851\\bin\\Debug\\net462\\Issue2851.dll\r\n  Issue2851 -\u003E C:\\repos\\nunit\\nunit.issues\\Issue2851\\bin\\Debug\\net10.0\\Issue2851.dll\r\nC:\\repos\\nunit\\nunit.issues\\Issue2851\\UnitTest1.cs(43,17): error CS8370: Feature \u0027extensions\u0027 is not available in C# 7.3. Please use language version 14.0 or greater. [C:\\repos\\nunit\\nunit.issues\\Issue2851\\Issue2851.csproj::TargetFramework=net472]\r\n\r\nBuild FAILED.\r\n\r\nC:\\repos\\nunit\\nunit.issues\\Issue2851\\UnitTest1.cs(43,17): error CS8370: Feature \u0027extensions\u0027 is not available in C# 7.3. Please use language version 14.0 or greater. [C:\\repos\\nunit\\nunit.issues\\Issue2851\\Issue2851.csproj::TargetFramework=net472]\r\n    0 Warning(s)\r\n    1 Error(s)\r\n\r\nTime Elapsed 00:00:02.54\r\n",
    "test_error": "",
    "test_conclusion": "Failure: Build failed",
    "runner_scripts": null,
    "runsettings": null,
    "feed": "Alpha",
    "runner_expectations": null,
    "last_run": "2026-01-23T19:14:16Z"
  },
  {
    "number": 3125,
    "project_path": "Issue3125.csproj",
    "project_style": "SDK-style",
    "target_frameworks": [
      "net10.0"
    ],
    "packages": [
      "coverlet.collector=6.0.4",
      "Microsoft.NET.Test.Sdk=18.0.1",
      "NUnit=4.5.0-alpha.0.20",
      "NUnit.Analyzers=4.11.2",
      "NUnit3TestAdapter=5.2.0"
    ],
    "update_result": "success",
    "update_output": "[Issue3125\\Issue3125.csproj]\nDiscovering projects...\r\nAnalyzing project(s)...\r\nAnalyzing dependencies...\r\n\u00C2\u00BB Issue3125\r\n  [net10.0]\r\n  NUnit              4.5.0-alpha.0.20 -\u003E 4.5.0-alpha.0.35\r\n  NUnit3TestAdapter  5.2.0            -\u003E 6.1.1-alpha.2   \r\n\r\nVersion color legend:\r\n\u003Cred\u003E   : Major version update or pre-release version. Possible breaking changes.\r\n\u003Cyellow\u003E: Minor version update. Backwards-compatible features added.\r\n\u003Cgreen\u003E : Patch version update. Backwards-compatible bug fixes.\r\n\r\nUpgrading package NUnit...\r\nProject Issue3125 [net10.0] upgraded successfully\r\n\r\nUpgrading package NUnit3TestAdapter...\r\nProject Issue3125 [net10.0] upgraded successfully\r\n\r\nElapsed: 00:00:07.7225144\r\n",
    "update_error": "",
    "restore_result": "success",
    "restore_output": "  Determining projects to restore...\r\n  Restored C:\\repos\\nunit\\nunit.issues\\Issue3125\\Issue3125.csproj (in 341 ms).\r\n",
    "restore_error": "",
    "build_result": "fail",
    "build_output": "  Determining projects to restore...\r\n  All projects are up-to-date for restore.\r\nC:\\repos\\nunit\\nunit.issues\\Issue3125\\UnitTest1.cs(19,20): error CS0031: Constant value \u002742000\u0027 cannot be converted to a \u0027short\u0027 [C:\\repos\\nunit\\nunit.issues\\Issue3125\\Issue3125.csproj]\r\nC:\\repos\\nunit\\nunit.issues\\Issue3125\\UnitTest1.cs(20,20): error CS0266: Cannot implicitly convert type \u0027int\u0027 to \u0027short\u0027. An explicit conversion exists (are you missing a cast?) [C:\\repos\\nunit\\nunit.issues\\Issue3125\\Issue3125.csproj]\r\nC:\\repos\\nunit\\nunit.issues\\Issue3125\\UnitTest1.cs(15,15): warning CS0219: The variable \u0027y\u0027 is assigned but its value is never used [C:\\repos\\nunit\\nunit.issues\\Issue3125\\Issue3125.csproj]\r\nC:\\repos\\nunit\\nunit.issues\\Issue3125\\UnitTest1.cs(18,15): warning CS0219: The variable \u0027s\u0027 is assigned but its value is never used [C:\\repos\\nunit\\nunit.issues\\Issue3125\\Issue3125.csproj]\r\nC:\\repos\\nunit\\nunit.issues\\Issue3125\\UnitTest1.cs(19,15): warning CS0219: The variable \u0027s2\u0027 is assigned but its value is never used [C:\\repos\\nunit\\nunit.issues\\Issue3125\\Issue3125.csproj]\r\n\r\nBuild FAILED.\r\n\r\nC:\\repos\\nunit\\nunit.issues\\Issue3125\\UnitTest1.cs(15,15): warning CS0219: The variable \u0027y\u0027 is assigned but its value is never used [C:\\repos\\nunit\\nunit.issues\\Issue3125\\Issue3125.csproj]\r\nC:\\repos\\nunit\\nunit.issues\\Issue3125\\UnitTest1.cs(18,15): warning CS0219: The variable \u0027s\u0027 is assigned but its value is never used [C:\\repos\\nunit\\nunit.issues\\Issue3125\\Issue3125.csproj]\r\nC:\\repos\\nunit\\nunit.issues\\Issue3125\\UnitTest1.cs(19,15): warning CS0219: The variable \u0027s2\u0027 is assigned but its value is never used [C:\\repos\\nunit\\nunit.issues\\Issue3125\\Issue3125.csproj]\r\nC:\\repos\\nunit\\nunit.issues\\Issue3125\\UnitTest1.cs(19,20): error CS0031: Constant value \u002742000\u0027 cannot be converted to a \u0027short\u0027 [C:\\repos\\nunit\\nunit.issues\\Issue3125\\Issue3125.csproj]\r\nC:\\repos\\nunit\\nunit.issues\\Issue3125\\UnitTest1.cs(20,20): error CS0266: Cannot implicitly convert type \u0027int\u0027 to \u0027short\u0027. An explicit conversion exists (are you missing a cast?) [C:\\repos\\nunit\\nunit.issues\\Issue3125\\Issue3125.csproj]\r\n    3 Warning(s)\r\n    2 Error(s)\r\n\r\nTime Elapsed 00:00:01.80\r\n",
    "build_error": "",
    "test_result": "not run",
    "test_output": "=== Issue3125\\Issue3125.csproj ===\n=== Restore ===\n  Determining projects to restore...\r\n  Restored C:\\repos\\nunit\\nunit.issues\\Issue3125\\Issue3125.csproj (in 341 ms).\r\n\n=== Build ===\n  Determining projects to restore...\r\n  All projects are up-to-date for restore.\r\nC:\\repos\\nunit\\nunit.issues\\Issue3125\\UnitTest1.cs(19,20): error CS0031: Constant value \u002742000\u0027 cannot be converted to a \u0027short\u0027 [C:\\repos\\nunit\\nunit.issues\\Issue3125\\Issue3125.csproj]\r\nC:\\repos\\nunit\\nunit.issues\\Issue3125\\UnitTest1.cs(20,20): error CS0266: Cannot implicitly convert type \u0027int\u0027 to \u0027short\u0027. An explicit conversion exists (are you missing a cast?) [C:\\repos\\nunit\\nunit.issues\\Issue3125\\Issue3125.csproj]\r\nC:\\repos\\nunit\\nunit.issues\\Issue3125\\UnitTest1.cs(15,15): warning CS0219: The variable \u0027y\u0027 is assigned but its value is never used [C:\\repos\\nunit\\nunit.issues\\Issue3125\\Issue3125.csproj]\r\nC:\\repos\\nunit\\nunit.issues\\Issue3125\\UnitTest1.cs(18,15): warning CS0219: The variable \u0027s\u0027 is assigned but its value is never used [C:\\repos\\nunit\\nunit.issues\\Issue3125\\Issue3125.csproj]\r\nC:\\repos\\nunit\\nunit.issues\\Issue3125\\UnitTest1.cs(19,15): warning CS0219: The variable \u0027s2\u0027 is assigned but its value is never used [C:\\repos\\nunit\\nunit.issues\\Issue3125\\Issue3125.csproj]\r\n\r\nBuild FAILED.\r\n\r\nC:\\repos\\nunit\\nunit.issues\\Issue3125\\UnitTest1.cs(15,15): warning CS0219: The variable \u0027y\u0027 is assigned but its value is never used [C:\\repos\\nunit\\nunit.issues\\Issue3125\\Issue3125.csproj]\r\nC:\\repos\\nunit\\nunit.issues\\Issue3125\\UnitTest1.cs(18,15): warning CS0219: The variable \u0027s\u0027 is assigned but its value is never used [C:\\repos\\nunit\\nunit.issues\\Issue3125\\Issue3125.csproj]\r\nC:\\repos\\nunit\\nunit.issues\\Issue3125\\UnitTest1.cs(19,15): warning CS0219: The variable \u0027s2\u0027 is assigned but its value is never used [C:\\repos\\nunit\\nunit.issues\\Issue3125\\Issue3125.csproj]\r\nC:\\repos\\nunit\\nunit.issues\\Issue3125\\UnitTest1.cs(19,20): error CS0031: Constant value \u002742000\u0027 cannot be converted to a \u0027short\u0027 [C:\\repos\\nunit\\nunit.issues\\Issue3125\\Issue3125.csproj]\r\nC:\\repos\\nunit\\nunit.issues\\Issue3125\\UnitTest1.cs(20,20): error CS0266: Cannot implicitly convert type \u0027int\u0027 to \u0027short\u0027. An explicit conversion exists (are you missing a cast?) [C:\\repos\\nunit\\nunit.issues\\Issue3125\\Issue3125.csproj]\r\n    3 Warning(s)\r\n    2 Error(s)\r\n\r\nTime Elapsed 00:00:01.80\r\n",
    "test_error": "",
    "test_conclusion": "Failure: Build failed",
    "runner_scripts": null,
    "runsettings": null,
    "feed": "Alpha",
    "runner_expectations": null,
    "last_run": "2026-01-23T19:14:16Z"
  },
  {
    "number": 3148,
    "project_path": "Issue3148.csproj",
    "project_style": "SDK-style",
    "target_frameworks": [
      "net10.0"
    ],
    "packages": [],
    "update_result": "not run",
    "update_output": null,
    "update_error": null,
    "restore_result": "not run",
    "restore_output": null,
    "restore_error": null,
    "build_result": "not run",
    "build_output": null,
    "build_error": null,
    "test_result": "not synced",
    "test_output": null,
    "test_error": null,
    "test_conclusion": null,
    "runner_scripts": null,
    "runsettings": null,
    "feed": "Alpha",
    "runner_expectations": null,
    "last_run": "2026-01-23T19:14:16Z"
  },
  {
    "number": 3325,
    "project_path": "VerifyNUnit4.csproj",
    "project_style": "SDK-style",
    "target_frameworks": [
      "net10.0"
    ],
    "packages": [],
    "update_result": "not run",
    "update_output": null,
    "update_error": null,
    "restore_result": "not run",
    "restore_output": null,
    "restore_error": null,
    "build_result": "not run",
    "build_output": null,
    "build_error": null,
    "test_result": "not synced",
    "test_output": null,
    "test_error": null,
    "test_conclusion": null,
    "runner_scripts": null,
    "runsettings": null,
    "feed": "Alpha",
    "runner_expectations": null,
    "last_run": "2026-01-23T19:14:16Z"
  },
  {
    "number": 3807,
    "project_path": "Issue3807.csproj",
    "project_style": "SDK-style",
    "target_frameworks": [
      "net10.0",
      "net462",
      "net472"
    ],
    "packages": [],
    "update_result": "not run",
    "update_output": null,
    "update_error": null,
    "restore_result": "not run",
    "restore_output": null,
    "restore_error": null,
    "build_result": "not run",
    "build_output": null,
    "build_error": null,
    "test_result": "not synced",
    "test_output": null,
    "test_error": null,
    "test_conclusion": null,
    "runner_scripts": null,
    "runsettings": null,
    "feed": "Alpha",
    "runner_expectations": null,
    "last_run": "2026-01-23T19:14:16Z"
  },
  {
    "number": 3849,
    "project_path": "Issue3849.csproj",
    "project_style": "SDK-style",
    "target_frameworks": [
      "net10.0"
    ],
    "packages": [],
    "update_result": "not run",
    "update_output": null,
    "update_error": null,
    "restore_result": "not run",
    "restore_output": null,
    "restore_error": null,
    "build_result": "not run",
    "build_output": null,
    "build_error": null,
    "test_result": "not synced",
    "test_output": null,
    "test_error": null,
    "test_conclusion": null,
    "runner_scripts": null,
    "runsettings": null,
    "feed": "Alpha",
    "runner_expectations": null,
    "last_run": "2026-01-23T19:14:16Z"
  },
  {
    "number": 3930,
    "project_path": "Issue3930.csproj",
    "project_style": "SDK-style",
    "target_frameworks": [
      "net462",
      "net10.0"
    ],
    "packages": [],
    "update_result": "not run",
    "update_output": null,
    "update_error": null,
    "restore_result": "not run",
    "restore_output": null,
    "restore_error": null,
    "build_result": "not run",
    "build_output": null,
    "build_error": null,
    "test_result": "not synced",
    "test_output": null,
    "test_error": null,
    "test_conclusion": null,
    "runner_scripts": null,
    "runsettings": null,
    "feed": "Alpha",
    "runner_expectations": null,
    "last_run": "2026-01-23T19:14:16Z"
  },
  {
    "number": 4268,
    "project_path": "Issue4268.csproj",
    "project_style": "SDK-style",
    "target_frameworks": [
      "net10.0"
    ],
    "packages": [],
    "update_result": "not run",
    "update_output": null,
    "update_error": null,
    "restore_result": "not run",
    "restore_output": null,
    "restore_error": null,
    "build_result": "not run",
    "build_output": null,
    "build_error": null,
    "test_result": "not synced",
    "test_output": null,
    "test_error": null,
    "test_conclusion": null,
    "runner_scripts": null,
    "runsettings": null,
    "feed": "Alpha",
    "runner_expectations": null,
    "last_run": "2026-01-23T19:14:16Z"
  },
  {
    "number": 4281,
    "project_path": "Issue4281.csproj",
    "project_style": "SDK-style",
    "target_frameworks": [
      "net10.0"
    ],
    "packages": [],
    "update_result": "not run",
    "update_output": null,
    "update_error": null,
    "restore_result": "not run",
    "restore_output": null,
    "restore_error": null,
    "build_result": "not run",
    "build_output": null,
    "build_error": null,
    "test_result": "not synced",
    "test_output": null,
    "test_error": null,
    "test_conclusion": null,
    "runner_scripts": null,
    "runsettings": null,
    "feed": "Alpha",
    "runner_expectations": null,
    "last_run": "2026-01-23T19:14:16Z"
  },
  {
    "number": 4298,
    "project_path": "Issue4298.csproj",
    "project_style": "SDK-style",
    "target_frameworks": [
      "net10.0"
    ],
    "packages": [],
    "update_result": "not run",
    "update_output": null,
    "update_error": null,
    "restore_result": "not run",
    "restore_output": null,
    "restore_error": null,
    "build_result": "not run",
    "build_output": null,
    "build_error": null,
    "test_result": "not synced",
    "test_output": null,
    "test_error": null,
    "test_conclusion": null,
    "runner_scripts": null,
    "runsettings": null,
    "feed": "Alpha",
    "runner_expectations": null,
    "last_run": "2026-01-23T19:14:16Z"
  },
  {
    "number": 4353,
    "project_path": "Issue4353.csproj",
    "project_style": "SDK-style",
    "target_frameworks": [
      "net10.0",
      "net462",
      "net472"
    ],
    "packages": [],
    "update_result": "not run",
    "update_output": null,
    "update_error": null,
    "restore_result": "not run",
    "restore_output": null,
    "restore_error": null,
    "build_result": "not run",
    "build_output": null,
    "build_error": null,
    "test_result": "not synced",
    "test_output": null,
    "test_error": null,
    "test_conclusion": null,
    "runner_scripts": null,
    "runsettings": null,
    "feed": "Alpha",
    "runner_expectations": null,
    "last_run": "2026-01-23T19:14:16Z"
  },
  {
    "number": 4371,
    "project_path": "timeoutissuetest\\timeoutissuetest.csproj",
    "project_style": "SDK-style",
    "target_frameworks": [
      "net10.0"
    ],
    "packages": [],
    "update_result": "not run",
    "update_output": null,
    "update_error": null,
    "restore_result": "not run",
    "restore_output": null,
    "restore_error": null,
    "build_result": "not run",
    "build_output": null,
    "build_error": null,
    "test_result": "not synced",
    "test_output": null,
    "test_error": null,
    "test_conclusion": null,
    "runner_scripts": null,
    "runsettings": null,
    "feed": "Alpha",
    "runner_expectations": null,
    "last_run": "2026-01-23T19:14:16Z"
  },
  {
    "number": 4400,
    "project_path": "Issue4400.csproj",
    "project_style": "SDK-style",
    "target_frameworks": [
      "net10.0"
    ],
    "packages": [],
    "update_result": "not run",
    "update_output": null,
    "update_error": null,
    "restore_result": "not run",
    "restore_output": null,
    "restore_error": null,
    "build_result": "not run",
    "build_output": null,
    "build_error": null,
    "test_result": "not synced",
    "test_output": null,
    "test_error": null,
    "test_conclusion": null,
    "runner_scripts": null,
    "runsettings": null,
    "feed": "Alpha",
    "runner_expectations": null,
    "last_run": "2026-01-23T19:14:16Z"
  },
  {
    "number": 4401,
    "project_path": "Issue4401.csproj",
    "project_style": "SDK-style",
    "target_frameworks": [
      "net10.0"
    ],
    "packages": [],
    "update_result": "not run",
    "update_output": null,
    "update_error": null,
    "restore_result": "not run",
    "restore_output": null,
    "restore_error": null,
    "build_result": "not run",
    "build_output": null,
    "build_error": null,
    "test_result": "not synced",
    "test_output": null,
    "test_error": null,
    "test_conclusion": null,
    "runner_scripts": null,
    "runsettings": null,
    "feed": "Alpha",
    "runner_expectations": null,
    "last_run": "2026-01-23T19:14:16Z"
  },
  {
    "number": 4406,
    "project_path": "Issue4406.csproj",
    "project_style": "SDK-style",
    "target_frameworks": [
      "net10.0"
    ],
    "packages": [],
    "update_result": "not run",
    "update_output": null,
    "update_error": null,
    "restore_result": "not run",
    "restore_output": null,
    "restore_error": null,
    "build_result": "not run",
    "build_output": null,
    "build_error": null,
    "test_result": "not synced",
    "test_output": null,
    "test_error": null,
    "test_conclusion": null,
    "runner_scripts": null,
    "runsettings": null,
    "feed": "Alpha",
    "runner_expectations": null,
    "last_run": "2026-01-23T19:14:16Z"
  },
  {
    "number": 4413,
    "project_path": "Issue4413.csproj",
    "project_style": "SDK-style",
    "target_frameworks": [
      "net10.0"
    ],
    "packages": [],
    "update_result": "not run",
    "update_output": null,
    "update_error": null,
    "restore_result": "not run",
    "restore_output": null,
    "restore_error": null,
    "build_result": "not run",
    "build_output": null,
    "build_error": null,
    "test_result": "not synced",
    "test_output": null,
    "test_error": null,
    "test_conclusion": null,
    "runner_scripts": null,
    "runsettings": null,
    "feed": "Alpha",
    "runner_expectations": null,
    "last_run": "2026-01-23T19:14:16Z"
  },
  {
    "number": 4423,
    "project_path": "Issue4423.csproj",
    "project_style": "SDK-style",
    "target_frameworks": [
      "net10.0"
    ],
    "packages": [],
    "update_result": "not run",
    "update_output": null,
    "update_error": null,
    "restore_result": "not run",
    "restore_output": null,
    "restore_error": null,
    "build_result": "not run",
    "build_output": null,
    "build_error": null,
    "test_result": "not synced",
    "test_output": null,
    "test_error": null,
    "test_conclusion": null,
    "runner_scripts": null,
    "runsettings": null,
    "feed": "Alpha",
    "runner_expectations": null,
    "last_run": "2026-01-23T19:14:16Z"
  },
  {
    "number": 4426,
    "project_path": "TestProject1\\TestProject1.csproj",
    "project_style": "SDK-style",
    "target_frameworks": [
      "net10.0"
    ],
    "packages": [],
    "update_result": "not run",
    "update_output": null,
    "update_error": null,
    "restore_result": "not run",
    "restore_output": null,
    "restore_error": null,
    "build_result": "not run",
    "build_output": null,
    "build_error": null,
    "test_result": "not synced",
    "test_output": null,
    "test_error": null,
    "test_conclusion": null,
    "runner_scripts": null,
    "runsettings": null,
    "feed": "Alpha",
    "runner_expectations": null,
    "last_run": "2026-01-23T19:14:16Z"
  },
  {
    "number": 4446,
    "project_path": "Issue4446.csproj",
    "project_style": "SDK-style",
    "target_frameworks": [
      "net10.0"
    ],
    "packages": [],
    "update_result": "not run",
    "update_output": null,
    "update_error": null,
    "restore_result": "not run",
    "restore_output": null,
    "restore_error": null,
    "build_result": "not run",
    "build_output": null,
    "build_error": null,
    "test_result": "not synced",
    "test_output": null,
    "test_error": null,
    "test_conclusion": null,
    "runner_scripts": null,
    "runsettings": null,
    "feed": "Alpha",
    "runner_expectations": null,
    "last_run": "2026-01-23T19:14:16Z"
  },
  {
    "number": 4455,
    "project_path": "Issue4455.csproj",
    "project_style": "SDK-style",
    "target_frameworks": [
      "net10.0"
    ],
    "packages": [],
    "update_result": "not run",
    "update_output": null,
    "update_error": null,
    "restore_result": "not run",
    "restore_output": null,
    "restore_error": null,
    "build_result": "not run",
    "build_output": null,
    "build_error": null,
    "test_result": "not synced",
    "test_output": null,
    "test_error": null,
    "test_conclusion": null,
    "runner_scripts": null,
    "runsettings": null,
    "feed": "Alpha",
    "runner_expectations": null,
    "last_run": "2026-01-23T19:14:16Z"
  },
  {
    "number": 4491,
    "project_path": "Issue4491B.csproj",
    "project_style": "SDK-style",
    "target_frameworks": [
      "net10.0"
    ],
    "packages": [],
    "update_result": "not run",
    "update_output": null,
    "update_error": null,
    "restore_result": "not run",
    "restore_output": null,
    "restore_error": null,
    "build_result": "not run",
    "build_output": null,
    "build_error": null,
    "test_result": "not synced",
    "test_output": null,
    "test_error": null,
    "test_conclusion": null,
    "runner_scripts": null,
    "runsettings": null,
    "feed": "Alpha",
    "runner_expectations": null,
    "last_run": "2026-01-23T19:14:16Z"
  },
  {
    "number": 4537,
    "project_path": "Issue4537.csproj",
    "project_style": "SDK-style",
    "target_frameworks": [
      "net10.0"
    ],
    "packages": [],
    "update_result": "not run",
    "update_output": null,
    "update_error": null,
    "restore_result": "not run",
    "restore_output": null,
    "restore_error": null,
    "build_result": "not run",
    "build_output": null,
    "build_error": null,
    "test_result": "not synced",
    "test_output": null,
    "test_error": null,
    "test_conclusion": null,
    "runner_scripts": null,
    "runsettings": null,
    "feed": "Alpha",
    "runner_expectations": null,
    "last_run": "2026-01-23T19:14:16Z"
  },
  {
    "number": 4545,
    "project_path": "Issue4545.csproj",
    "project_style": "SDK-style",
    "target_frameworks": [
      "net10.0"
    ],
    "packages": [],
    "update_result": "not run",
    "update_output": null,
    "update_error": null,
    "restore_result": "not run",
    "restore_output": null,
    "restore_error": null,
    "build_result": "not run",
    "build_output": null,
    "build_error": null,
    "test_result": "not synced",
    "test_output": null,
    "test_error": null,
    "test_conclusion": null,
    "runner_scripts": null,
    "runsettings": null,
    "feed": "Alpha",
    "runner_expectations": null,
    "last_run": "2026-01-23T19:14:16Z"
  },
  {
    "number": 4549,
    "project_path": "Issue4549.csproj",
    "project_style": "SDK-style",
    "target_frameworks": [
      "net10.0"
    ],
    "packages": [],
    "update_result": "not run",
    "update_output": null,
    "update_error": null,
    "restore_result": "not run",
    "restore_output": null,
    "restore_error": null,
    "build_result": "not run",
    "build_output": null,
    "build_error": null,
    "test_result": "not synced",
    "test_output": null,
    "test_error": null,
    "test_conclusion": null,
    "runner_scripts": null,
    "runsettings": null,
    "feed": "Alpha",
    "runner_expectations": null,
    "last_run": "2026-01-23T19:14:16Z"
  },
  {
    "number": 4554,
    "project_path": "Issue4554.csproj",
    "project_style": "SDK-style",
    "target_frameworks": [
      "net10.0"
    ],
    "packages": [],
    "update_result": "not run",
    "update_output": null,
    "update_error": null,
    "restore_result": "not run",
    "restore_output": null,
    "restore_error": null,
    "build_result": "not run",
    "build_output": null,
    "build_error": null,
    "test_result": "not synced",
    "test_output": null,
    "test_error": null,
    "test_conclusion": null,
    "runner_scripts": null,
    "runsettings": null,
    "feed": "Alpha",
    "runner_expectations": null,
    "last_run": "2026-01-23T19:14:16Z"
  },
  {
    "number": 4564,
    "project_path": "NUnitRunnerWindows\\NUnitRunnerWindows.csproj",
    "project_style": "SDK-style",
    "target_frameworks": [
      "net10.0"
    ],
    "packages": [],
    "update_result": "not run",
    "update_output": null,
    "update_error": null,
    "restore_result": "not run",
    "restore_output": null,
    "restore_error": null,
    "build_result": "not run",
    "build_output": null,
    "build_error": null,
    "test_result": "not synced",
    "test_output": null,
    "test_error": null,
    "test_conclusion": null,
    "runner_scripts": null,
    "runsettings": null,
    "feed": "Alpha",
    "runner_expectations": null,
    "last_run": "2026-01-23T19:14:16Z"
  },
  {
    "number": 4572,
    "project_path": "Issue4572.csproj",
    "project_style": "SDK-style",
    "target_frameworks": [
      "net10.0"
    ],
    "packages": [
      "Microsoft.NET.Test.Sdk=17.8.0",
      "NUnit=4.0.1",
      "NUnit3TestAdapter=4.5.0",
      "NUnit.Analyzers=3.10.0",
      "coverlet.collector=6.0.0"
    ],
    "update_result": "fail",
    "update_output": "[Issue4572\\Issue4572.csproj]\nDiscovering projects...\r\nAnalyzing project(s)...\r\n",
    "update_error": "[Issue4572\\Issue4572.csproj]\nUnable to process the project \u0060C:\\repos\\nunit\\nunit.issues\\Issue4572\\Issue4572.sln. Are you sure this is a valid .NET Core or .NET Standard project type?\r\n\r\nHere is the full error message returned from the Microsoft Build Engine:\r\n\r\nMSBuild version 18.0.7\u002B445250245 for .NET\r\nC:\\Program Files\\dotnet\\sdk\\10.0.102\\NuGet.targets(519,5): error MSB3202: The project file \u0022C:\\repos\\nunit\\nunit.issues\\Analyzer665\\IssueAnalyzer665\\IssueAnalyzer665.csproj\u0022 was not found. [C:\\repos\\nunit\\nunit.issues\\Issue4572\\Issue4572.sln]\r\n -  - exit code: 1\r\n",
    "restore_result": "fail",
    "restore_output": "C:\\Program Files\\dotnet\\sdk\\10.0.102\\NuGet.targets(519,5): error MSB3202: The project file \u0022C:\\repos\\nunit\\nunit.issues\\Analyzer665\\IssueAnalyzer665\\IssueAnalyzer665.csproj\u0022 was not found. [C:\\repos\\nunit\\nunit.issues\\Issue4572\\Issue4572.sln]\r\n",
    "restore_error": "",
    "build_result": "not run",
    "build_output": "",
    "build_error": "",
    "test_result": "not run",
    "test_output": "=== Issue4572\\Issue4572.csproj ===\n=== Restore ===\nC:\\Program Files\\dotnet\\sdk\\10.0.102\\NuGet.targets(519,5): error MSB3202: The project file \u0022C:\\repos\\nunit\\nunit.issues\\Analyzer665\\IssueAnalyzer665\\IssueAnalyzer665.csproj\u0022 was not found. [C:\\repos\\nunit\\nunit.issues\\Issue4572\\Issue4572.sln]\r\n",
    "test_error": "",
    "test_conclusion": "Failure: Restore failed",
    "runner_scripts": null,
    "runsettings": null,
    "feed": "Alpha",
    "runner_expectations": null,
    "last_run": "2026-01-23T19:14:16Z"
  },
  {
    "number": 4584,
    "project_path": "Nunit4_TestcaseSelectionIssue\\Nunit4_TestcaseSelectionIssue.csproj",
    "project_style": "SDK-style",
    "target_frameworks": [
      "net10.0"
    ],
    "packages": [],
    "update_result": "not run",
    "update_output": null,
    "update_error": null,
    "restore_result": "not run",
    "restore_output": null,
    "restore_error": null,
    "build_result": "not run",
    "build_output": null,
    "build_error": null,
    "test_result": "not synced",
    "test_output": null,
    "test_error": null,
    "test_conclusion": null,
    "runner_scripts": null,
    "runsettings": null,
    "feed": "Alpha",
    "runner_expectations": null,
    "last_run": "2026-01-23T19:14:16Z"
  },
  {
    "number": 4588,
    "project_path": "ValueTask.csproj",
    "project_style": "SDK-style",
    "target_frameworks": [
      "net10.0"
    ],
    "packages": [
      "Microsoft.NET.Test.Sdk=17.9.0",
      "NUnit3TestAdapter=4.5.0",
      "NUnit.Analyzers=3.10.0",
      "coverlet.collector=6.0.0"
    ],
    "update_result": "fail",
    "update_output": "[Issue4588\\ValueTask.csproj]\nDiscovering projects...\r\nAnalyzing project(s)...\r\n",
    "update_error": "[Issue4588\\ValueTask.csproj]\nUnable to process the project \u0060C:\\repos\\nunit\\nunit.issues\\Issue4588\\ValueTask.sln. Are you sure this is a valid .NET Core or .NET Standard project type?\r\n\r\nHere is the full error message returned from the Microsoft Build Engine:\r\n\r\nMSBuild version 18.0.7\u002B445250245 for .NET\r\nC:\\Program Files\\dotnet\\sdk\\10.0.102\\NuGet.targets(519,5): error MSB3202: The project file \u0022C:\\repos\\nunit\\rendermichael\\nunit\\src\\NUnitFramework\\framework\\nunit.framework.csproj\u0022 was not found. [C:\\repos\\nunit\\nunit.issues\\Issue4588\\ValueTask.sln]\r\n -  - exit code: 1\r\n",
    "restore_result": "fail",
    "restore_output": "C:\\Program Files\\dotnet\\sdk\\10.0.102\\NuGet.targets(519,5): error MSB3202: The project file \u0022C:\\repos\\nunit\\rendermichael\\nunit\\src\\NUnitFramework\\framework\\nunit.framework.csproj\u0022 was not found. [C:\\repos\\nunit\\nunit.issues\\Issue4588\\ValueTask.sln]\r\n",
    "restore_error": "",
    "build_result": "not run",
    "build_output": "",
    "build_error": "",
    "test_result": "not run",
    "test_output": "=== Issue4588\\ValueTask.csproj ===\n=== Restore ===\nC:\\Program Files\\dotnet\\sdk\\10.0.102\\NuGet.targets(519,5): error MSB3202: The project file \u0022C:\\repos\\nunit\\rendermichael\\nunit\\src\\NUnitFramework\\framework\\nunit.framework.csproj\u0022 was not found. [C:\\repos\\nunit\\nunit.issues\\Issue4588\\ValueTask.sln]\r\n",
    "test_error": "",
    "test_conclusion": "Failure: Restore failed",
    "runner_scripts": null,
    "runsettings": null,
    "feed": "Alpha",
    "runner_expectations": null,
    "last_run": "2026-01-23T19:14:16Z"
  },
  {
    "number": 4589,
    "project_path": "Issue4589.csproj",
    "project_style": "SDK-style",
    "target_frameworks": [
      "net10.0"
    ],
    "packages": [],
    "update_result": "not run",
    "update_output": null,
    "update_error": null,
    "restore_result": "not run",
    "restore_output": null,
    "restore_error": null,
    "build_result": "not run",
    "build_output": null,
    "build_error": null,
    "test_result": "not synced",
    "test_output": null,
    "test_error": null,
    "test_conclusion": null,
    "runner_scripts": null,
    "runsettings": null,
    "feed": "Alpha",
    "runner_expectations": null,
    "last_run": "2026-01-23T19:14:16Z"
  },
  {
    "number": 4598,
    "project_path": "NUnitIssue\\NUnitIssue.csproj",
    "project_style": "SDK-style",
    "target_frameworks": [
      "net10.0"
    ],
    "packages": [],
    "update_result": "not run",
    "update_output": null,
    "update_error": null,
    "restore_result": "not run",
    "restore_output": null,
    "restore_error": null,
    "build_result": "not run",
    "build_output": null,
    "build_error": null,
    "test_result": "not synced",
    "test_output": null,
    "test_error": null,
    "test_conclusion": null,
    "runner_scripts": null,
    "runsettings": null,
    "feed": "Alpha",
    "runner_expectations": null,
    "last_run": "2026-01-23T19:14:16Z"
  },
  {
    "number": 4613,
    "project_path": "Issue4613.csproj",
    "project_style": "SDK-style",
    "target_frameworks": [
      "net10.0"
    ],
    "packages": [],
    "update_result": "not run",
    "update_output": null,
    "update_error": null,
    "restore_result": "not run",
    "restore_output": null,
    "restore_error": null,
    "build_result": "not run",
    "build_output": null,
    "build_error": null,
    "test_result": "not synced",
    "test_output": null,
    "test_error": null,
    "test_conclusion": null,
    "runner_scripts": null,
    "runsettings": null,
    "feed": "Alpha",
    "runner_expectations": null,
    "last_run": "2026-01-23T19:14:16Z"
  },
  {
    "number": 4619,
    "project_path": "Issue4619.csproj",
    "project_style": "SDK-style",
    "target_frameworks": [
      "net48"
    ],
    "packages": [],
    "update_result": "not run",
    "update_output": null,
    "update_error": null,
    "restore_result": "not run",
    "restore_output": null,
    "restore_error": null,
    "build_result": "not run",
    "build_output": null,
    "build_error": null,
    "test_result": "not synced",
    "test_output": null,
    "test_error": null,
    "test_conclusion": null,
    "runner_scripts": null,
    "runsettings": null,
    "feed": "Alpha",
    "runner_expectations": null,
    "last_run": "2026-01-23T19:14:16Z"
  },
  {
    "number": 4635,
    "project_path": "Issue4635.csproj",
    "project_style": "SDK-style",
    "target_frameworks": [
      "net48"
    ],
    "packages": [
      "Microsoft.NET.Test.Sdk=17.9.0",
      "NUnit=3.14.0",
      "NUnit3TestAdapter=4.5.0",
      "NUnit.Analyzers=3.6.1"
    ],
    "update_result": "success",
    "update_output": "[Issue4635\\Issue4635.csproj]\nDiscovering projects...\r\nAnalyzing project(s)...\r\nAnalyzing dependencies...\r\n\u00C2\u00BB Issue4635\r\n  [.NETFramework,Version=v4.8]\r\n  Microsoft.NET.Test.Sdk  17.9.0 -\u003E 18.0.1          \r\n  NUnit                   3.14.0 -\u003E 4.5.0-alpha.0.35\r\n  NUnit.Analyzers         3.6.1  -\u003E 4.11.2          \r\n  NUnit3TestAdapter       4.5.0  -\u003E 6.1.1-alpha.2   \r\n\r\nVersion color legend:\r\n\u003Cred\u003E   : Major version update or pre-release version. Possible breaking changes.\r\n\u003Cyellow\u003E: Minor version update. Backwards-compatible features added.\r\n\u003Cgreen\u003E : Patch version update. Backwards-compatible bug fixes.\r\n\r\nUpgrading package Microsoft.NET.Test.Sdk...\r\nProject Issue4635 [.NETFramework,Version=v4.8] upgraded successfully\r\n\r\nUpgrading package NUnit...\r\nProject Issue4635 [.NETFramework,Version=v4.8] upgraded successfully\r\n\r\nUpgrading package NUnit.Analyzers...\r\nProject Issue4635 [.NETFramework,Version=v4.8] upgraded successfully\r\n\r\nUpgrading package NUnit3TestAdapter...\r\nProject Issue4635 [.NETFramework,Version=v4.8] upgraded successfully\r\n\r\nElapsed: 00:00:31.3091271\r\n",
    "update_error": "",
    "restore_result": "success",
    "restore_output": "  Determining projects to restore...\r\n  All projects are up-to-date for restore.\r\n",
    "restore_error": "",
    "build_result": "fail",
    "build_output": "  Determining projects to restore...\r\n  All projects are up-to-date for restore.\r\nC:\\repos\\nunit\\nunit.issues\\Issue4635\\UnitTest1.cs(19,9): error CS0103: The name \u0027CollectionAssert\u0027 does not exist in the current context [C:\\repos\\nunit\\nunit.issues\\Issue4635\\Issue4635.csproj]\r\n\r\nBuild FAILED.\r\n\r\nC:\\repos\\nunit\\nunit.issues\\Issue4635\\UnitTest1.cs(19,9): error CS0103: The name \u0027CollectionAssert\u0027 does not exist in the current context [C:\\repos\\nunit\\nunit.issues\\Issue4635\\Issue4635.csproj]\r\n    0 Warning(s)\r\n    1 Error(s)\r\n\r\nTime Elapsed 00:00:02.38\r\n",
    "build_error": "",
    "test_result": "not run",
    "test_output": "=== Issue4635\\Issue4635.csproj ===\n=== Restore ===\n  Determining projects to restore...\r\n  All projects are up-to-date for restore.\r\n\n=== Build ===\n  Determining projects to restore...\r\n  All projects are up-to-date for restore.\r\nC:\\repos\\nunit\\nunit.issues\\Issue4635\\UnitTest1.cs(19,9): error CS0103: The name \u0027CollectionAssert\u0027 does not exist in the current context [C:\\repos\\nunit\\nunit.issues\\Issue4635\\Issue4635.csproj]\r\n\r\nBuild FAILED.\r\n\r\nC:\\repos\\nunit\\nunit.issues\\Issue4635\\UnitTest1.cs(19,9): error CS0103: The name \u0027CollectionAssert\u0027 does not exist in the current context [C:\\repos\\nunit\\nunit.issues\\Issue4635\\Issue4635.csproj]\r\n    0 Warning(s)\r\n    1 Error(s)\r\n\r\nTime Elapsed 00:00:02.38\r\n",
    "test_error": "",
    "test_conclusion": "Failure: Build failed",
    "runner_scripts": null,
    "runsettings": null,
    "feed": "Alpha",
    "runner_expectations": null,
    "last_run": "2026-01-23T19:14:16Z"
  },
  {
    "number": 4644,
    "project_path": "Issue4644.csproj",
    "project_style": "SDK-style",
    "target_frameworks": [
      "net10.0"
    ],
    "packages": [],
    "update_result": "not run",
    "update_output": null,
    "update_error": null,
    "restore_result": "not run",
    "restore_output": null,
    "restore_error": null,
    "build_result": "not run",
    "build_output": null,
    "build_error": null,
    "test_result": "not synced",
    "test_output": null,
    "test_error": null,
    "test_conclusion": null,
    "runner_scripts": null,
    "runsettings": null,
    "feed": "Alpha",
    "runner_expectations": null,
    "last_run": "2026-01-23T19:14:16Z"
  },
  {
    "number": 4651,
    "project_path": "Issue4651.csproj",
    "project_style": "SDK-style",
    "target_frameworks": [
      "net10.0"
    ],
    "packages": [],
    "update_result": "not run",
    "update_output": null,
    "update_error": null,
    "restore_result": "not run",
    "restore_output": null,
    "restore_error": null,
    "build_result": "not run",
    "build_output": null,
    "build_error": null,
    "test_result": "not synced",
    "test_output": null,
    "test_error": null,
    "test_conclusion": null,
    "runner_scripts": null,
    "runsettings": null,
    "feed": "Alpha",
    "runner_expectations": null,
    "last_run": "2026-01-23T19:14:16Z"
  },
  {
    "number": 4654,
    "project_path": "test\\test.csproj",
    "project_style": "SDK-style",
    "target_frameworks": [
      "net10.0"
    ],
    "packages": [],
    "update_result": "not run",
    "update_output": null,
    "update_error": null,
    "restore_result": "not run",
    "restore_output": null,
    "restore_error": null,
    "build_result": "not run",
    "build_output": null,
    "build_error": null,
    "test_result": "not synced",
    "test_output": null,
    "test_error": null,
    "test_conclusion": null,
    "runner_scripts": null,
    "runsettings": null,
    "feed": "Alpha",
    "runner_expectations": null,
    "last_run": "2026-01-23T19:14:16Z"
  },
  {
    "number": 4658,
    "project_path": "ApartmentTest.csproj",
    "project_style": "SDK-style",
    "target_frameworks": [
      "net10.0"
    ],
    "packages": [],
    "update_result": "not run",
    "update_output": null,
    "update_error": null,
    "restore_result": "not run",
    "restore_output": null,
    "restore_error": null,
    "build_result": "not run",
    "build_output": null,
    "build_error": null,
    "test_result": "not synced",
    "test_output": null,
    "test_error": null,
    "test_conclusion": null,
    "runner_scripts": null,
    "runsettings": null,
    "feed": "Alpha",
    "runner_expectations": null,
    "last_run": "2026-01-23T19:14:16Z"
  },
  {
    "number": 4662,
    "project_path": "Issue4662.csproj",
    "project_style": "SDK-style",
    "target_frameworks": [
      "net10.0"
    ],
    "packages": [],
    "update_result": "not run",
    "update_output": null,
    "update_error": null,
    "restore_result": "not run",
    "restore_output": null,
    "restore_error": null,
    "build_result": "not run",
    "build_output": null,
    "build_error": null,
    "test_result": "not synced",
    "test_output": null,
    "test_error": null,
    "test_conclusion": null,
    "runner_scripts": null,
    "runsettings": null,
    "feed": "Alpha",
    "runner_expectations": null,
    "last_run": "2026-01-23T19:14:16Z"
  },
  {
    "number": 4670,
    "project_path": "Issue4670.csproj",
    "project_style": "SDK-style",
    "target_frameworks": [
      "net10.0"
    ],
    "packages": [],
    "update_result": "not run",
    "update_output": null,
    "update_error": null,
    "restore_result": "not run",
    "restore_output": null,
    "restore_error": null,
    "build_result": "not run",
    "build_output": null,
    "build_error": null,
    "test_result": "not synced",
    "test_output": null,
    "test_error": null,
    "test_conclusion": null,
    "runner_scripts": null,
    "runsettings": null,
    "feed": "Alpha",
    "runner_expectations": null,
    "last_run": "2026-01-23T19:14:16Z"
  },
  {
    "number": 4681,
    "project_path": "Issue4681.csproj",
    "project_style": "SDK-style",
    "target_frameworks": [
      "net10.0",
      "net48"
    ],
    "packages": [],
    "update_result": "not run",
    "update_output": null,
    "update_error": null,
    "restore_result": "not run",
    "restore_output": null,
    "restore_error": null,
    "build_result": "not run",
    "build_output": null,
    "build_error": null,
    "test_result": "not synced",
    "test_output": null,
    "test_error": null,
    "test_conclusion": null,
    "runner_scripts": null,
    "runsettings": null,
    "feed": "Alpha",
    "runner_expectations": null,
    "last_run": "2026-01-23T19:14:16Z"
  },
  {
    "number": 4688,
    "project_path": "SpecflowTests\\SpecFlowTests.csproj",
    "project_style": "SDK-style",
    "target_frameworks": [
      "net10.0",
      "net472"
    ],
    "packages": [],
    "update_result": "not run",
    "update_output": null,
    "update_error": null,
    "restore_result": "not run",
    "restore_output": null,
    "restore_error": null,
    "build_result": "not run",
    "build_output": null,
    "build_error": null,
    "test_result": "not synced",
    "test_output": null,
    "test_error": null,
    "test_conclusion": null,
    "runner_scripts": null,
    "runsettings": null,
    "feed": "Alpha",
    "runner_expectations": null,
    "last_run": "2026-01-23T19:14:16Z"
  },
  {
    "number": 4693,
    "project_path": "Issue4693.csproj",
    "project_style": "SDK-style",
    "target_frameworks": [
      "net10.0"
    ],
    "packages": [],
    "update_result": "not run",
    "update_output": null,
    "update_error": null,
    "restore_result": "not run",
    "restore_output": null,
    "restore_error": null,
    "build_result": "not run",
    "build_output": null,
    "build_error": null,
    "test_result": "not synced",
    "test_output": null,
    "test_error": null,
    "test_conclusion": null,
    "runner_scripts": null,
    "runsettings": null,
    "feed": "Alpha",
    "runner_expectations": null,
    "last_run": "2026-01-23T19:14:16Z"
  },
  {
    "number": 4696,
    "project_path": "TestMain\\TestMain.csproj",
    "project_style": "classic",
    "target_frameworks": [],
    "packages": [
      "NUnit=3.14.0",
      "NUnitLite=3.14.0"
    ],
    "update_result": "success",
    "update_output": "[Issue4696\\TestMain\\TestMain.csproj]\nDiscovering projects...\r\nAnalyzing project(s)...\r\nAnalyzing dependencies...\r\nNo outdated dependencies were detected\r\nElapsed: 00:00:01.5863887\r\n\n\n[Issue4696\\TestProject1\\TestProject1.csproj]\nDiscovering projects...\r\nAnalyzing project(s)...\r\nAnalyzing dependencies...\r\nNo outdated dependencies were detected\r\nElapsed: 00:00:01.3505738\r\n\n\n[Issue4696\\TestProject2\\TestProject2.csproj]\nDiscovering projects...\r\nAnalyzing project(s)...\r\nAnalyzing dependencies...\r\nNo outdated dependencies were detected\r\nElapsed: 00:00:01.2260906\r\n",
    "update_error": "",
    "restore_result": "success",
    "restore_output": "  Determining projects to restore...\r\n  Nothing to do. None of the projects specified contain packages to restore.\r\n",
    "restore_error": "",
    "build_result": "fail",
    "build_output": "  Determining projects to restore...\r\n  Nothing to do. None of the projects specified contain packages to restore.\r\nC:\\repos\\nunit\\nunit.issues\\Issue4696\\TestProject2\\TestProject2.csproj(54,5): error : This project references NuGet package(s) that are missing on this computer. Use NuGet Package Restore to download them.  For more information, see http://go.microsoft.com/fwlink/?LinkID=322105. The missing file is ..\\packages\\NUnit.3.14.0\\build\\NUnit.props.\r\n\r\nBuild FAILED.\r\n\r\nC:\\repos\\nunit\\nunit.issues\\Issue4696\\TestProject2\\TestProject2.csproj(54,5): error : This project references NuGet package(s) that are missing on this computer. Use NuGet Package Restore to download them.  For more information, see http://go.microsoft.com/fwlink/?LinkID=322105. The missing file is ..\\packages\\NUnit.3.14.0\\build\\NUnit.props.\r\n    0 Warning(s)\r\n    1 Error(s)\r\n\r\nTime Elapsed 00:00:00.67\r\n",
    "build_error": "",
    "test_result": "not run",
    "test_output": "=== Issue4696\\TestMain\\TestMain.csproj ===\n=== Restore ===\n  Determining projects to restore...\r\n  Nothing to do. None of the projects specified contain packages to restore.\r\n\n=== Build ===\n  Determining projects to restore...\r\n  Nothing to do. None of the projects specified contain packages to restore.\r\nC:\\repos\\nunit\\nunit.issues\\Issue4696\\TestMain\\TestMain.csproj(71,5): error : This project references NuGet package(s) that are missing on this computer. Use NuGet Package Restore to download them.  For more information, see http://go.microsoft.com/fwlink/?LinkID=322105. The missing file is ..\\packages\\NUnit.3.14.0\\build\\NUnit.props.\r\n\r\nBuild FAILED.\r\n\r\nC:\\repos\\nunit\\nunit.issues\\Issue4696\\TestMain\\TestMain.csproj(71,5): error : This project references NuGet package(s) that are missing on this computer. Use NuGet Package Restore to download them.  For more information, see http://go.microsoft.com/fwlink/?LinkID=322105. The missing file is ..\\packages\\NUnit.3.14.0\\build\\NUnit.props.\r\n    0 Warning(s)\r\n    1 Error(s)\r\n\r\nTime Elapsed 00:00:00.65\r\n\n\n=== Issue4696\\TestProject1\\TestProject1.csproj ===\n=== Restore ===\n  Determining projects to restore...\r\n  Nothing to do. None of the projects specified contain packages to restore.\r\n\n=== Build ===\n  Determining projects to restore...\r\n  Nothing to do. None of the projects specified contain packages to restore.\r\nC:\\repos\\nunit\\nunit.issues\\Issue4696\\TestProject1\\TestProject1.csproj(54,5): error : This project references NuGet package(s) that are missing on this computer. Use NuGet Package Restore to download them.  For more information, see http://go.microsoft.com/fwlink/?LinkID=322105. The missing file is ..\\packages\\NUnit.3.14.0\\build\\NUnit.props.\r\n\r\nBuild FAILED.\r\n\r\nC:\\repos\\nunit\\nunit.issues\\Issue4696\\TestProject1\\TestProject1.csproj(54,5): error : This project references NuGet package(s) that are missing on this computer. Use NuGet Package Restore to download them.  For more information, see http://go.microsoft.com/fwlink/?LinkID=322105. The missing file is ..\\packages\\NUnit.3.14.0\\build\\NUnit.props.\r\n    0 Warning(s)\r\n    1 Error(s)\r\n\r\nTime Elapsed 00:00:00.63\r\n\n\n=== Issue4696\\TestProject2\\TestProject2.csproj ===\n=== Restore ===\n  Determining projects to restore...\r\n  Nothing to do. None of the projects specified contain packages to restore.\r\n\n=== Build ===\n  Determining projects to restore...\r\n  Nothing to do. None of the projects specified contain packages to restore.\r\nC:\\repos\\nunit\\nunit.issues\\Issue4696\\TestProject2\\TestProject2.csproj(54,5): error : This project references NuGet package(s) that are missing on this computer. Use NuGet Package Restore to download them.  For more information, see http://go.microsoft.com/fwlink/?LinkID=322105. The missing file is ..\\packages\\NUnit.3.14.0\\build\\NUnit.props.\r\n\r\nBuild FAILED.\r\n\r\nC:\\repos\\nunit\\nunit.issues\\Issue4696\\TestProject2\\TestProject2.csproj(54,5): error : This project references NuGet package(s) that are missing on this computer. Use NuGet Package Restore to download them.  For more information, see http://go.microsoft.com/fwlink/?LinkID=322105. The missing file is ..\\packages\\NUnit.3.14.0\\build\\NUnit.props.\r\n    0 Warning(s)\r\n    1 Error(s)\r\n\r\nTime Elapsed 00:00:00.67\r\n",
    "test_error": "",
    "test_conclusion": "Failure: Build failed",
    "runner_scripts": null,
    "runsettings": null,
    "feed": "Alpha",
    "runner_expectations": null,
    "last_run": "2026-01-23T19:14:16Z"
  },
  {
    "number": 4707,
    "project_path": "RetrieveParallelScope.csproj",
    "project_style": "SDK-style",
    "target_frameworks": [
      "net10.0"
    ],
    "packages": [],
    "update_result": "not run",
    "update_output": null,
    "update_error": null,
    "restore_result": "not run",
    "restore_output": null,
    "restore_error": null,
    "build_result": "not run",
    "build_output": null,
    "build_error": null,
    "test_result": "not synced",
    "test_output": null,
    "test_error": null,
    "test_conclusion": null,
    "runner_scripts": null,
    "runsettings": null,
    "feed": "Alpha",
    "runner_expectations": null,
    "last_run": "2026-01-23T19:14:16Z"
  },
  {
    "number": 4721,
    "project_path": "Issue4721.csproj",
    "project_style": "SDK-style",
    "target_frameworks": [
      "net10.0"
    ],
    "packages": [],
    "update_result": "not run",
    "update_output": null,
    "update_error": null,
    "restore_result": "not run",
    "restore_output": null,
    "restore_error": null,
    "build_result": "not run",
    "build_output": null,
    "build_error": null,
    "test_result": "not synced",
    "test_output": null,
    "test_error": null,
    "test_conclusion": null,
    "runner_scripts": null,
    "runsettings": null,
    "feed": "Alpha",
    "runner_expectations": null,
    "last_run": "2026-01-23T19:14:16Z"
  },
  {
    "number": 4736,
    "project_path": "Issue4736.csproj",
    "project_style": "SDK-style",
    "target_frameworks": [
      "net10.0"
    ],
    "packages": [],
    "update_result": "not run",
    "update_output": null,
    "update_error": null,
    "restore_result": "not run",
    "restore_output": null,
    "restore_error": null,
    "build_result": "not run",
    "build_output": null,
    "build_error": null,
    "test_result": "not synced",
    "test_output": null,
    "test_error": null,
    "test_conclusion": null,
    "runner_scripts": null,
    "runsettings": null,
    "feed": "Alpha",
    "runner_expectations": null,
    "last_run": "2026-01-23T19:14:16Z"
  },
  {
    "number": 4744,
    "project_path": "demo.testenv\\demo.testenv.csproj",
    "project_style": "SDK-style",
    "target_frameworks": [
      "net10.0"
    ],
    "packages": [
      "NUnit=4.1.99999",
      "NUnitLite=4.1.99999"
    ],
    "update_result": "success",
    "update_output": "[Issue4744\\demo.testenv\\demo.testenv.csproj]\nDiscovering projects...\r\nAnalyzing project(s)...\r\nAnalyzing dependencies...\r\n\u00C2\u00BB demo.testenv\r\n  [net10.0]\r\n  NUnit      4.1.99999 -\u003E 4.5.0-alpha.0.35\r\n  NUnitLite  4.1.99999 -\u003E 4.5.0-alpha.0.35\r\n\r\nVersion color legend:\r\n\u003Cred\u003E   : Major version update or pre-release version. Possible breaking changes.\r\n\u003Cyellow\u003E: Minor version update. Backwards-compatible features added.\r\n\u003Cgreen\u003E : Patch version update. Backwards-compatible bug fixes.\r\n\r\nUpgrading package NUnit...\r\nProject demo.testenv [net10.0] upgraded successfully\r\n\r\nUpgrading package NUnitLite...\r\nProject demo.testenv [net10.0] upgraded successfully\r\n\r\nElapsed: 00:00:11.6178849\r\n",
    "update_error": "",
    "restore_result": "success",
    "restore_output": "  Determining projects to restore...\r\n  Restored C:\\repos\\nunit\\nunit.issues\\Issue4744\\demo.testenv\\demo.testenv.csproj (in 330 ms).\r\n",
    "restore_error": "",
    "build_result": "fail",
    "build_output": "  Determining projects to restore...\r\n  All projects are up-to-date for restore.\r\nC:\\repos\\nunit\\nunit.issues\\Issue4744\\demo.testenv\\Demo.cs(20,17): error CS1061: \u0027TestExecutionContext\u0027 does not contain a definition for \u0027HookExtension\u0027 and no accessible extension method \u0027HookExtension\u0027 accepting a first argument of type \u0027TestExecutionContext\u0027 could be found (are you missing a using directive or an assembly reference?) [C:\\repos\\nunit\\nunit.issues\\Issue4744\\demo.testenv\\demo.testenv.csproj]\r\nC:\\repos\\nunit\\nunit.issues\\Issue4744\\demo.testenv\\Demo.cs(23,17): error CS1061: \u0027TestExecutionContext\u0027 does not contain a definition for \u0027HookExtension\u0027 and no accessible extension method \u0027HookExtension\u0027 accepting a first argument of type \u0027TestExecutionContext\u0027 could be found (are you missing a using directive or an assembly reference?) [C:\\repos\\nunit\\nunit.issues\\Issue4744\\demo.testenv\\demo.testenv.csproj]\r\nC:\\repos\\nunit\\nunit.issues\\Issue4744\\demo.testenv\\Demo.cs(26,17): error CS1061: \u0027TestExecutionContext\u0027 does not contain a definition for \u0027HookExtension\u0027 and no accessible extension method \u0027HookExtension\u0027 accepting a first argument of type \u0027TestExecutionContext\u0027 could be found (are you missing a using directive or an assembly reference?) [C:\\repos\\nunit\\nunit.issues\\Issue4744\\demo.testenv\\demo.testenv.csproj]\r\nC:\\repos\\nunit\\nunit.issues\\Issue4744\\demo.testenv\\Demo.cs(29,17): error CS1061: \u0027TestExecutionContext\u0027 does not contain a definition for \u0027HookExtension\u0027 and no accessible extension method \u0027HookExtension\u0027 accepting a first argument of type \u0027TestExecutionContext\u0027 could be found (are you missing a using directive or an assembly reference?) [C:\\repos\\nunit\\nunit.issues\\Issue4744\\demo.testenv\\demo.testenv.csproj]\r\n\r\nBuild FAILED.\r\n\r\nC:\\repos\\nunit\\nunit.issues\\Issue4744\\demo.testenv\\Demo.cs(20,17): error CS1061: \u0027TestExecutionContext\u0027 does not contain a definition for \u0027HookExtension\u0027 and no accessible extension method \u0027HookExtension\u0027 accepting a first argument of type \u0027TestExecutionContext\u0027 could be found (are you missing a using directive or an assembly reference?) [C:\\repos\\nunit\\nunit.issues\\Issue4744\\demo.testenv\\demo.testenv.csproj]\r\nC:\\repos\\nunit\\nunit.issues\\Issue4744\\demo.testenv\\Demo.cs(23,17): error CS1061: \u0027TestExecutionContext\u0027 does not contain a definition for \u0027HookExtension\u0027 and no accessible extension method \u0027HookExtension\u0027 accepting a first argument of type \u0027TestExecutionContext\u0027 could be found (are you missing a using directive or an assembly reference?) [C:\\repos\\nunit\\nunit.issues\\Issue4744\\demo.testenv\\demo.testenv.csproj]\r\nC:\\repos\\nunit\\nunit.issues\\Issue4744\\demo.testenv\\Demo.cs(26,17): error CS1061: \u0027TestExecutionContext\u0027 does not contain a definition for \u0027HookExtension\u0027 and no accessible extension method \u0027HookExtension\u0027 accepting a first argument of type \u0027TestExecutionContext\u0027 could be found (are you missing a using directive or an assembly reference?) [C:\\repos\\nunit\\nunit.issues\\Issue4744\\demo.testenv\\demo.testenv.csproj]\r\nC:\\repos\\nunit\\nunit.issues\\Issue4744\\demo.testenv\\Demo.cs(29,17): error CS1061: \u0027TestExecutionContext\u0027 does not contain a definition for \u0027HookExtension\u0027 and no accessible extension method \u0027HookExtension\u0027 accepting a first argument of type \u0027TestExecutionContext\u0027 could be found (are you missing a using directive or an assembly reference?) [C:\\repos\\nunit\\nunit.issues\\Issue4744\\demo.testenv\\demo.testenv.csproj]\r\n    0 Warning(s)\r\n    4 Error(s)\r\n\r\nTime Elapsed 00:00:02.60\r\n",
    "build_error": "",
    "test_result": "not run",
    "test_output": "=== Issue4744\\demo.testenv\\demo.testenv.csproj ===\n=== Restore ===\n  Determining projects to restore...\r\n  Restored C:\\repos\\nunit\\nunit.issues\\Issue4744\\demo.testenv\\demo.testenv.csproj (in 330 ms).\r\n\n=== Build ===\n  Determining projects to restore...\r\n  All projects are up-to-date for restore.\r\nC:\\repos\\nunit\\nunit.issues\\Issue4744\\demo.testenv\\Demo.cs(20,17): error CS1061: \u0027TestExecutionContext\u0027 does not contain a definition for \u0027HookExtension\u0027 and no accessible extension method \u0027HookExtension\u0027 accepting a first argument of type \u0027TestExecutionContext\u0027 could be found (are you missing a using directive or an assembly reference?) [C:\\repos\\nunit\\nunit.issues\\Issue4744\\demo.testenv\\demo.testenv.csproj]\r\nC:\\repos\\nunit\\nunit.issues\\Issue4744\\demo.testenv\\Demo.cs(23,17): error CS1061: \u0027TestExecutionContext\u0027 does not contain a definition for \u0027HookExtension\u0027 and no accessible extension method \u0027HookExtension\u0027 accepting a first argument of type \u0027TestExecutionContext\u0027 could be found (are you missing a using directive or an assembly reference?) [C:\\repos\\nunit\\nunit.issues\\Issue4744\\demo.testenv\\demo.testenv.csproj]\r\nC:\\repos\\nunit\\nunit.issues\\Issue4744\\demo.testenv\\Demo.cs(26,17): error CS1061: \u0027TestExecutionContext\u0027 does not contain a definition for \u0027HookExtension\u0027 and no accessible extension method \u0027HookExtension\u0027 accepting a first argument of type \u0027TestExecutionContext\u0027 could be found (are you missing a using directive or an assembly reference?) [C:\\repos\\nunit\\nunit.issues\\Issue4744\\demo.testenv\\demo.testenv.csproj]\r\nC:\\repos\\nunit\\nunit.issues\\Issue4744\\demo.testenv\\Demo.cs(29,17): error CS1061: \u0027TestExecutionContext\u0027 does not contain a definition for \u0027HookExtension\u0027 and no accessible extension method \u0027HookExtension\u0027 accepting a first argument of type \u0027TestExecutionContext\u0027 could be found (are you missing a using directive or an assembly reference?) [C:\\repos\\nunit\\nunit.issues\\Issue4744\\demo.testenv\\demo.testenv.csproj]\r\n\r\nBuild FAILED.\r\n\r\nC:\\repos\\nunit\\nunit.issues\\Issue4744\\demo.testenv\\Demo.cs(20,17): error CS1061: \u0027TestExecutionContext\u0027 does not contain a definition for \u0027HookExtension\u0027 and no accessible extension method \u0027HookExtension\u0027 accepting a first argument of type \u0027TestExecutionContext\u0027 could be found (are you missing a using directive or an assembly reference?) [C:\\repos\\nunit\\nunit.issues\\Issue4744\\demo.testenv\\demo.testenv.csproj]\r\nC:\\repos\\nunit\\nunit.issues\\Issue4744\\demo.testenv\\Demo.cs(23,17): error CS1061: \u0027TestExecutionContext\u0027 does not contain a definition for \u0027HookExtension\u0027 and no accessible extension method \u0027HookExtension\u0027 accepting a first argument of type \u0027TestExecutionContext\u0027 could be found (are you missing a using directive or an assembly reference?) [C:\\repos\\nunit\\nunit.issues\\Issue4744\\demo.testenv\\demo.testenv.csproj]\r\nC:\\repos\\nunit\\nunit.issues\\Issue4744\\demo.testenv\\Demo.cs(26,17): error CS1061: \u0027TestExecutionContext\u0027 does not contain a definition for \u0027HookExtension\u0027 and no accessible extension method \u0027HookExtension\u0027 accepting a first argument of type \u0027TestExecutionContext\u0027 could be found (are you missing a using directive or an assembly reference?) [C:\\repos\\nunit\\nunit.issues\\Issue4744\\demo.testenv\\demo.testenv.csproj]\r\nC:\\repos\\nunit\\nunit.issues\\Issue4744\\demo.testenv\\Demo.cs(29,17): error CS1061: \u0027TestExecutionContext\u0027 does not contain a definition for \u0027HookExtension\u0027 and no accessible extension method \u0027HookExtension\u0027 accepting a first argument of type \u0027TestExecutionContext\u0027 could be found (are you missing a using directive or an assembly reference?) [C:\\repos\\nunit\\nunit.issues\\Issue4744\\demo.testenv\\demo.testenv.csproj]\r\n    0 Warning(s)\r\n    4 Error(s)\r\n\r\nTime Elapsed 00:00:02.60\r\n",
    "test_error": "",
    "test_conclusion": "Failure: Build failed",
    "runner_scripts": null,
    "runsettings": null,
    "feed": "Alpha",
    "runner_expectations": null,
    "last_run": "2026-01-23T19:14:16Z"
  },
  {
    "number": 4775,
    "project_path": "Issue4775.csproj",
    "project_style": "SDK-style",
    "target_frameworks": [
      "net10.0"
    ],
    "packages": [],
    "update_result": "not run",
    "update_output": null,
    "update_error": null,
    "restore_result": "not run",
    "restore_output": null,
    "restore_error": null,
    "build_result": "not run",
    "build_output": null,
    "build_error": null,
    "test_result": "not synced",
    "test_output": null,
    "test_error": null,
    "test_conclusion": null,
    "runner_scripts": null,
    "runsettings": null,
    "feed": "Alpha",
    "runner_expectations": null,
    "last_run": "2026-01-23T19:14:16Z"
  },
  {
    "number": 4785,
    "project_path": "take1\\tstests\\tstests.csproj",
    "project_style": "SDK-style",
    "target_frameworks": [
      "net10.0"
    ],
    "packages": [],
    "update_result": "not run",
    "update_output": null,
    "update_error": null,
    "restore_result": "not run",
    "restore_output": null,
    "restore_error": null,
    "build_result": "not run",
    "build_output": null,
    "build_error": null,
    "test_result": "not synced",
    "test_output": null,
    "test_error": null,
    "test_conclusion": null,
    "runner_scripts": null,
    "runsettings": null,
    "feed": "Alpha",
    "runner_expectations": null,
    "last_run": "2026-01-23T19:14:16Z"
  },
  {
    "number": 4791,
    "project_path": "Scopes\\Scopes.csproj",
    "project_style": "SDK-style",
    "target_frameworks": [
      "net10.0"
    ],
    "packages": [],
    "update_result": "not run",
    "update_output": null,
    "update_error": null,
    "restore_result": "not run",
    "restore_output": null,
    "restore_error": null,
    "build_result": "not run",
    "build_output": null,
    "build_error": null,
    "test_result": "not synced",
    "test_output": null,
    "test_error": null,
    "test_conclusion": null,
    "runner_scripts": null,
    "runsettings": null,
    "feed": "Alpha",
    "runner_expectations": null,
    "last_run": "2026-01-23T19:14:16Z"
  },
  {
    "number": 4794,
    "project_path": "Issue4794.csproj",
    "project_style": "SDK-style",
    "target_frameworks": [
      "net48",
      "net10.0"
    ],
    "packages": [],
    "update_result": "not run",
    "update_output": null,
    "update_error": null,
    "restore_result": "not run",
    "restore_output": null,
    "restore_error": null,
    "build_result": "not run",
    "build_output": null,
    "build_error": null,
    "test_result": "not synced",
    "test_output": null,
    "test_error": null,
    "test_conclusion": null,
    "runner_scripts": null,
    "runsettings": null,
    "feed": "Alpha",
    "runner_expectations": null,
    "last_run": "2026-01-23T19:14:16Z"
  },
  {
    "number": 4802,
    "project_path": "Issue4802.csproj",
    "project_style": "SDK-style",
    "target_frameworks": [
      "net10.0"
    ],
    "packages": [],
    "update_result": "not run",
    "update_output": null,
    "update_error": null,
    "restore_result": "not run",
    "restore_output": null,
    "restore_error": null,
    "build_result": "not run",
    "build_output": null,
    "build_error": null,
    "test_result": "not synced",
    "test_output": null,
    "test_error": null,
    "test_conclusion": null,
    "runner_scripts": null,
    "runsettings": null,
    "feed": "Alpha",
    "runner_expectations": null,
    "last_run": "2026-01-23T19:14:16Z"
  },
  {
    "number": 4833,
    "project_path": "Issue4833.csproj",
    "project_style": "SDK-style",
    "target_frameworks": [
      "net10.0"
    ],
    "packages": [],
    "update_result": "not run",
    "update_output": null,
    "update_error": null,
    "restore_result": "not run",
    "restore_output": null,
    "restore_error": null,
    "build_result": "not run",
    "build_output": null,
    "build_error": null,
    "test_result": "not synced",
    "test_output": null,
    "test_error": null,
    "test_conclusion": null,
    "runner_scripts": null,
    "runsettings": null,
    "feed": "Alpha",
    "runner_expectations": null,
    "last_run": "2026-01-23T19:14:16Z"
  },
  {
    "number": 4860,
    "project_path": "dotnet-nunit-asp-console-writeline.csproj",
    "project_style": "SDK-style",
    "target_frameworks": [
      "net10.0"
    ],
    "packages": [],
    "update_result": "not run",
    "update_output": null,
    "update_error": null,
    "restore_result": "not run",
    "restore_output": null,
    "restore_error": null,
    "build_result": "not run",
    "build_output": null,
    "build_error": null,
    "test_result": "not synced",
    "test_output": null,
    "test_error": null,
    "test_conclusion": null,
    "runner_scripts": null,
    "runsettings": null,
    "feed": "Alpha",
    "runner_expectations": null,
    "last_run": "2026-01-23T19:14:16Z"
  },
  {
    "number": 4880,
    "project_path": "Issue4880.csproj",
    "project_style": "SDK-style",
    "target_frameworks": [
      "net10.0"
    ],
    "packages": [],
    "update_result": "not run",
    "update_output": null,
    "update_error": null,
    "restore_result": "not run",
    "restore_output": null,
    "restore_error": null,
    "build_result": "not run",
    "build_output": null,
    "build_error": null,
    "test_result": "not synced",
    "test_output": null,
    "test_error": null,
    "test_conclusion": null,
    "runner_scripts": null,
    "runsettings": null,
    "feed": "Alpha",
    "runner_expectations": null,
    "last_run": "2026-01-23T19:14:16Z"
  },
  {
    "number": 4887,
    "project_path": "Issue4887.csproj",
    "project_style": "SDK-style",
    "target_frameworks": [
      "net472"
    ],
    "packages": [],
    "update_result": "not run",
    "update_output": null,
    "update_error": null,
    "restore_result": "not run",
    "restore_output": null,
    "restore_error": null,
    "build_result": "not run",
    "build_output": null,
    "build_error": null,
    "test_result": "not synced",
    "test_output": null,
    "test_error": null,
    "test_conclusion": null,
    "runner_scripts": null,
    "runsettings": null,
    "feed": "Alpha",
    "runner_expectations": null,
    "last_run": "2026-01-23T19:14:16Z"
  },
  {
    "number": 4898,
    "project_path": "checkredisnull\\checkredisnull.csproj",
    "project_style": "SDK-style",
    "target_frameworks": [
      "net10.0"
    ],
    "packages": [
      "coverlet.collector=6.0.2",
      "Microsoft.NET.Test.Sdk=17.11.1",
      "NUnit.Analyzers=4.3.0",
      "NUnit3TestAdapter=4.6.0",
      "Microsoft.Extensions.Primitives=8.0.0",
      "StackExchange.Redis=2.8.22",
      "MongoDB.Bson=3.1.0"
    ],
    "update_result": "fail",
    "update_output": "[Issue4898\\checkredisnull\\checkredisnull.csproj]\nDiscovering projects...\r\nAnalyzing project(s)...\r\n",
    "update_error": "[Issue4898\\checkredisnull\\checkredisnull.csproj]\nUnable to process the project \u0060C:\\repos\\nunit\\nunit.issues\\Issue4898\\checkredisnull\\checkredisnull.csproj. Are you sure this is a valid .NET Core or .NET Standard project type?\r\n\r\nHere is the full error message returned from the Microsoft Build Engine:\r\n\r\nMSBuild version 18.0.7\u002B445250245 for .NET\r\n  Determining projects to restore...\r\nC:\\repos\\nunit\\nunit\\src\\NUnitFramework\\framework\\nunit.framework.csproj : error NU1109: Detected package downgrade: System.Runtime.CompilerServices.Unsafe from 6.1.2 to centrally defined 6.1.0. Update the centrally managed package version to a higher version.  [C:\\repos\\nunit\\nunit.issues\\Issue4898\\checkredisnull\\checkredisnull.csproj]\r\nC:\\repos\\nunit\\nunit\\src\\NUnitFramework\\framework\\nunit.framework.csproj : error NU1109:  nunit.framework -\u003E System.Threading.Tasks.Extensions 4.6.3 -\u003E System.Runtime.CompilerServices.Unsafe (\u003E= 6.1.2)  [C:\\repos\\nunit\\nunit.issues\\Issue4898\\checkredisnull\\checkredisnull.csproj]\r\nC:\\repos\\nunit\\nunit\\src\\NUnitFramework\\framework\\nunit.framework.csproj : error NU1109:  nunit.framework -\u003E System.Runtime.CompilerServices.Unsafe (\u003E= 6.1.0) [C:\\repos\\nunit\\nunit.issues\\Issue4898\\checkredisnull\\checkredisnull.csproj]\r\n  Restored C:\\repos\\nunit\\nunit.issues\\Issue4898\\checkredisnull\\checkredisnull.csproj (in 612 ms).\r\n  Failed to restore C:\\repos\\nunit\\nunit\\src\\NUnitFramework\\framework\\nunit.framework.csproj (in 623 ms).\r\n -  - exit code: 1\r\n",
    "restore_result": "fail",
    "restore_output": "  Determining projects to restore...\r\nC:\\repos\\nunit\\nunit\\src\\NUnitFramework\\framework\\nunit.framework.csproj : error NU1109: Detected package downgrade: System.Runtime.CompilerServices.Unsafe from 6.1.2 to centrally defined 6.1.0. Update the centrally managed package version to a higher version.  [C:\\repos\\nunit\\nunit.issues\\Issue4898\\checkredisnull\\checkredisnull.csproj]\r\nC:\\repos\\nunit\\nunit\\src\\NUnitFramework\\framework\\nunit.framework.csproj : error NU1109:  nunit.framework -\u003E System.Threading.Tasks.Extensions 4.6.3 -\u003E System.Runtime.CompilerServices.Unsafe (\u003E= 6.1.2)  [C:\\repos\\nunit\\nunit.issues\\Issue4898\\checkredisnull\\checkredisnull.csproj]\r\nC:\\repos\\nunit\\nunit\\src\\NUnitFramework\\framework\\nunit.framework.csproj : error NU1109:  nunit.framework -\u003E System.Runtime.CompilerServices.Unsafe (\u003E= 6.1.0) [C:\\repos\\nunit\\nunit.issues\\Issue4898\\checkredisnull\\checkredisnull.csproj]\r\n  Restored C:\\repos\\nunit\\nunit.issues\\Issue4898\\checkredisnull\\checkredisnull.csproj (in 425 ms).\r\n  Failed to restore C:\\repos\\nunit\\nunit\\src\\NUnitFramework\\framework\\nunit.framework.csproj (in 430 ms).\r\n",
    "restore_error": "",
    "build_result": "not run",
    "build_output": "",
    "build_error": "",
    "test_result": "not run",
    "test_output": "=== Issue4898\\checkredisnull\\checkredisnull.csproj ===\n=== Restore ===\n  Determining projects to restore...\r\nC:\\repos\\nunit\\nunit\\src\\NUnitFramework\\framework\\nunit.framework.csproj : error NU1109: Detected package downgrade: System.Runtime.CompilerServices.Unsafe from 6.1.2 to centrally defined 6.1.0. Update the centrally managed package version to a higher version.  [C:\\repos\\nunit\\nunit.issues\\Issue4898\\checkredisnull\\checkredisnull.csproj]\r\nC:\\repos\\nunit\\nunit\\src\\NUnitFramework\\framework\\nunit.framework.csproj : error NU1109:  nunit.framework -\u003E System.Threading.Tasks.Extensions 4.6.3 -\u003E System.Runtime.CompilerServices.Unsafe (\u003E= 6.1.2)  [C:\\repos\\nunit\\nunit.issues\\Issue4898\\checkredisnull\\checkredisnull.csproj]\r\nC:\\repos\\nunit\\nunit\\src\\NUnitFramework\\framework\\nunit.framework.csproj : error NU1109:  nunit.framework -\u003E System.Runtime.CompilerServices.Unsafe (\u003E= 6.1.0) [C:\\repos\\nunit\\nunit.issues\\Issue4898\\checkredisnull\\checkredisnull.csproj]\r\n  Restored C:\\repos\\nunit\\nunit.issues\\Issue4898\\checkredisnull\\checkredisnull.csproj (in 425 ms).\r\n  Failed to restore C:\\repos\\nunit\\nunit\\src\\NUnitFramework\\framework\\nunit.framework.csproj (in 430 ms).\r\n",
    "test_error": "",
    "test_conclusion": "Failure: Restore failed",
    "runner_scripts": null,
    "runsettings": null,
    "feed": "Alpha",
    "runner_expectations": null,
    "last_run": "2026-01-23T19:14:16Z"
  },
  {
    "number": 4900,
    "project_path": "CancellationTokenFromTestCaseSource.csproj",
    "project_style": "SDK-style",
    "target_frameworks": [
      "net10.0"
    ],
    "packages": [],
    "update_result": "not run",
    "update_output": null,
    "update_error": null,
    "restore_result": "not run",
    "restore_output": null,
    "restore_error": null,
    "build_result": "not run",
    "build_output": null,
    "build_error": null,
    "test_result": "not synced",
    "test_output": null,
    "test_error": null,
    "test_conclusion": null,
    "runner_scripts": null,
    "runsettings": null,
    "feed": "Alpha",
    "runner_expectations": null,
    "last_run": "2026-01-23T19:14:16Z"
  },
  {
    "number": 4901,
    "project_path": "Issue4901.csproj",
    "project_style": "SDK-style",
    "target_frameworks": [
      "net10.0"
    ],
    "packages": [],
    "update_result": "not run",
    "update_output": null,
    "update_error": null,
    "restore_result": "not run",
    "restore_output": null,
    "restore_error": null,
    "build_result": "not run",
    "build_output": null,
    "build_error": null,
    "test_result": "not synced",
    "test_output": null,
    "test_error": null,
    "test_conclusion": null,
    "runner_scripts": null,
    "runsettings": null,
    "feed": "Alpha",
    "runner_expectations": null,
    "last_run": "2026-01-23T19:14:16Z"
  },
  {
    "number": 4906,
    "project_path": "otsu.csproj",
    "project_style": "SDK-style",
    "target_frameworks": [
      "net10.0"
    ],
    "packages": [],
    "update_result": "not run",
    "update_output": null,
    "update_error": null,
    "restore_result": "not run",
    "restore_output": null,
    "restore_error": null,
    "build_result": "not run",
    "build_output": null,
    "build_error": null,
    "test_result": "not synced",
    "test_output": null,
    "test_error": null,
    "test_conclusion": null,
    "runner_scripts": null,
    "runsettings": null,
    "feed": "Alpha",
    "runner_expectations": null,
    "last_run": "2026-01-23T19:14:16Z"
  },
  {
    "number": 4907,
    "project_path": "Issue4907.csproj",
    "project_style": "SDK-style",
    "target_frameworks": [
      "net10.0"
    ],
    "packages": [],
    "update_result": "not run",
    "update_output": null,
    "update_error": null,
    "restore_result": "not run",
    "restore_output": null,
    "restore_error": null,
    "build_result": "not run",
    "build_output": null,
    "build_error": null,
    "test_result": "not synced",
    "test_output": null,
    "test_error": null,
    "test_conclusion": null,
    "runner_scripts": null,
    "runsettings": null,
    "feed": "Alpha",
    "runner_expectations": null,
    "last_run": "2026-01-23T19:14:16Z"
  },
  {
    "number": 4960,
    "project_path": "Issue4960.csproj",
    "project_style": "SDK-style",
    "target_frameworks": [
      "net10.0"
    ],
    "packages": [],
    "update_result": "not run",
    "update_output": null,
    "update_error": null,
    "restore_result": "not run",
    "restore_output": null,
    "restore_error": null,
    "build_result": "not run",
    "build_output": null,
    "build_error": null,
    "test_result": "not synced",
    "test_output": null,
    "test_error": null,
    "test_conclusion": null,
    "runner_scripts": null,
    "runsettings": null,
    "feed": "Alpha",
    "runner_expectations": null,
    "last_run": "2026-01-23T19:14:16Z"
  },
  {
    "number": 4962,
    "project_path": "Issue4962.csproj",
    "project_style": "SDK-style",
    "target_frameworks": [
      "net10.0"
    ],
    "packages": [],
    "update_result": "not run",
    "update_output": null,
    "update_error": null,
    "restore_result": "not run",
    "restore_output": null,
    "restore_error": null,
    "build_result": "not run",
    "build_output": null,
    "build_error": null,
    "test_result": "not synced",
    "test_output": null,
    "test_error": null,
    "test_conclusion": null,
    "runner_scripts": null,
    "runsettings": null,
    "feed": "Alpha",
    "runner_expectations": null,
    "last_run": "2026-01-23T19:14:16Z"
  },
  {
    "number": 4964,
    "project_path": "Issue4964.csproj",
    "project_style": "SDK-style",
    "target_frameworks": [
      "net10.0"
    ],
    "packages": [],
    "update_result": "not run",
    "update_output": null,
    "update_error": null,
    "restore_result": "not run",
    "restore_output": null,
    "restore_error": null,
    "build_result": "not run",
    "build_output": null,
    "build_error": null,
    "test_result": "not synced",
    "test_output": null,
    "test_error": null,
    "test_conclusion": null,
    "runner_scripts": null,
    "runsettings": null,
    "feed": "Alpha",
    "runner_expectations": null,
    "last_run": "2026-01-23T19:14:16Z"
  },
  {
    "number": 4968,
    "project_path": "Issue4968.csproj",
    "project_style": "SDK-style",
    "target_frameworks": [
      "net10.0"
    ],
    "packages": [],
    "update_result": "not run",
    "update_output": null,
    "update_error": null,
    "restore_result": "not run",
    "restore_output": null,
    "restore_error": null,
    "build_result": "not run",
    "build_output": null,
    "build_error": null,
    "test_result": "not synced",
    "test_output": null,
    "test_error": null,
    "test_conclusion": null,
    "runner_scripts": null,
    "runsettings": null,
    "feed": "Alpha",
    "runner_expectations": null,
    "last_run": "2026-01-23T19:14:16Z"
  },
  {
    "number": 5011,
    "project_path": "currentversion\\currentversion.csproj",
    "project_style": "SDK-style",
    "target_frameworks": [
      "net10.0"
    ],
    "packages": [],
    "update_result": "not run",
    "update_output": null,
    "update_error": null,
    "restore_result": "not run",
    "restore_output": null,
    "restore_error": null,
    "build_result": "not run",
    "build_output": null,
    "build_error": null,
    "test_result": "not synced",
    "test_output": null,
    "test_error": null,
    "test_conclusion": null,
    "runner_scripts": null,
    "runsettings": null,
    "feed": "Alpha",
    "runner_expectations": null,
    "last_run": "2026-01-23T19:14:16Z"
  },
  {
    "number": 5030,
    "project_path": "MyTestWebApi.Tests\\MyTestWebApi.Tests.csproj",
    "project_style": "SDK-style",
    "target_frameworks": [
      "net10.0"
    ],
    "packages": [],
    "update_result": "not run",
    "update_output": null,
    "update_error": null,
    "restore_result": "not run",
    "restore_output": null,
    "restore_error": null,
    "build_result": "not run",
    "build_output": null,
    "build_error": null,
    "test_result": "not synced",
    "test_output": null,
    "test_error": null,
    "test_conclusion": null,
    "runner_scripts": null,
    "runsettings": null,
    "feed": "Alpha",
    "runner_expectations": null,
    "last_run": "2026-01-23T19:14:16Z"
  },
  {
    "number": 5031,
    "project_path": "Issue5031.csproj",
    "project_style": "SDK-style",
    "target_frameworks": [
      "net10.0"
    ],
    "packages": [
      "coverlet.collector=6.0.4",
      "Microsoft.NET.Test.Sdk=17.14.1",
      "NUnit.Analyzers=4.10.0",
      "NUnit3TestAdapter=5.1.0"
    ],
    "update_result": "fail",
    "update_output": "[Issue5031\\Issue5031.csproj]\nDiscovering projects...\r\nAnalyzing project(s)...\r\n",
    "update_error": "[Issue5031\\Issue5031.csproj]\nUnable to process the project \u0060C:\\repos\\nunit\\nunit.issues\\Issue5031\\Issue5031.sln. Are you sure this is a valid .NET Core or .NET Standard project type?\r\n\r\nHere is the full error message returned from the Microsoft Build Engine:\r\n\r\nMSBuild version 18.0.7\u002B445250245 for .NET\r\n  Determining projects to restore...\r\nC:\\repos\\nunit\\nunit\\src\\NUnitFramework\\framework\\nunit.framework.csproj : error NU1109: Detected package downgrade: System.Runtime.CompilerServices.Unsafe from 6.1.2 to centrally defined 6.1.0. Update the centrally managed package version to a higher version.  [C:\\repos\\nunit\\nunit.issues\\Issue5031\\Issue5031.sln]\r\nC:\\repos\\nunit\\nunit\\src\\NUnitFramework\\framework\\nunit.framework.csproj : error NU1109:  nunit.framework -\u003E System.Threading.Tasks.Extensions 4.6.3 -\u003E System.Runtime.CompilerServices.Unsafe (\u003E= 6.1.2)  [C:\\repos\\nunit\\nunit.issues\\Issue5031\\Issue5031.sln]\r\nC:\\repos\\nunit\\nunit\\src\\NUnitFramework\\framework\\nunit.framework.csproj : error NU1109:  nunit.framework -\u003E System.Runtime.CompilerServices.Unsafe (\u003E= 6.1.0) [C:\\repos\\nunit\\nunit.issues\\Issue5031\\Issue5031.sln]\r\n  Restored C:\\repos\\nunit\\nunit.issues\\Issue5031\\Issue5031.csproj (in 554 ms).\r\n  Failed to restore C:\\repos\\nunit\\nunit\\src\\NUnitFramework\\framework\\nunit.framework.csproj (in 554 ms).\r\n -  - exit code: 1\r\n",
    "restore_result": "fail",
    "restore_output": "  Determining projects to restore...\r\nC:\\repos\\nunit\\nunit\\src\\NUnitFramework\\framework\\nunit.framework.csproj : error NU1109: Detected package downgrade: System.Runtime.CompilerServices.Unsafe from 6.1.2 to centrally defined 6.1.0. Update the centrally managed package version to a higher version.  [C:\\repos\\nunit\\nunit.issues\\Issue5031\\Issue5031.sln]\r\nC:\\repos\\nunit\\nunit\\src\\NUnitFramework\\framework\\nunit.framework.csproj : error NU1109:  nunit.framework -\u003E System.Threading.Tasks.Extensions 4.6.3 -\u003E System.Runtime.CompilerServices.Unsafe (\u003E= 6.1.2)  [C:\\repos\\nunit\\nunit.issues\\Issue5031\\Issue5031.sln]\r\nC:\\repos\\nunit\\nunit\\src\\NUnitFramework\\framework\\nunit.framework.csproj : error NU1109:  nunit.framework -\u003E System.Runtime.CompilerServices.Unsafe (\u003E= 6.1.0) [C:\\repos\\nunit\\nunit.issues\\Issue5031\\Issue5031.sln]\r\n  Restored C:\\repos\\nunit\\nunit.issues\\Issue5031\\Issue5031.csproj (in 437 ms).\r\n  Failed to restore C:\\repos\\nunit\\nunit\\src\\NUnitFramework\\framework\\nunit.framework.csproj (in 440 ms).\r\n",
    "restore_error": "",
    "build_result": "not run",
    "build_output": "",
    "build_error": "",
    "test_result": "not run",
    "test_output": "=== Issue5031\\Issue5031.csproj ===\n=== Restore ===\n  Determining projects to restore...\r\nC:\\repos\\nunit\\nunit\\src\\NUnitFramework\\framework\\nunit.framework.csproj : error NU1109: Detected package downgrade: System.Runtime.CompilerServices.Unsafe from 6.1.2 to centrally defined 6.1.0. Update the centrally managed package version to a higher version.  [C:\\repos\\nunit\\nunit.issues\\Issue5031\\Issue5031.sln]\r\nC:\\repos\\nunit\\nunit\\src\\NUnitFramework\\framework\\nunit.framework.csproj : error NU1109:  nunit.framework -\u003E System.Threading.Tasks.Extensions 4.6.3 -\u003E System.Runtime.CompilerServices.Unsafe (\u003E= 6.1.2)  [C:\\repos\\nunit\\nunit.issues\\Issue5031\\Issue5031.sln]\r\nC:\\repos\\nunit\\nunit\\src\\NUnitFramework\\framework\\nunit.framework.csproj : error NU1109:  nunit.framework -\u003E System.Runtime.CompilerServices.Unsafe (\u003E= 6.1.0) [C:\\repos\\nunit\\nunit.issues\\Issue5031\\Issue5031.sln]\r\n  Restored C:\\repos\\nunit\\nunit.issues\\Issue5031\\Issue5031.csproj (in 437 ms).\r\n  Failed to restore C:\\repos\\nunit\\nunit\\src\\NUnitFramework\\framework\\nunit.framework.csproj (in 440 ms).\r\n",
    "test_error": "",
    "test_conclusion": "Failure: Restore failed",
    "runner_scripts": null,
    "runsettings": "C:/repos/nunit/nunit.issues\\Issue5031\\.runsettings",
    "feed": "Alpha",
    "runner_expectations": null,
    "last_run": "2026-01-23T19:14:16Z"
  },
  {
    "number": 5033,
    "project_path": "Issue5033.csproj",
    "project_style": "SDK-style",
    "target_frameworks": [
      "net10.0"
    ],
    "packages": [],
    "update_result": "not run",
    "update_output": null,
    "update_error": null,
    "restore_result": "not run",
    "restore_output": null,
    "restore_error": null,
    "build_result": "not run",
    "build_output": null,
    "build_error": null,
    "test_result": "not synced",
    "test_output": null,
    "test_error": null,
    "test_conclusion": null,
    "runner_scripts": null,
    "runsettings": null,
    "feed": "Alpha",
    "runner_expectations": null,
    "last_run": "2026-01-23T19:14:16Z"
  },
  {
    "number": 5035,
    "project_path": "testing\\testing.csproj",
    "project_style": "SDK-style",
    "target_frameworks": [
      "net10.0"
    ],
    "packages": [],
    "update_result": "not run",
    "update_output": null,
    "update_error": null,
    "restore_result": "not run",
    "restore_output": null,
    "restore_error": null,
    "build_result": "not run",
    "build_output": null,
    "build_error": null,
    "test_result": "not synced",
    "test_output": null,
    "test_error": null,
    "test_conclusion": null,
    "runner_scripts": null,
    "runsettings": null,
    "feed": "Alpha",
    "runner_expectations": null,
    "last_run": "2026-01-23T19:14:16Z"
  },
  {
    "number": 5096,
    "project_path": "Issue5096.csproj",
    "project_style": "SDK-style",
    "target_frameworks": [
      "net10.0"
    ],
    "packages": [
      "Microsoft.NET.Test.Sdk=18.0.1",
      "NUnit.Analyzers=4.11.2",
      "NUnit3TestAdapter=6.0.1"
    ],
    "update_result": "fail",
    "update_output": "[Issue5096\\Issue5096.csproj]\nDiscovering projects...\r\nAnalyzing project(s)...\r\n",
    "update_error": "[Issue5096\\Issue5096.csproj]\nUnable to process the project \u0060C:\\repos\\nunit\\nunit.issues\\Issue5096\\Issue5096.sln. Are you sure this is a valid .NET Core or .NET Standard project type?\r\n\r\nHere is the full error message returned from the Microsoft Build Engine:\r\n\r\nMSBuild version 18.0.7\u002B445250245 for .NET\r\n  Determining projects to restore...\r\nC:\\repos\\nunit\\nunit\\src\\NUnitFramework\\framework\\nunit.framework.csproj : error NU1109: Detected package downgrade: System.Runtime.CompilerServices.Unsafe from 6.1.2 to centrally defined 6.1.0. Update the centrally managed package version to a higher version.  [C:\\repos\\nunit\\nunit.issues\\Issue5096\\Issue5096.sln]\r\nC:\\repos\\nunit\\nunit\\src\\NUnitFramework\\framework\\nunit.framework.csproj : error NU1109:  nunit.framework -\u003E System.Threading.Tasks.Extensions 4.6.3 -\u003E System.Runtime.CompilerServices.Unsafe (\u003E= 6.1.2)  [C:\\repos\\nunit\\nunit.issues\\Issue5096\\Issue5096.sln]\r\nC:\\repos\\nunit\\nunit\\src\\NUnitFramework\\framework\\nunit.framework.csproj : error NU1109:  nunit.framework -\u003E System.Runtime.CompilerServices.Unsafe (\u003E= 6.1.0) [C:\\repos\\nunit\\nunit.issues\\Issue5096\\Issue5096.sln]\r\n  Restored C:\\repos\\nunit\\nunit.issues\\Issue5096\\Issue5096.csproj (in 538 ms).\r\n  Failed to restore C:\\repos\\nunit\\nunit\\src\\NUnitFramework\\framework\\nunit.framework.csproj (in 550 ms).\r\n -  - exit code: 1\r\n",
    "restore_result": "fail",
    "restore_output": "  Determining projects to restore...\r\nC:\\repos\\nunit\\nunit\\src\\NUnitFramework\\framework\\nunit.framework.csproj : error NU1109: Detected package downgrade: System.Runtime.CompilerServices.Unsafe from 6.1.2 to centrally defined 6.1.0. Update the centrally managed package version to a higher version.  [C:\\repos\\nunit\\nunit.issues\\Issue5096\\Issue5096.sln]\r\nC:\\repos\\nunit\\nunit\\src\\NUnitFramework\\framework\\nunit.framework.csproj : error NU1109:  nunit.framework -\u003E System.Threading.Tasks.Extensions 4.6.3 -\u003E System.Runtime.CompilerServices.Unsafe (\u003E= 6.1.2)  [C:\\repos\\nunit\\nunit.issues\\Issue5096\\Issue5096.sln]\r\nC:\\repos\\nunit\\nunit\\src\\NUnitFramework\\framework\\nunit.framework.csproj : error NU1109:  nunit.framework -\u003E System.Runtime.CompilerServices.Unsafe (\u003E= 6.1.0) [C:\\repos\\nunit\\nunit.issues\\Issue5096\\Issue5096.sln]\r\n  Restored C:\\repos\\nunit\\nunit.issues\\Issue5096\\Issue5096.csproj (in 480 ms).\r\n  Failed to restore C:\\repos\\nunit\\nunit\\src\\NUnitFramework\\framework\\nunit.framework.csproj (in 483 ms).\r\n",
    "restore_error": "",
    "build_result": "not run",
    "build_output": "",
    "build_error": "",
    "test_result": "not run",
    "test_output": "=== Issue5096\\Issue5096.csproj ===\n=== Restore ===\n  Determining projects to restore...\r\nC:\\repos\\nunit\\nunit\\src\\NUnitFramework\\framework\\nunit.framework.csproj : error NU1109: Detected package downgrade: System.Runtime.CompilerServices.Unsafe from 6.1.2 to centrally defined 6.1.0. Update the centrally managed package version to a higher version.  [C:\\repos\\nunit\\nunit.issues\\Issue5096\\Issue5096.sln]\r\nC:\\repos\\nunit\\nunit\\src\\NUnitFramework\\framework\\nunit.framework.csproj : error NU1109:  nunit.framework -\u003E System.Threading.Tasks.Extensions 4.6.3 -\u003E System.Runtime.CompilerServices.Unsafe (\u003E= 6.1.2)  [C:\\repos\\nunit\\nunit.issues\\Issue5096\\Issue5096.sln]\r\nC:\\repos\\nunit\\nunit\\src\\NUnitFramework\\framework\\nunit.framework.csproj : error NU1109:  nunit.framework -\u003E System.Runtime.CompilerServices.Unsafe (\u003E= 6.1.0) [C:\\repos\\nunit\\nunit.issues\\Issue5096\\Issue5096.sln]\r\n  Restored C:\\repos\\nunit\\nunit.issues\\Issue5096\\Issue5096.csproj (in 480 ms).\r\n  Failed to restore C:\\repos\\nunit\\nunit\\src\\NUnitFramework\\framework\\nunit.framework.csproj (in 483 ms).\r\n",
    "test_error": "",
    "test_conclusion": "Failure: Restore failed",
    "runner_scripts": null,
    "runsettings": null,
    "feed": "Alpha",
    "runner_expectations": null,
    "last_run": "2026-01-23T19:14:16Z"
  }
]